(98, 98) 1
(94, 98) 0
(94, 94) 0
(99, 95) 1
(97, 95) 0
(97, 93) 1
(99, 93) 1
(98, 94) 3
(96, 96) 4
(92, 99) 0
(90, 99) 0
(90, 97) 1
(92, 97) 1
(91, 98) 2
(88, 98) 1
(89, 95) 1
(87, 95) 0
(87, 93) 0
(89, 93) 1
(88, 94) 2
(91, 94) 0
(90, 96) 5
(91, 91) 1
(89, 92) 0
(87, 92) 0
(87, 90) 0
(89, 90) 1
(88, 90) 1
(88, 90) 0
(89, 90) 0
(89, 90) 2
(88, 91) 2
(88, 88) 1
(91, 88) 0
(90, 90) 4
(98, 91) 0
(94, 91) 1
(94, 88) 0
(99, 89) 0
(98, 89) 0
(98, 88) 1
(99, 88) 1
(99, 89) 2
(97, 89) 0
(97, 87) 0
(99, 87) 0
(98, 88) 2
(96, 90) 3
(93, 93) 16
(85, 98) 0
(83, 99) 0
(81, 99) 0
(81, 97) 0
(83, 97) 0
(82, 97) 1
(82, 96) 1
(83, 96) 0
(83, 97) 2
(82, 98) 2
(82, 94) 0
(85, 94) 1
(84, 96) 3
(79, 98) 1
(76, 98) 1
(77, 95) 1
(75, 95) 0
(75, 93) 1
(77, 93) 1
(76, 94) 3
(80, 95) 0
(78, 95) 1
(78, 93) 1
(80, 93) 1
(79, 93) 1
(79, 93) 0
(80, 93) 0
(80, 93) 2
(79, 94) 4
(78, 96) 9
(79, 91) 1
(76, 91) 0
(76, 88) 1
(79, 88) 1
(78, 90) 3
(84, 90) 1
(81, 93) 16
(86, 86) 1
(85, 86) 0
(85, 85) 0
(86, 85) 1
(86, 86) 2
(84, 86) 1
(84, 84) 0
(86, 84) 0
(85, 85) 3
(83, 86) 0
(81, 86) 1
(81, 84) 0
(83, 84) 1
(82, 85) 2
(83, 83) 1
(81, 83) 1
(81, 81) 0
(83, 81) 0
(82, 82) 2
(85, 82) 1
(84, 84) 8
(79, 85) 1
(76, 85) 1
(76, 82) 0
(79, 82) 0
(78, 84) 2
(79, 79) 0
(76, 79) 0
(77, 77) 0
(76, 77) 0
(76, 76) 1
(77, 76) 1
(77, 77) 2
(75, 77) 1
(75, 75) 0
(77, 75) 0
(76, 76) 3
(80, 77) 1
(78, 77) 0
(78, 75) 1
(80, 75) 0
(79, 76) 2
(78, 78) 5
(85, 79) 1
(82, 79) 0
(82, 76) 1
(85, 76) 0
(84, 78) 2
(81, 81) 17
(98, 85) 1
(94, 85) 1
(94, 82) 0
(98, 82) 1
(96, 84) 3
(91, 85) 1
(88, 85) 1
(88, 82) 0
(91, 82) 1
(90, 84) 3
(91, 79) 1
(88, 79) 1
(89, 77) 1
(87, 77) 1
(87, 75) 0
(89, 75) 1
(88, 76) 3
(91, 76) 0
(90, 78) 5
(96, 78) 0
(93, 81) 11
(87, 87) 60
(73, 98) 0
(69, 98) 0
(69, 94) 0
(74, 95) 1
(72, 95) 0
(72, 93) 0
(74, 93) 1
(73, 94) 2
(71, 96) 2
(66, 98) 1
(63, 98) 1
(63, 94) 0
(67, 95) 1
(65, 95) 0
(65, 93) 0
(67, 93) 1
(66, 94) 2
(65, 96) 4
(67, 92) 0
(66, 92) 0
(66, 91) 2
(67, 91) 0
(67, 92) 2
(65, 92) 0
(65, 90) 0
(67, 90) 1
(66, 91) 3
(63, 91) 1
(63, 88) 0
(66, 88) 0
(65, 90) 4
(71, 90) 1
(68, 93) 11
(60, 98) 1
(57, 98) 1
(58, 95) 1
(57, 95) 1
(57, 94) 0
(58, 94) 1
(58, 95) 3
(56, 95) 0
(56, 93) 0
(58, 93) 0
(57, 94) 3
(61, 95) 2
(60, 95) 0
(60, 94) 0
(61, 94) 0
(61, 95) 2
(59, 95) 1
(59, 93) 0
(61, 93) 0
(60, 94) 3
(59, 96) 8
(54, 98) 1
(52, 99) 1
(50, 99) 0
(50, 97) 1
(52, 97) 0
(51, 98) 2
(51, 94) 0
(55, 95) 1
(54, 95) 0
(54, 94) 0
(55, 94) 1
(55, 95) 2
(53, 95) 0
(53, 93) 0
(55, 93) 0
(54, 94) 2
(53, 96) 5
(55, 92) 0
(54, 92) 0
(54, 91) 1
(55, 91) 1
(55, 92) 2
(53, 92) 0
(53, 90) 0
(55, 90) 1
(54, 91) 3
(51, 91) 0
(51, 88) 0
(54, 88) 1
(53, 90) 4
(59, 90) 0
(56, 93) 17
(60, 85) 1
(57, 85) 0
(58, 83) 0
(56, 83) 1
(56, 81) 0
(58, 81) 1
(57, 82) 2
(60, 82) 1
(59, 84) 4
(54, 85) 0
(51, 85) 0
(51, 82) 1
(55, 83) 0
(54, 83) 0
(54, 82) 1
(55, 82) 1
(55, 83) 2
(53, 83) 1
(53, 81) 0
(55, 81) 0
(54, 82) 3
(53, 84) 4
(54, 79) 1
(51, 79) 1
(51, 76) 1
(54, 76) 1
(53, 78) 4
(60, 79) 0
(58, 80) 1
(56, 80) 1
(56, 78) 0
(58, 78) 0
(57, 79) 2
(58, 77) 0
(57, 77) 1
(57, 76) 1
(58, 76) 0
(58, 77) 2
(56, 77) 0
(56, 75) 0
(58, 75) 1
(57, 76) 3
(60, 76) 1
(59, 78) 6
(56, 81) 18
(73, 85) 0
(70, 86) 0
(69, 86) 1
(69, 85) 1
(70, 85) 0
(70, 86) 2
(68, 86) 0
(68, 84) 0
(70, 84) 0
(69, 85) 2
(69, 82) 1
(73, 82) 0
(71, 84) 3
(66, 85) 0
(63, 85) 1
(63, 82) 1
(66, 82) 0
(65, 84) 2
(66, 79) 1
(63, 79) 0
(64, 77) 0
(62, 77) 1
(62, 77) 0
(62, 76) 0
(62, 76) 1
(62, 77) 2
(62, 75) 0
(64, 75) 0
(63, 76) 2
(66, 76) 0
(65, 78) 3
(74, 80) 0
(73, 80) 0
(73, 79) 1
(74, 79) 1
(74, 80) 2
(72, 80) 1
(72, 78) 0
(74, 78) 1
(73, 79) 4
(69, 79) 0
(69, 76) 1
(73, 76) 1
(71, 78) 6
(68, 81) 14
(62, 87) 60
(73, 73) 0
(69, 73) 0
(69, 69) 1
(74, 70) 0
(72, 70) 1
(72, 68) 0
(74, 68) 1
(73, 69) 2
(71, 71) 3
(66, 73) 1
(64, 74) 0
(63, 74) 2
(63, 73) 0
(64, 73) 0
(64, 74) 2
(62, 74) 0
(62, 72) 0
(64, 72) 0
(63, 73) 2
(64, 70) 1
(62, 70) 1
(62, 68) 0
(64, 68) 0
(63, 69) 2
(67, 70) 0
(65, 70) 0
(65, 68) 0
(67, 68) 2
(66, 68) 0
(66, 68) 0
(67, 68) 0
(67, 68) 2
(66, 69) 2
(65, 71) 7
(67, 67) 0
(66, 67) 0
(66, 66) 0
(67, 66) 2
(67, 67) 2
(65, 67) 0
(65, 65) 1
(67, 65) 0
(66, 66) 3
(63, 66) 0
(63, 63) 0
(66, 63) 0
(65, 65) 3
(73, 66) 0
(69, 66) 1
(70, 64) 1
(68, 64) 1
(68, 62) 0
(70, 62) 0
(69, 63) 2
(73, 63) 1
(71, 65) 4
(68, 68) 17
(60, 73) 1
(57, 73) 1
(58, 70) 1
(56, 70) 1
(56, 68) 0
(58, 68) 0
(57, 69) 2
(60, 69) 0
(59, 71) 4
(54, 73) 0
(52, 74) 0
(51, 74) 1
(51, 73) 0
(52, 73) 1
(52, 74) 2
(50, 74) 0
(50, 72) 0
(52, 72) 0
(51, 73) 2
(51, 69) 1
(54, 69) 1
(53, 71) 4
(55, 67) 0
(54, 67) 1
(54, 66) 1
(55, 66) 0
(55, 67) 2
(53, 67) 0
(53, 65) 0
(55, 65) 1
(54, 66) 3
(51, 66) 0
(51, 63) 0
(54, 63) 1
(53, 65) 4
(60, 66) 1
(58, 67) 1
(57, 67) 0
(57, 66) 1
(58, 66) 0
(58, 67) 2
(56, 67) 0
(56, 65) 0
(58, 65) 0
(57, 66) 2
(57, 63) 0
(60, 63) 1
(59, 65) 4
(56, 68) 16
(60, 60) 1
(57, 60) 1
(58, 58) 1
(56, 58) 1
(56, 56) 0
(58, 56) 0
(57, 57) 2
(60, 57) 1
(59, 59) 5
(54, 60) 0
(51, 60) 1
(51, 57) 1
(54, 57) 0
(53, 59) 2
(55, 55) 1
(53, 55) 0
(53, 53) 0
(55, 53) 1
(54, 54) 2
(51, 54) 1
(51, 51) 1
(54, 51) 0
(53, 53) 4
(61, 55) 0
(60, 55) 1
(60, 54) 1
(61, 54) 0
(61, 55) 2
(59, 55) 0
(59, 53) 0
(61, 53) 0
(60, 54) 2
(57, 54) 0
(58, 52) 1
(56, 52) 1
(56, 50) 0
(58, 50) 0
(57, 51) 2
(60, 51) 1
(59, 53) 5
(56, 56) 16
(74, 61) 0
(73, 61) 0
(73, 60) 0
(74, 60) 2
(74, 61) 2
(72, 61) 0
(71, 61) 1
(71, 60) 1
(72, 60) 0
(72, 61) 2
(72, 59) 0
(74, 59) 1
(73, 60) 5
(69, 60) 0
(70, 58) 0
(69, 58) 1
(69, 57) 0
(70, 57) 1
(70, 58) 2
(68, 58) 0
(68, 56) 0
(70, 56) 0
(69, 57) 2
(73, 57) 1
(71, 59) 8
(66, 60) 0
(63, 60) 0
(63, 57) 1
(66, 57) 1
(65, 59) 2
(65, 53) 1
(74, 55) 1
(72, 55) 0
(72, 53) 1
(74, 53) 0
(73, 54) 2
(69, 54) 1
(69, 51) 0
(73, 51) 0
(71, 53) 3
(68, 56) 14
(62, 62) 63
(99, 74) 1
(97, 74) 0
(97, 72) 0
(99, 72) 1
(98, 73) 2
(94, 73) 0
(94, 69) 0
(98, 69) 0
(96, 71) 2
(92, 74) 0
(91, 74) 1
(91, 73) 1
(92, 73) 0
(92, 74) 2
(90, 74) 0
(90, 72) 0
(92, 72) 1
(91, 73) 3
(89, 74) 0
(87, 74) 1
(87, 72) 0
(89, 72) 1
(88, 73) 2
(88, 69) 1
(91, 69) 1
(90, 71) 7
(90, 65) 1
(99, 67) 0
(97, 67) 1
(97, 65) 1
(99, 65) 0
(98, 66) 2
(94, 66) 0
(94, 63) 1
(98, 63) 0
(96, 65) 3
(93, 68) 13
(86, 74) 1
(84, 74) 0
(84, 72) 0
(86, 72) 1
(85, 73) 2
(82, 73) 1
(82, 69) 1
(85, 69) 0
(84, 71) 4
(79, 73) 0
(77, 74) 0
(75, 74) 1
(75, 72) 0
(77, 72) 1
(76, 73) 2
(76, 69) 0
(79, 69) 1
(78, 71) 3
(79, 66) 0
(76, 66) 1
(77, 64) 0
(76, 64) 0
(76, 63) 1
(77, 63) 1
(77, 64) 2
(75, 64) 0
(75, 62) 0
(77, 62) 0
(76, 63) 2
(79, 63) 1
(78, 65) 4
(85, 66) 0
(82, 66) 0
(83, 64) 1
(81, 64) 1
(81, 62) 0
(83, 62) 0
(82, 63) 2
(85, 63) 0
(84, 65) 2
(81, 68) 13
(85, 60) 0
(82, 60) 0
(83, 58) 0
(81, 58) 1
(81, 58) 0
(81, 57) 0
(81, 57) 1
(81, 58) 2
(81, 56) 0
(83, 56) 0
(82, 57) 2
(85, 57) 1
(84, 59) 3
(79, 60) 1
(76, 60) 1
(76, 57) 0
(79, 57) 1
(78, 59) 3
(79, 54) 1
(76, 54) 1
(76, 51) 0
(80, 52) 1
(78, 52) 1
(78, 50) 0
(80, 50) 1
(79, 51) 3
(78, 53) 5
(85, 54) 1
(82, 54) 0
(82, 51) 1
(85, 51) 1
(84, 53) 3
(81, 56) 14
(98, 60) 0
(94, 60) 1
(94, 57) 0
(99, 58) 0
(97, 58) 0
(97, 56) 1
(96, 56) 1
(96, 56) 0
(97, 56) 0
(97, 56) 2
(99, 56) 0
(98, 57) 2
(96, 59) 3
(91, 60) 0
(89, 61) 1
(87, 61) 0
(87, 59) 0
(89, 59) 1
(88, 60) 2
(88, 57) 1
(91, 57) 0
(90, 59) 3
(92, 55) 0
(90, 55) 1
(90, 53) 2
(92, 53) 1
(91, 54) 4
(88, 54) 0
(88, 51) 1
(92, 52) 1
(90, 52) 1
(90, 50) 0
(92, 50) 0
(91, 51) 2
(90, 53) 7
(98, 54) 0
(94, 54) 0
(95, 52) 1
(93, 52) 0
(93, 50) 0
(95, 50) 1
(94, 51) 2
(98, 51) 0
(96, 53) 2
(93, 56) 15
(87, 62) 55
(75, 75) 238
(48, 98) 1
(44, 98) 1
(45, 95) 1
(43, 95) 0
(43, 93) 1
(45, 93) 0
(44, 94) 2
(48, 94) 0
(46, 96) 4
(41, 98) 0
(39, 99) 0
(38, 99) 0
(38, 98) 1
(39, 98) 1
(39, 99) 2
(37, 99) 0
(37, 97) 1
(37, 97) 0
(37, 96) 0
(37, 96) 1
(37, 97) 2
(39, 97) 0
(38, 98) 4
(39, 95) 0
(37, 95) 2
(37, 95) 0
(37, 94) 0
(37, 94) 0
(37, 95) 2
(37, 93) 0
(39, 93) 0
(38, 94) 2
(41, 94) 1
(40, 96) 7
(40, 90) 1
(48, 91) 1
(45, 92) 0
(43, 92) 1
(43, 92) 0
(43, 91) 0
(43, 91) 1
(43, 92) 2
(43, 90) 0
(45, 90) 0
(44, 91) 2
(44, 88) 0
(48, 88) 1
(46, 90) 4
(43, 93) 16
(34, 96) 0
(30, 99) 0
(28, 99) 0
(28, 97) 1
(30, 97) 1
(29, 98) 2
(27, 99) 0
(25, 99) 1
(25, 97) 1
(27, 97) 1
(26, 98) 3
(26, 94) 1
(29, 94) 0
(28, 96) 6
(29, 91) 1
(26, 91) 1
(26, 88) 1
(29, 88) 1
(28, 90) 4
(35, 91) 1
(32, 91) 1
(32, 88) 0
(35, 88) 0
(34, 90) 2
(31, 93) 12
(35, 85) 1
(32, 85) 0
(32, 82) 1
(35, 82) 0
(34, 84) 2
(29, 85) 1
(26, 85) 0
(26, 82) 0
(29, 82) 1
(28, 84) 2
(29, 79) 1
(26, 79) 1
(26, 76) 1
(29, 76) 1
(28, 78) 4
(34, 78) 1
(31, 81) 9
(48, 85) 0
(44, 85) 1
(44, 82) 1
(48, 82) 0
(46, 84) 2
(41, 85) 0
(39, 86) 0
(37, 86) 1
(37, 84) 1
(39, 84) 0
(38, 85) 2
(38, 82) 0
(41, 82) 0
(40, 84) 2
(42, 80) 1
(41, 80) 0
(41, 79) 0
(42, 79) 1
(42, 80) 2
(40, 80) 0
(40, 78) 0
(42, 78) 0
(41, 79) 2
(39, 80) 1
(37, 80) 1
(37, 78) 1
(39, 78) 0
(38, 79) 3
(38, 76) 0
(41, 76) 0
(40, 78) 5
(48, 79) 1
(44, 79) 0
(45, 77) 0
(44, 77) 1
(44, 76) 1
(45, 76) 0
(45, 77) 2
(43, 77) 0
(43, 75) 0
(45, 75) 1
(44, 76) 3
(49, 77) 1
(47, 77) 0
(47, 75) 1
(49, 75) 0
(48, 76) 2
(46, 78) 6
(43, 81) 15
(37, 87) 52
(23, 98) 0
(19, 98) 1
(19, 94) 0
(23, 94) 1
(21, 96) 2
(17, 99) 1
(15, 99) 1
(15, 97) 1
(17, 97) 0
(16, 98) 3
(13, 98) 1
(14, 95) 1
(12, 95) 1
(12, 93) 0
(14, 93) 0
(13, 94) 2
(16, 94) 1
(15, 96) 7
(17, 92) 1
(15, 92) 0
(15, 90) 0
(17, 90) 1
(16, 91) 2
(13, 91) 1
(13, 88) 0
(16, 88) 1
(15, 90) 4
(23, 91) 1
(19, 91) 0
(20, 89) 0
(18, 89) 1
(18, 87) 0
(20, 87) 1
(19, 87) 1
(19, 87) 0
(20, 87) 0
(20, 87) 2
(19, 88) 3
(24, 89) 1
(22, 89) 0
(22, 87) 2
(21, 87) 0
(21, 87) 0
(22, 87) 0
(22, 87) 2
(24, 87) 1
(23, 88) 4
(21, 90) 8
(18, 93) 21
(11, 99) 0
(9, 99) 1
(9, 97) 1
(11, 97) 0
(10, 98) 2
(8, 99) 0
(6, 99) 0
(6, 97) 1
(8, 97) 1
(7, 98) 2
(7, 94) 1
(10, 94) 0
(9, 96) 5
(3, 96) 0
(4, 91) 1
(1, 91) 1
(1, 88) 1
(4, 88) 1
(3, 90) 4
(11, 92) 0
(9, 92) 0
(9, 92) 0
(9, 91) 0
(9, 91) 2
(9, 92) 2
(9, 90) 0
(11, 90) 1
(10, 91) 3
(7, 91) 0
(7, 88) 1
(10, 88) 1
(9, 90) 5
(6, 93) 14
(11, 86) 1
(9, 86) 0
(9, 84) 0
(11, 84) 1
(10, 85) 2
(7, 85) 1
(8, 83) 1
(7, 83) 1
(7, 82) 0
(8, 82) 0
(8, 83) 2
(6, 83) 0
(6, 81) 1
(8, 81) 0
(7, 82) 3
(10, 82) 1
(9, 84) 7
(5, 86) 1
(4, 86) 1
(4, 85) 0
(5, 85) 0
(5, 86) 2
(3, 86) 1
(3, 84) 0
(5, 84) 0
(4, 85) 3
(2, 86) 0
(0, 86) 0
(0, 84) 0
(2, 84) 2
(1, 84) 0
(1, 84) 0
(2, 84) 0
(2, 84) 2
(1, 85) 2
(2, 83) 0
(0, 83) 0
(0, 81) 0
(2, 81) 1
(1, 81) 1
(1, 81) 0
(2, 81) 0
(2, 81) 2
(1, 82) 2
(4, 82) 0
(3, 84) 7
(5, 80) 1
(3, 80) 1
(3, 78) 0
(5, 78) 0
(4, 79) 2
(1, 79) 0
(2, 77) 0
(1, 77) 2
(1, 76) 0
(2, 76) 0
(2, 77) 2
(0, 77) 0
(0, 75) 0
(2, 75) 0
(1, 76) 2
(4, 76) 0
(3, 78) 4
(9, 78) 1
(6, 81) 19
(23, 85) 1
(19, 85) 0
(19, 82) 1
(24, 83) 2
(23, 83) 0
(23, 82) 0
(24, 82) 0
(24, 83) 2
(22, 83) 0
(21, 83) 1
(21, 82) 1
(22, 82) 0
(22, 83) 2
(22, 81) 0
(24, 81) 0
(23, 82) 4
(21, 84) 6
(16, 85) 0
(13, 85) 1
(13, 82) 1
(16, 82) 1
(15, 84) 3
(16, 79) 0
(14, 80) 0
(13, 80) 1
(13, 79) 1
(14, 79) 0
(14, 80) 2
(12, 80) 0
(12, 78) 0
(14, 78) 0
(13, 79) 2
(14, 77) 1
(12, 77) 1
(12, 75) 1
(14, 75) 0
(13, 76) 3
(16, 76) 1
(15, 78) 6
(23, 79) 0
(19, 79) 0
(20, 77) 1
(19, 77) 1
(19, 76) 0
(20, 76) 0
(20, 77) 2
(18, 77) 0
(18, 75) 1
(20, 75) 0
(19, 76) 3
(23, 76) 1
(21, 78) 4
(18, 81) 19
(12, 87) 73
(24, 74) 1
(22, 74) 0
(22, 72) 1
(24, 72) 0
(23, 73) 2
(19, 73) 1
(19, 69) 1
(23, 69) 0
(21, 71) 4
(16, 73) 0
(14, 74) 1
(12, 74) 0
(12, 72) 2
(12, 72) 0
(12, 71) 0
(12, 71) 0
(12, 72) 2
(14, 72) 0
(13, 73) 3
(13, 69) 0
(17, 70) 2
(16, 70) 0
(16, 69) 0
(17, 69) 0
(17, 70) 2
(15, 70) 1
(15, 68) 0
(17, 68) 1
(16, 69) 4
(15, 71) 7
(16, 66) 0
(14, 67) 0
(13, 67) 2
(13, 66) 0
(14, 66) 0
(14, 67) 2
(12, 67) 0
(12, 65) 0
(14, 65) 0
(13, 66) 2
(14, 64) 1
(12, 64) 1
(12, 62) 0
(14, 62) 0
(13, 63) 2
(16, 63) 0
(15, 65) 4
(24, 67) 0
(22, 67) 1
(22, 65) 0
(24, 65) 1
(23, 66) 2
(19, 66) 0
(20, 64) 1
(18, 64) 1
(18, 62) 0
(20, 62) 0
(19, 63) 2
(23, 63) 1
(21, 65) 5
(18, 68) 20
(11, 74) 0
(9, 74) 1
(9, 72) 0
(11, 72) 1
(10, 73) 2
(7, 73) 0
(7, 69) 0
(10, 69) 0
(9, 71) 2
(5, 74) 1
(4, 74) 1
(4, 73) 0
(5, 73) 0
(5, 74) 2
(3, 74) 0
(3, 72) 1
(5, 72) 1
(4, 73) 4
(1, 73) 0
(2, 70) 1
(1, 70) 0
(1, 69) 0
(2, 69) 1
(2, 70) 2
(0, 70) 0
(0, 68) 0
(2, 68) 0
(1, 69) 2
(4, 69) 1
(3, 71) 7
(5, 67) 1
(3, 67) 1
(3, 65) 0
(5, 65) 0
(4, 66) 2
(1, 66) 1
(1, 63) 1
(5, 64) 0
(3, 64) 1
(3, 62) 0
(5, 62) 1
(4, 63) 2
(3, 65) 6
(10, 66) 1
(7, 66) 1
(7, 63) 0
(11, 64) 0
(10, 64) 0
(10, 63) 1
(11, 63) 1
(11, 64) 2
(9, 64) 0
(9, 62) 0
(11, 62) 0
(10, 63) 2
(9, 65) 4
(6, 68) 19
(11, 61) 1
(9, 61) 1
(9, 59) 0
(11, 59) 0
(10, 60) 2
(8, 61) 0
(6, 61) 1
(6, 59) 1
(8, 59) 1
(7, 60) 3
(7, 57) 0
(10, 57) 1
(9, 59) 6
(4, 60) 0
(1, 60) 0
(2, 58) 1
(0, 58) 0
(0, 56) 0
(2, 56) 1
(1, 57) 2
(4, 57) 0
(3, 59) 2
(5, 55) 1
(3, 55) 0
(3, 53) 0
(5, 53) 1
(4, 54) 2
(1, 54) 1
(2, 52) 1
(0, 52) 0
(0, 50) 0
(2, 50) 1
(1, 51) 2
(4, 51) 0
(3, 53) 5
(10, 54) 1
(7, 54) 0
(7, 51) 1
(10, 51) 1
(9, 53) 3
(6, 56) 16
(24, 61) 0
(22, 61) 1
(22, 59) 1
(24, 59) 0
(23, 60) 2
(20, 61) 0
(18, 61) 2
(18, 61) 0
(18, 60) 0
(18, 60) 0
(18, 61) 2
(18, 59) 0
(20, 59) 0
(19, 60) 2
(19, 57) 0
(23, 57) 1
(21, 59) 5
(16, 60) 1
(13, 60) 1
(13, 57) 1
(16, 57) 0
(15, 59) 3
(16, 54) 1
(13, 54) 1
(13, 51) 0
(16, 51) 0
(15, 53) 2
(24, 55) 0
(22, 55) 0
(21, 55) 1
(21, 54) 1
(22, 54) 0
(22, 55) 2
(22, 53) 0
(24, 53) 0
(23, 54) 2
(19, 54) 0
(19, 51) 0
(23, 51) 1
(21, 53) 3
(18, 56) 13
(12, 62) 68
(49, 74) 0
(47, 74) 1
(47, 72) 0
(49, 72) 1
(48, 73) 2
(45, 74) 0
(44, 74) 1
(44, 73) 1
(45, 73) 0
(45, 74) 2
(43, 74) 0
(43, 72) 0
(45, 72) 1
(44, 72) 0
(44, 71) 1
(45, 71) 0
(45, 72) 2
(44, 73) 4
(44, 69) 0
(49, 70) 1
(47, 70) 0
(47, 68) 1
(49, 68) 0
(48, 69) 2
(46, 71) 8
(42, 74) 1
(40, 74) 0
(40, 74) 0
(40, 73) 0
(40, 73) 2
(40, 74) 2
(40, 72) 0
(42, 72) 1
(41, 72) 0
(41, 71) 2
(42, 71) 0
(42, 72) 3
(41, 73) 6
(39, 74) 1
(37, 74) 0
(37, 72) 0
(39, 72) 0
(38, 72) 0
(38, 71) 2
(39, 71) 1
(39, 72) 3
(38, 73) 4
(39, 70) 1
(38, 70) 0
(38, 69) 1
(39, 69) 0
(39, 70) 2
(37, 70) 0
(37, 68) 0
(39, 68) 0
(38, 69) 2
(41, 69) 1
(40, 71) 13
(41, 66) 1
(38, 66) 0
(39, 64) 1
(37, 64) 1
(37, 62) 0
(39, 62) 0
(38, 63) 2
(42, 64) 1
(40, 64) 0
(40, 62) 1
(42, 62) 0
(41, 63) 2
(40, 65) 5
(49, 67) 0
(47, 67) 0
(47, 65) 0
(49, 65) 1
(48, 65) 1
(48, 65) 0
(49, 65) 0
(49, 65) 2
(48, 66) 2
(44, 66) 1
(44, 63) 0
(49, 64) 1
(48, 64) 1
(48, 63) 1
(49, 63) 1
(49, 64) 4
(47, 64) 0
(47, 62) 0
(49, 62) 0
(48, 63) 4
(46, 65) 7
(43, 68) 33
(36, 74) 1
(34, 74) 0
(34, 72) 0
(36, 72) 1
(35, 73) 2
(32, 73) 0
(32, 69) 1
(36, 70) 1
(34, 70) 0
(34, 68) 0
(36, 68) 2
(35, 68) 0
(35, 68) 0
(36, 68) 0
(36, 68) 2
(35, 69) 3
(34, 71) 6
(30, 74) 1
(28, 74) 1
(28, 72) 0
(30, 72) 0
(29, 73) 2
(27, 74) 0
(25, 74) 0
(25, 72) 0
(27, 72) 1
(26, 72) 1
(26, 71) 1
(27, 71) 1
(27, 72) 4
(26, 73) 4
(26, 69) 1
(29, 69) 0
(28, 71) 7
(30, 67) 1
(28, 67) 1
(28, 65) 0
(30, 65) 0
(29, 66) 2
(26, 66) 0
(26, 63) 0
(29, 63) 1
(28, 65) 3
(36, 67) 0
(35, 67) 1
(35, 66) 1
(36, 66) 0
(36, 67) 2
(34, 67) 0
(34, 65) 0
(36, 65) 0
(35, 66) 2
(33, 67) 1
(31, 67) 0
(31, 65) 0
(33, 65) 1
(32, 66) 2
(32, 63) 1
(35, 63) 1
(34, 65) 6
(31, 68) 22
(35, 60) 1
(33, 61) 1
(31, 61) 1
(31, 59) 1
(33, 59) 0
(32, 60) 3
(32, 57) 1
(36, 58) 1
(34, 58) 0
(34, 56) 1
(36, 56) 1
(35, 56) 1
(35, 56) 0
(36, 56) 0
(36, 56) 2
(35, 57) 4
(34, 59) 9
(30, 61) 0
(28, 61) 0
(28, 59) 0
(30, 59) 3
(29, 59) 0
(29, 59) 0
(30, 59) 0
(30, 59) 3
(29, 60) 3
(26, 60) 0
(26, 57) 1
(29, 57) 0
(28, 59) 4
(28, 53) 1
(35, 54) 1
(32, 54) 0
(32, 51) 0
(36, 52) 1
(34, 52) 0
(34, 50) 0
(36, 50) 1
(35, 51) 2
(34, 53) 3
(31, 56) 17
(49, 61) 1
(47, 61) 0
(47, 59) 0
(49, 59) 1
(48, 60) 2
(45, 61) 0
(44, 61) 0
(44, 60) 1
(45, 60) 1
(45, 61) 2
(43, 61) 0
(43, 59) 0
(45, 59) 0
(44, 60) 2
(44, 57) 0
(48, 57) 0
(46, 59) 4
(40, 59) 1
(41, 54) 1
(38, 54) 1
(38, 51) 0
(41, 51) 1
(40, 53) 3
(46, 53) 0
(43, 56) 8
(37, 62) 80
(25, 75) 273
(48, 48) 0
(45, 49) 1
(43, 49) 0
(43, 47) 0
(45, 47) 1
(44, 48) 2
(45, 45) 1
(43, 45) 1
(43, 43) 0
(45, 43) 0
(44, 44) 2
(48, 44) 0
(46, 46) 4
(41, 48) 1
(39, 49) 0
(37, 49) 1
(37, 47) 0
(39, 47) 1
(38, 48) 2
(38, 44) 0
(41, 44) 0
(40, 46) 3
(42, 42) 0
(40, 42) 1
(40, 40) 0
(42, 40) 1
(41, 41) 2
(38, 41) 1
(38, 38) 1
(41, 38) 0
(40, 40) 4
(48, 41) 0
(44, 41) 0
(45, 39) 0
(44, 39) 0
(44, 38) 1
(45, 38) 1
(45, 39) 2
(43, 39) 0
(43, 37) 0
(45, 37) 0
(44, 38) 2
(49, 39) 0
(48, 39) 1
(48, 38) 1
(49, 38) 0
(49, 39) 2
(47, 39) 1
(46, 39) 0
(46, 38) 1
(47, 38) 0
(47, 39) 2
(47, 37) 0
(49, 37) 0
(48, 38) 4
(46, 40) 6
(43, 43) 17
(35, 48) 0
(33, 49) 0
(31, 49) 1
(31, 47) 0
(33, 47) 1
(32, 48) 2
(32, 44) 1
(36, 45) 0
(35, 45) 2
(35, 44) 0
(36, 44) 0
(36, 45) 2
(34, 45) 0
(34, 43) 0
(36, 43) 1
(35, 44) 3
(34, 46) 6
(29, 48) 1
(26, 48) 0
(26, 44) 0
(29, 44) 1
(28, 46) 2
(29, 41) 1
(27, 42) 1
(25, 42) 1
(25, 40) 0
(27, 40) 0
(26, 41) 2
(26, 38) 0
(30, 39) 0
(28, 39) 1
(28, 37) 0
(30, 37) 1
(29, 38) 2
(28, 40) 5
(34, 40) 1
(31, 43) 14
(36, 36) 1
(34, 36) 1
(34, 34) 0
(36, 34) 0
(35, 35) 2
(32, 35) 1
(33, 33) 1
(32, 33) 0
(32, 32) 0
(33, 32) 1
(33, 33) 2
(31, 33) 0
(31, 31) 0
(33, 31) 1
(32, 32) 3
(35, 32) 0
(34, 34) 6
(30, 36) 0
(28, 36) 1
(28, 34) 0
(30, 34) 1
(29, 34) 1
(29, 34) 0
(30, 34) 0
(30, 34) 2
(29, 35) 3
(27, 36) 1
(25, 36) 0
(25, 36) 0
(25, 35) 0
(25, 35) 2
(25, 36) 2
(25, 34) 0
(27, 34) 0
(26, 35) 3
(26, 32) 0
(29, 32) 0
(28, 34) 6
(29, 29) 0
(27, 30) 0
(25, 30) 1
(25, 30) 0
(25, 29) 0
(25, 29) 1
(25, 30) 2
(25, 28) 0
(27, 28) 0
(26, 29) 2
(26, 26) 1
(30, 27) 0
(28, 27) 1
(28, 25) 0
(30, 25) 1
(29, 26) 2
(28, 28) 5
(34, 28) 1
(31, 31) 18
(48, 35) 0
(44, 35) 1
(45, 33) 0
(43, 33) 1
(43, 31) 1
(45, 31) 0
(44, 32) 2
(48, 32) 0
(46, 34) 3
(41, 35) 1
(38, 35) 1
(38, 32) 1
(42, 33) 1
(41, 33) 1
(41, 32) 0
(42, 32) 0
(42, 33) 2
(40, 33) 0
(40, 31) 0
(42, 31) 0
(41, 32) 2
(40, 34) 5
(42, 30) 1
(40, 30) 1
(40, 28) 0
(42, 28) 0
(41, 29) 2
(38, 29) 1
(38, 26) 0
(41, 26) 0
(40, 28) 3
(48, 29) 1
(44, 29) 1
(44, 26) 0
(48, 26) 1
(46, 28) 3
(43, 31) 14
(37, 37) 63
(24, 49) 0
(22, 49) 2
(21, 49) 0
(21, 48) 0
(22, 48) 0
(22, 49) 2
(22, 47) 0
(24, 47) 1
(23, 48) 3
(19, 48) 1
(19, 44) 0
(24, 45) 1
(22, 45) 0
(22, 43) 0
(24, 43) 1
(23, 44) 2
(21, 46) 6
(15, 46) 1
(16, 41) 0
(13, 41) 0
(14, 39) 1
(12, 39) 0
(12, 37) 1
(14, 37) 0
(13, 38) 2
(16, 38) 0
(15, 40) 2
(24, 42) 0
(22, 42) 1
(22, 40) 0
(24, 40) 1
(23, 41) 2
(19, 41) 0
(20, 39) 0
(18, 39) 1
(18, 37) 0
(20, 37) 1
(19, 38) 2
(24, 39) 0
(22, 39) 1
(22, 37) 1
(24, 37) 0
(23, 38) 2
(21, 40) 6
(18, 43) 15
(10, 48) 1
(8, 49) 1
(7, 49) 0
(7, 48) 0
(8, 48) 1
(8, 49) 2
(6, 49) 0
(6, 47) 0
(8, 47) 1
(7, 48) 3
(7, 44) 0
(10, 44) 1
(9, 46) 5
(3, 46) 1
(4, 41) 1
(1, 41) 1
(2, 39) 0
(1, 39) 1
(1, 38) 1
(2, 38) 0
(2, 39) 2
(0, 39) 1
(0, 37) 0
(2, 37) 0
(1, 38) 3
(4, 38) 0
(3, 40) 5
(10, 41) 1
(7, 41) 1
(7, 38) 1
(10, 38) 1
(9, 40) 4
(6, 43) 15
(10, 35) 0
(7, 35) 0
(8, 33) 1
(6, 33) 1
(6, 31) 0
(8, 31) 1
(7, 32) 3
(10, 32) 0
(9, 34) 3
(4, 35) 0
(1, 35) 1
(2, 33) 1
(0, 33) 0
(0, 31) 0
(2, 31) 1
(1, 32) 2
(4, 32) 1
(3, 34) 4
(4, 29) 1
(1, 29) 1
(2, 27) 1
(0, 27) 2
(0, 27) 0
(0, 26) 0
(0, 26) 0
(0, 27) 2
(0, 25) 0
(2, 25) 0
(1, 26) 3
(4, 26) 0
(3, 28) 5
(9, 28) 1
(6, 31) 13
(23, 35) 1
(20, 36) 2
(19, 36) 0
(19, 35) 0
(20, 35) 0
(20, 36) 2
(18, 36) 0
(18, 34) 0
(20, 34) 0
(19, 35) 2
(19, 32) 1
(23, 32) 0
(21, 34) 4
(16, 35) 1
(13, 35) 1
(13, 32) 1
(16, 32) 1
(15, 34) 4
(16, 29) 0
(13, 29) 0
(13, 26) 1
(16, 26) 1
(15, 28) 2
(23, 29) 1
(19, 29) 0
(19, 26) 1
(23, 26) 1
(21, 28) 3
(18, 31) 13
(12, 37) 56
(24, 24) 0
(22, 24) 0
(22, 22) 1
(21, 22) 0
(21, 21) 0
(22, 21) 1
(22, 22) 2
(24, 22) 1
(23, 23) 3
(20, 24) 0
(18, 24) 0
(18, 22) 0
(20, 22) 0
(19, 22) 0
(19, 21) 2
(20, 21) 0
(20, 22) 2
(19, 23) 2
(19, 19) 1
(23, 19) 1
(21, 21) 7
(17, 24) 0
(15, 24) 1
(15, 24) 0
(15, 23) 0
(15, 23) 1
(15, 24) 2
(15, 22) 0
(17, 22) 1
(16, 23) 3
(14, 24) 1
(12, 24) 1
(12, 22) 0
(14, 22) 0
(13, 23) 2
(13, 19) 0
(16, 19) 0
(15, 21) 5
(16, 16) 1
(13, 16) 1
(13, 13) 0
(16, 13) 0
(15, 15) 2
(23, 16) 1
(19, 16) 1
(20, 14) 0
(18, 14) 1
(18, 12) 0
(20, 12) 1
(19, 13) 2
(23, 13) 1
(21, 15) 5
(18, 18) 19
(9, 21) 1
(5, 24) 0
(4, 24) 1
(4, 23) 1
(5, 23) 0
(5, 24) 2
(3, 24) 0
(3, 22) 1
(5, 22) 0
(4, 23) 3
(1, 23) 1
(1, 19) 1
(4, 19) 1
(3, 21) 6
(4, 16) 1
(1, 16) 1
(1, 13) 0
(5, 14) 1
(3, 14) 0
(3, 12) 1
(5, 12) 0
(4, 13) 2
(3, 15) 4
(11, 17) 1
(9, 17) 1
(9, 15) 2
(11, 15) 1
(10, 16) 5
(7, 16) 0
(7, 13) 1
(10, 13) 1
(9, 15) 7
(6, 18) 18
(10, 10) 1
(7, 10) 1
(7, 7) 1
(10, 7) 0
(9, 9) 3
(4, 10) 0
(2, 11) 1
(0, 11) 0
(0, 9) 1
(2, 9) 0
(1, 10) 2
(1, 7) 1
(5, 8) 0
(4, 8) 0
(4, 7) 1
(5, 7) 1
(5, 8) 2
(3, 8) 0
(3, 6) 0
(5, 6) 0
(4, 7) 2
(3, 9) 5
(5, 5) 1
(3, 5) 1
(3, 3) 0
(5, 3) 1
(4, 4) 3
(1, 4) 1
(1, 1) 0
(5, 2) 1
(3, 2) 1
(3, 0) 0
(5, 0) 0
(4, 1) 2
(3, 3) 6
(9, 3) 1
(6, 6) 15
(21, 9) 1
(16, 10) 0
(13, 10) 1
(13, 7) 0
(16, 7) 1
(15, 9) 2
(16, 4) 0
(13, 4) 0
(13, 1) 1
(16, 1) 1
(15, 3) 2
(24, 5) 0
(22, 5) 1
(22, 3) 1
(24, 3) 0
(23, 4) 2
(19, 4) 0
(19, 1) 1
(24, 2) 0
(23, 2) 1
(23, 1) 0
(24, 1) 1
(24, 2) 2
(22, 2) 0
(22, 0) 0
(24, 0) 0
(23, 1) 2
(21, 3) 5
(18, 6) 10
(12, 12) 62
(48, 23) 1
(44, 23) 0
(44, 19) 1
(48, 19) 1
(46, 21) 3
(41, 23) 0
(39, 24) 0
(38, 24) 2
(38, 23) 0
(39, 23) 0
(39, 24) 2
(37, 24) 1
(37, 22) 0
(39, 22) 0
(38, 23) 3
(39, 20) 1
(38, 20) 0
(38, 19) 1
(39, 19) 0
(39, 20) 2
(37, 20) 0
(37, 18) 0
(39, 18) 0
(38, 19) 2
(42, 20) 2
(41, 20) 0
(41, 19) 0
(42, 19) 0
(42, 20) 2
(40, 20) 0
(40, 18) 0
(42, 18) 0
(41, 19) 2
(40, 21) 7
(41, 16) 0
(38, 16) 0
(39, 14) 0
(38, 14) 1
(38, 13) 1
(39, 13) 1
(39, 14) 3
(37, 14) 0
(37, 12) 0
(39, 12) 0
(38, 13) 3
(41, 13) 0
(40, 15) 3
(48, 16) 1
(44, 16) 0
(44, 13) 1
(49, 14) 1
(47, 14) 1
(47, 12) 0
(49, 12) 0
(48, 13) 2
(46, 15) 4
(43, 18) 17
(35, 23) 1
(32, 23) 1
(32, 19) 1
(36, 20) 1
(34, 20) 1
(34, 18) 0
(36, 18) 0
(35, 19) 2
(34, 21) 5
(29, 23) 1
(26, 23) 1
(26, 19) 1
(30, 20) 1
(28, 20) 1
(28, 18) 0
(30, 18) 0
(29, 19) 2
(28, 21) 5
(29, 16) 1
(27, 17) 1
(25, 17) 0
(25, 15) 0
(27, 15) 0
(26, 15) 2
(26, 15) 0
(27, 15) 0
(27, 15) 2
(26, 16) 3
(26, 13) 1
(29, 13) 1
(28, 15) 6
(35, 16) 1
(32, 16) 0
(32, 13) 1
(35, 13) 0
(34, 15) 2
(31, 18) 18
(35, 10) 1
(32, 10) 1
(32, 7) 1
(36, 8) 0
(34, 8) 1
(34, 6) 0
(36, 6) 1
(35, 7) 2
(34, 9) 5
(29, 10) 0
(27, 11) 1
(25, 11) 0
(25, 9) 0
(27, 9) 1
(26, 10) 2
(26, 7) 0
(30, 8) 0
(28, 8) 0
(28, 6) 0
(30, 6) 2
(29, 6) 0
(29, 6) 0
(30, 6) 0
(30, 6) 2
(29, 7) 2
(28, 9) 4
(29, 4) 0
(27, 5) 1
(25, 5) 1
(25, 3) 0
(27, 3) 0
(26, 4) 2
(26, 1) 1
(29, 1) 0
(28, 3) 3
(35, 4) 0
(32, 4) 1
(33, 2) 1
(31, 2) 0
(31, 0) 0
(33, 0) 1
(32, 1) 2
(35, 1) 1
(34, 3) 4
(31, 6) 16
(49, 11) 1
(48, 11) 0
(48, 10) 0
(49, 10) 1
(49, 11) 2
(47, 11) 0
(47, 9) 1
(49, 9) 0
(48, 10) 3
(45, 11) 1
(43, 11) 1
(43, 9) 0
(45, 9) 0
(44, 10) 2
(44, 7) 1
(48, 7) 1
(46, 9) 7
(41, 10) 1
(39, 11) 1
(37, 11) 1
(37, 9) 0
(39, 9) 0
(38, 10) 2
(39, 8) 1
(38, 8) 0
(38, 7) 1
(39, 7) 0
(39, 8) 2
(37, 8) 0
(37, 6) 0
(39, 6) 0
(38, 7) 2
(41, 7) 0
(40, 9) 5
(40, 3) 0
(49, 5) 1
(47, 5) 1
(47, 3) 0
(49, 3) 0
(48, 4) 2
(44, 4) 1
(44, 1) 0
(48, 1) 1
(46, 3) 4
(43, 6) 16
(37, 12) 67
(25, 25) 248
(98, 48) 1
(94, 48) 0
(94, 44) 0
(98, 44) 1
(96, 46) 2
(91, 48) 1
(88, 48) 0
(89, 45) 0
(87, 45) 0
(87, 43) 1
(89, 43) 1
(88, 44) 2
(91, 44) 1
(90, 46) 4
(92, 42) 0
(90, 42) 0
(90, 40) 1
(92, 40) 1
(91, 41) 2
(88, 41) 1
(88, 38) 0
(91, 38) 1
(90, 40) 4
(99, 42) 1
(97, 42) 1
(97, 40) 0
(99, 40) 1
(98, 41) 3
(95, 42) 0
(93, 42) 1
(93, 42) 0
(93, 41) 0
(93, 41) 1
(93, 42) 2
(93, 40) 0
(95, 40) 0
(94, 41) 2
(94, 38) 1
(98, 38) 1
(96, 40) 7
(93, 43) 17
(86, 49) 0
(84, 49) 0
(84, 47) 1
(86, 47) 1
(85, 48) 2
(82, 48) 1
(83, 45) 1
(81, 45) 0
(81, 43) 0
(83, 43) 1
(82, 43) 1
(82, 43) 0
(83, 43) 0
(83, 43) 2
(82, 44) 3
(85, 44) 0
(84, 46) 6
(80, 49) 1
(79, 49) 2
(79, 48) 1
(80, 48) 0
(80, 49) 4
(78, 49) 1
(78, 47) 0
(80, 47) 0
(79, 48) 5
(76, 48) 1
(76, 44) 0
(79, 44) 1
(78, 46) 7
(79, 41) 1
(76, 41) 1
(76, 38) 0
(79, 38) 1
(78, 40) 3
(85, 41) 1
(83, 42) 1
(81, 42) 1
(81, 40) 0
(83, 40) 0
(82, 41) 2
(82, 38) 0
(86, 39) 0
(85, 39) 1
(85, 38) 0
(86, 38) 1
(86, 39) 2
(84, 39) 0
(84, 37) 0
(86, 37) 0
(85, 38) 2
(84, 40) 5
(81, 43) 21
(86, 36) 1
(84, 36) 2
(84, 36) 0
(84, 35) 0
(84, 35) 0
(84, 36) 2
(84, 34) 0
(86, 34) 0
(85, 35) 3
(82, 35) 0
(82, 32) 0
(86, 33) 1
(85, 33) 1
(85, 32) 0
(86, 32) 0
(86, 33) 2
(84, 33) 0
(84, 31) 0
(86, 31) 0
(85, 32) 2
(84, 34) 5
(79, 35) 1
(76, 35) 0
(76, 32) 1
(79, 32) 1
(78, 34) 3
(78, 28) 0
(85, 29) 0
(82, 29) 1
(82, 26) 1
(85, 26) 0
(84, 28) 2
(81, 31) 10
(99, 36) 1
(97, 36) 0
(97, 34) 1
(99, 34) 0
(98, 35) 2
(94, 35) 0
(94, 32) 1
(98, 32) 1
(96, 34) 4
(91, 35) 1
(89, 36) 1
(87, 36) 0
(87, 34) 1
(89, 34) 0
(88, 35) 2
(88, 32) 0
(91, 32) 0
(90, 34) 3
(92, 30) 0
(90, 30) 1
(90, 28) 0
(92, 28) 1
(91, 29) 2
(88, 29) 0
(88, 26) 0
(91, 26) 1
(90, 28) 3
(98, 29) 1
(94, 29) 1
(94, 26) 1
(98, 26) 1
(96, 28) 4
(93, 31) 14
(87, 37) 62
(74, 49) 0
(72, 49) 1
(72, 47) 1
(74, 47) 0
(73, 48) 2
(69, 48) 1
(69, 44) 1
(74, 45) 0
(72, 45) 1
(72, 43) 1
(74, 43) 1
(73, 44) 3
(71, 46) 7
(66, 48) 0
(63, 48) 1
(63, 44) 1
(67, 45) 1
(65, 45) 0
(65, 43) 0
(67, 43) 1
(66, 44) 2
(65, 46) 4
(66, 41) 0
(63, 41) 1
(63, 38) 1
(66, 38) 1
(65, 40) 3
(73, 41) 1
(70, 42) 0
(68, 42) 0
(68, 40) 1
(70, 40) 1
(69, 41) 2
(69, 38) 1
(73, 38) 1
(71, 40) 5
(68, 43) 19
(60, 48) 0
(57, 48) 0
(57, 44) 0
(61, 45) 1
(59, 45) 1
(59, 43) 0
(61, 43) 0
(60, 44) 2
(59, 46) 2
(54, 48) 0
(52, 49) 0
(50, 49) 0
(50, 47) 1
(50, 47) 0
(50, 46) 0
(50, 46) 1
(50, 47) 2
(52, 47) 0
(51, 48) 2
(52, 45) 0
(50, 45) 0
(50, 43) 1
(52, 43) 0
(51, 43) 2
(51, 43) 0
(52, 43) 0
(52, 43) 2
(51, 44) 3
(54, 44) 1
(53, 46) 6
(54, 41) 0
(51, 41) 1
(52, 39) 0
(50, 39) 0
(50, 37) 0
(52, 37) 0
(51, 37) 2
(51, 37) 0
(52, 37) 0
(52, 37) 2
(51, 38) 2
(54, 38) 0
(53, 40) 3
(60, 41) 0
(57, 41) 1
(58, 39) 1
(56, 39) 0
(56, 39) 0
(56, 38) 0
(56, 38) 2
(56, 39) 2
(56, 37) 0
(58, 37) 0
(57, 38) 3
(61, 39) 1
(59, 39) 0
(59, 37) 1
(61, 37) 0
(60, 38) 2
(59, 40) 6
(56, 43) 17
(61, 36) 0
(60, 36) 1
(60, 35) 0
(61, 35) 1
(61, 36) 2
(59, 36) 0
(59, 34) 0
(61, 34) 0
(60, 35) 2
(57, 35) 0
(57, 32) 1
(60, 32) 1
(59, 34) 4
(55, 36) 0
(54, 36) 0
(54, 35) 1
(55, 35) 1
(55, 36) 2
(53, 36) 0
(53, 34) 0
(55, 34) 0
(54, 35) 2
(51, 35) 0
(51, 32) 1
(54, 32) 1
(53, 34) 4
(54, 29) 0
(51, 29) 0
(52, 27) 1
(51, 27) 2
(51, 26) 0
(52, 26) 0
(52, 27) 3
(50, 27) 0
(50, 25) 0
(52, 25) 0
(51, 26) 3
(54, 26) 1
(53, 28) 4
(59, 28) 1
(56, 31) 13
(74, 36) 0
(72, 36) 1
(72, 34) 0
(74, 34) 1
(73, 35) 2
(70, 36) 1
(68, 36) 0
(68, 34) 1
(70, 34) 0
(69, 35) 2
(70, 33) 0
(68, 33) 1
(68, 31) 0
(70, 31) 1
(69, 32) 2
(73, 32) 0
(71, 34) 6
(66, 35) 1
(63, 35) 1
(64, 33) 1
(62, 33) 0
(62, 33) 0
(62, 32) 0
(62, 32) 2
(62, 33) 2
(62, 31) 0
(64, 31) 0
(63, 32) 3
(67, 33) 1
(65, 33) 0
(65, 31) 0
(67, 31) 1
(66, 32) 2
(65, 34) 7
(66, 29) 1
(64, 30) 0
(62, 30) 0
(62, 28) 0
(64, 28) 1
(63, 28) 1
(63, 28) 0
(64, 28) 0
(64, 28) 2
(63, 29) 2
(63, 26) 1
(66, 26) 0
(65, 28) 4
(71, 28) 1
(68, 31) 18
(62, 37) 67
(73, 23) 0
(69, 23) 1
(69, 19) 0
(74, 20) 0
(72, 20) 0
(72, 18) 1
(74, 18) 1
(73, 19) 2
(71, 21) 3
(66, 23) 1
(63, 23) 1
(63, 19) 0
(66, 19) 0
(65, 21) 2
(66, 16) 1
(64, 17) 0
(62, 17) 1
(62, 15) 1
(64, 15) 0
(63, 16) 2
(63, 13) 0
(66, 13) 1
(65, 15) 4
(73, 16) 1
(70, 17) 0
(68, 17) 1
(68, 15) 1
(70, 15) 0
(69, 16) 2
(70, 14) 0
(68, 14) 1
(68, 12) 0
(70, 12) 1
(69, 12) 1
(69, 12) 0
(70, 12) 0
(70, 12) 2
(69, 13) 3
(73, 13) 1
(71, 15) 7
(68, 18) 16
(59, 21) 0
(53, 21) 1
(54, 16) 1
(51, 16) 1
(51, 13) 0
(54, 13) 1
(53, 15) 3
(60, 16) 0
(58, 17) 2
(57, 17) 0
(57, 16) 0
(58, 16) 0
(58, 17) 2
(56, 17) 0
(56, 15) 0
(58, 15) 0
(57, 16) 2
(58, 14) 1
(56, 14) 0
(56, 12) 1
(58, 12) 0
(57, 13) 2
(60, 13) 1
(59, 15) 5
(56, 18) 9
(60, 10) 0
(57, 10) 1
(57, 7) 1
(60, 7) 0
(59, 9) 2
(54, 10) 1
(52, 11) 0
(51, 11) 1
(51, 10) 0
(52, 10) 1
(52, 11) 2
(50, 11) 1
(50, 9) 0
(52, 9) 0
(51, 10) 3
(52, 8) 1
(51, 8) 0
(51, 7) 1
(52, 7) 0
(52, 8) 2
(50, 8) 0
(50, 6) 0
(52, 6) 0
(51, 7) 2
(54, 7) 0
(53, 9) 6
(55, 5) 1
(53, 5) 0
(53, 3) 0
(55, 3) 1
(54, 4) 2
(51, 4) 1
(51, 1) 0
(54, 1) 0
(53, 3) 3
(60, 4) 1
(57, 4) 0
(57, 1) 1
(60, 1) 1
(59, 3) 3
(56, 6) 14
(73, 10) 1
(69, 10) 1
(69, 7) 0
(73, 7) 0
(71, 9) 2
(66, 10) 0
(64, 11) 1
(62, 11) 0
(62, 9) 0
(64, 9) 1
(63, 10) 2
(63, 7) 0
(66, 7) 0
(65, 9) 2
(67, 5) 1
(66, 5) 0
(66, 4) 1
(67, 4) 0
(67, 5) 2
(65, 5) 0
(65, 3) 1
(67, 3) 0
(66, 4) 3
(63, 4) 1
(64, 2) 0
(62, 2) 0
(62, 0) 1
(64, 0) 1
(63, 1) 2
(66, 1) 1
(65, 3) 7
(73, 4) 0
(69, 4) 0
(70, 2) 1
(68, 2) 1
(68, 0) 1
(70, 0) 1
(69, 1) 4
(73, 1) 1
(71, 3) 5
(68, 6) 16
(62, 12) 55
(99, 24) 1
(97, 24) 0
(97, 22) 0
(96, 22) 1
(96, 21) 0
(97, 21) 1
(97, 22) 2
(99, 22) 0
(98, 23) 3
(94, 23) 0
(94, 19) 1
(98, 19) 0
(96, 21) 4
(92, 24) 0
(90, 24) 0
(90, 22) 0
(92, 22) 0
(91, 22) 1
(91, 21) 1
(92, 21) 0
(92, 22) 2
(91, 23) 2
(89, 24) 0
(87, 24) 1
(87, 22) 1
(87, 22) 0
(87, 21) 0
(87, 21) 1
(87, 22) 2
(89, 22) 0
(88, 23) 3
(88, 19) 0
(91, 19) 0
(90, 21) 5
(90, 15) 1
(96, 15) 0
(93, 18) 10
(85, 23) 0
(83, 24) 1
(81, 24) 0
(81, 22) 0
(83, 22) 1
(82, 23) 2
(82, 19) 0
(85, 19) 0
(84, 21) 2
(80, 24) 0
(78, 24) 0
(78, 22) 1
(78, 22) 0
(78, 21) 0
(78, 21) 2
(78, 22) 3
(80, 22) 1
(79, 23) 4
(77, 24) 1
(75, 24) 0
(75, 22) 0
(77, 22) 1
(76, 22) 0
(76, 21) 1
(77, 21) 0
(77, 22) 2
(76, 23) 3
(76, 19) 0
(79, 19) 0
(78, 21) 7
(79, 16) 0
(77, 17) 0
(76, 17) 0
(76, 16) 0
(77, 16) 2
(77, 17) 2
(75, 17) 0
(75, 15) 0
(77, 15) 0
(76, 16) 2
(76, 13) 0
(79, 13) 0
(78, 15) 2
(85, 16) 1
(82, 16) 1
(82, 13) 0
(86, 14) 0
(84, 14) 1
(84, 12) 1
(86, 12) 0
(85, 13) 2
(84, 15) 4
(81, 18) 15
(86, 11) 1
(84, 11) 0
(84, 9) 0
(86, 9) 1
(85, 10) 2
(82, 10) 0
(82, 7) 0
(85, 7) 1
(84, 9) 3
(79, 10) 0
(76, 10) 1
(76, 7) 0
(80, 8) 1
(78, 8) 1
(78, 6) 0
(80, 6) 0
(79, 7) 2
(78, 9) 3
(80, 5) 1
(78, 5) 1
(78, 3) 0
(80, 3) 0
(79, 4) 2
(77, 5) 0
(75, 5) 1
(75, 3) 1
(77, 3) 0
(76, 4) 2
(77, 2) 0
(76, 2) 0
(76, 1) 1
(77, 1) 1
(77, 2) 2
(75, 2) 0
(75, 0) 0
(77, 0) 0
(76, 1) 2
(79, 1) 0
(78, 3) 6
(85, 4) 0
(83, 5) 1
(81, 5) 0
(81, 3) 0
(83, 3) 1
(82, 4) 2
(82, 1) 0
(85, 1) 1
(84, 3) 3
(81, 6) 15
(99, 11) 0
(97, 11) 1
(97, 9) 1
(99, 9) 0
(98, 10) 2
(95, 11) 1
(94, 11) 1
(94, 10) 0
(95, 10) 0
(95, 11) 2
(93, 11) 0
(93, 9) 0
(95, 9) 0
(94, 10) 2
(94, 7) 1
(98, 7) 0
(96, 9) 5
(90, 9) 1
(91, 4) 0
(89, 5) 1
(87, 5) 0
(87, 3) 1
(89, 3) 0
(88, 4) 2
(88, 1) 1
(92, 2) 1
(90, 2) 0
(90, 0) 0
(92, 0) 1
(91, 1) 2
(90, 3) 5
(98, 4) 1
(95, 5) 1
(94, 5) 1
(94, 4) 0
(95, 4) 0
(95, 5) 2
(93, 5) 0
(93, 3) 0
(95, 3) 1
(94, 4) 3
(94, 1) 0
(99, 2) 1
(97, 2) 1
(97, 0) 0
(99, 0) 0
(98, 1) 2
(96, 3) 6
(93, 6) 17
(87, 12) 57
(75, 25) 241
(50, 50) 1000
