(1968, 1968) 0
(1921, 1984) 436
(1890, 1984) 0
(1890, 1952) 1572
(1921, 1952) 0
(1906, 1968) 2008
(1921, 1921) 32
(1890, 1921) 1255
(1890, 1890) 0
(1929, 1898) 1328
(1913, 1898) 1453
(1913, 1882) 0
(1929, 1882) 1468
(1921, 1890) 4249
(1906, 1906) 5536
(1968, 1906) 493
(1937, 1937) 8037
(1859, 1984) 773
(1827, 1984) 764
(1827, 1952) 0
(1859, 1952) 1384
(1843, 1968) 2921
(1781, 1968) 1671
(1781, 1906) 1881
(1859, 1921) 958
(1827, 1921) 0
(1827, 1890) 1518
(1859, 1890) 0
(1843, 1906) 2476
(1812, 1937) 8949
(1859, 1859) 0
(1827, 1859) 886
(1827, 1827) 0
(1867, 1835) 0
(1855, 1839) 0
(1847, 1839) 0
(1849, 1833) 864
(1845, 1833) 0
(1845, 1829) 0
(1849, 1829) 964
(1847, 1831) 1828
(1855, 1831) 0
(1851, 1835) 1828
(1851, 1819) 0
(1867, 1819) 0
(1859, 1827) 1828
(1843, 1843) 2714
(1796, 1859) 0
(1765, 1859) 231
(1765, 1827) 399
(1796, 1827) 0
(1781, 1843) 630
(1796, 1796) 0
(1765, 1796) 0
(1773, 1773) 632
(1757, 1773) 0
(1757, 1757) 664
(1773, 1757) 0
(1765, 1765) 1296
(1796, 1765) 0
(1781, 1781) 1296
(1843, 1781) 107
(1812, 1812) 4747
(1984, 1859) 0
(1952, 1859) 0
(1952, 1827) 97
(1984, 1827) 1495
(1968, 1843) 1592
(1906, 1843) 777
(1906, 1781) 112
(1968, 1781) 1661
(1937, 1812) 4142
(1875, 1875) 25875
(1718, 1968) 10
(1671, 1984) 893
(1640, 1984) 295
(1640, 1952) 283
(1671, 1952) 1222
(1656, 1968) 2693
(1671, 1921) 0
(1640, 1921) 0
(1640, 1890) 0
(1679, 1898) 778
(1663, 1898) 0
(1663, 1882) 1492
(1679, 1882) 0
(1671, 1890) 2270
(1656, 1906) 2270
(1718, 1906) 169
(1687, 1937) 5142
(1609, 1984) 1124
(1577, 1984) 1700
(1577, 1952) 0
(1609, 1952) 0
(1593, 1968) 2824
(1546, 1984) 991
(1515, 1984) 0
(1515, 1952) 1274
(1546, 1952) 0
(1531, 1968) 2265
(1546, 1921) 0
(1515, 1921) 0
(1515, 1890) 198
(1546, 1890) 1178
(1531, 1906) 1376
(1593, 1906) 1687
(1562, 1937) 8152
(1593, 1843) 1155
(1554, 1867) 0
(1538, 1867) 0
(1538, 1851) 583
(1554, 1851) 904
(1546, 1859) 1487
(1523, 1867) 0
(1511, 1871) 164
(1503, 1871) 400
(1503, 1863) 0
(1511, 1863) 0
(1507, 1867) 564
(1507, 1851) 0
(1523, 1851) 0
(1515, 1859) 564
(1515, 1827) 0
(1546, 1827) 0
(1531, 1843) 2051
(1554, 1804) 0
(1542, 1808) 0
(1534, 1808) 0
(1534, 1800) 1723
(1542, 1800) 1402
(1538, 1804) 3125
(1538, 1788) 0
(1554, 1788) 0
(1546, 1796) 3125
(1523, 1804) 0
(1507, 1804) 248
(1507, 1788) 0
(1523, 1788) 846
(1515, 1796) 1094
(1515, 1765) 1265
(1546, 1765) 0
(1531, 1781) 5484
(1593, 1781) 572
(1562, 1812) 9262
(1742, 1867) 0
(1726, 1867) 0
(1730, 1855) 0
(1722, 1855) 0
(1725, 1850) 0
(1724, 1850) 0
(1724, 1849) 1031
(1725, 1849) 1354
(1725, 1850) 2385
(1723, 1850) 0
(1723, 1848) 0
(1725, 1848) 0
(1724, 1849) 2385
(1720, 1849) 0
(1720, 1845) 0
(1724, 1845) 0
(1722, 1847) 2385
(1730, 1847) 0
(1726, 1851) 2385
(1742, 1851) 0
(1734, 1859) 2385
(1702, 1859) 0
(1702, 1827) 0
(1734, 1827) 0
(1718, 1843) 2385
(1656, 1843) 834
(1656, 1781) 702
(1742, 1804) 0
(1726, 1804) 1157
(1726, 1788) 0
(1742, 1788) 1948
(1734, 1796) 3105
(1702, 1796) 0
(1702, 1765) 0
(1734, 1765) 1063
(1718, 1781) 4168
(1687, 1812) 8089
(1625, 1875) 30645
(1742, 1742) 0
(1726, 1742) 1964
(1726, 1726) 1738
(1742, 1726) 0
(1734, 1734) 3702
(1702, 1734) 0
(1702, 1702) 1737
(1734, 1702) 0
(1718, 1718) 5439
(1671, 1734) 1945
(1648, 1742) 0
(1632, 1742) 0
(1636, 1730) 920
(1628, 1730) 0
(1628, 1722) 293
(1636, 1722) 0
(1632, 1726) 1213
(1648, 1726) 1714
(1640, 1734) 2927
(1640, 1702) 0
(1671, 1702) 1292
(1656, 1718) 6164
(1656, 1656) 0
(1734, 1671) 1018
(1702, 1671) 1773
(1710, 1648) 35
(1694, 1648) 0
(1694, 1632) 0
(1710, 1632) 1918
(1702, 1640) 1953
(1734, 1640) 301
(1718, 1656) 5045
(1687, 1687) 16648
(1617, 1742) 0
(1605, 1746) 1808
(1597, 1746) 0
(1597, 1738) 0
(1605, 1738) 701
(1601, 1742) 2509
(1601, 1726) 244
(1617, 1726) 688
(1609, 1734) 3441
(1577, 1734) 0
(1577, 1702) 607
(1609, 1702) 0
(1593, 1718) 4048
(1531, 1718) 0
(1546, 1671) 0
(1515, 1671) 1017
(1523, 1648) 795
(1507, 1648) 791
(1507, 1632) 0
(1523, 1632) 1475
(1515, 1640) 3061
(1546, 1640) 0
(1531, 1656) 4078
(1617, 1679) 0
(1605, 1683) 1388
(1597, 1683) 0
(1597, 1675) 0
(1605, 1675) 1675
(1601, 1679) 3063
(1601, 1663) 0
(1617, 1663) 0
(1609, 1671) 3063
(1577, 1671) 0
(1577, 1640) 0
(1609, 1640) 0
(1593, 1656) 3063
(1562, 1687) 11189
(1593, 1593) 959
(1531, 1593) 771
(1554, 1554) 0
(1538, 1554) 1726
(1538, 1538) 0
(1554, 1538) 1690
(1546, 1546) 3416
(1515, 1546) 1346
(1515, 1515) 1794
(1546, 1515) 0
(1531, 1531) 6556
(1593, 1531) 0
(1562, 1562) 8286
(1718, 1593) 1150
(1656, 1593) 1712
(1671, 1546) 0
(1640, 1546) 15
(1640, 1515) 0
(1679, 1523) 0
(1663, 1523) 1923
(1663, 1507) 0
(1679, 1507) 1726
(1671, 1515) 3649
(1656, 1531) 3664
(1734, 1546) 1437
(1702, 1546) 1482
(1710, 1523) 0
(1698, 1527) 1056
(1690, 1527) 0
(1690, 1519) 1219
(1698, 1519) 0
(1694, 1523) 2275
(1694, 1507) 0
(1710, 1507) 158
(1702, 1515) 2433
(1734, 1515) 0
(1718, 1531) 5352
(1687, 1562) 11878
(1625, 1625) 48001
(1968, 1718) 109
(1906, 1718) 684
(1921, 1671) 125
(1890, 1671) 0
(1890, 1640) 1024
(1921, 1640) 0
(1906, 1656) 1149
(1968, 1656) 1805
(1937, 1687) 3747
(1843, 1718) 584
(1781, 1718) 219
(1796, 1671) 1099
(1765, 1671) 1262
(1765, 1640) 0
(1796, 1640) 0
(1781, 1656) 2361
(1843, 1656) 155
(1812, 1687) 3319
(1859, 1609) 0
(1827, 1609) 0
(1827, 1577) 1345
(1867, 1585) 500
(1851, 1585) 0
(1851, 1569) 0
(1867, 1569) 112
(1859, 1577) 612
(1843, 1593) 1957
(1781, 1593) 0
(1796, 1546) 1967
(1765, 1546) 0
(1765, 1515) 541
(1796, 1515) 0
(1781, 1531) 2508
(1843, 1531) 1148
(1812, 1562) 5613
(1992, 1617) 1773
(1976, 1617) 166
(1976, 1601) 1441
(1992, 1601) 0
(1984, 1609) 3380
(1952, 1609) 25
(1952, 1577) 0
(1984, 1577) 0
(1968, 1593) 3405
(1929, 1617) 0
(1913, 1617) 0
(1913, 1601) 1529
(1929, 1601) 1222
(1921, 1609) 2751
(1890, 1609) 971
(1890, 1577) 0
(1921, 1577) 0
(1906, 1593) 3722
(1921, 1546) 0
(1890, 1546) 598
(1890, 1515) 0
(1921, 1515) 432
(1906, 1531) 1030
(1968, 1531) 216
(1937, 1562) 8373
(1875, 1625) 21052
(1750, 1750) 125573
(1468, 1968) 280
(1429, 1992) 648
(1413, 1992) 766
(1413, 1976) 0
(1429, 1976) 0
(1421, 1984) 1414
(1390, 1984) 0
(1390, 1952) 0
(1421, 1952) 761
(1406, 1968) 2175
(1406, 1906) 183
(1468, 1906) 688
(1437, 1937) 3326
(1359, 1984) 0
(1327, 1984) 778
(1327, 1952) 0
(1359, 1952) 1502
(1343, 1968) 2280
(1304, 1992) 0
(1288, 1992) 0
(1288, 1976) 0
(1308, 1980) 1528
(1300, 1980) 0
(1300, 1972) 0
(1308, 1972) 1476
(1304, 1976) 3004
(1296, 1984) 3004
(1265, 1984) 0
(1265, 1952) 0
(1296, 1952) 304
(1281, 1968) 3308
(1281, 1906) 445
(1359, 1921) 0
(1327, 1921) 908
(1327, 1890) 1169
(1359, 1890) 911
(1343, 1906) 2988
(1312, 1937) 9021
(1343, 1843) 984
(1296, 1859) 1537
(1265, 1859) 0
(1273, 1835) 0
(1257, 1835) 0
(1257, 1819) 1030
(1277, 1823) 0
(1269, 1823) 118
(1269, 1815) 0
(1277, 1815) 491
(1273, 1819) 609
(1265, 1827) 1639
(1296, 1827) 271
(1281, 1843) 3447
(1296, 1796) 419
(1265, 1796) 0
(1265, 1765) 1400
(1296, 1765) 0
(1281, 1781) 1819
(1359, 1796) 0
(1327, 1796) 1512
(1327, 1765) 1886
(1359, 1765) 0
(1343, 1781) 3398
(1312, 1812) 9648
(1492, 1867) 0
(1480, 1871) 528
(1472, 1871) 0
(1472, 1863) 0
(1480, 1863) 1244
(1476, 1867) 1772
(1476, 1851) 0
(1492, 1851) 0
(1484, 1859) 1772
(1452, 1859) 0
(1452, 1827) 0
(1484, 1827) 0
(1468, 1843) 1772
(1421, 1859) 0
(1390, 1859) 809
(1398, 1835) 261
(1382, 1835) 29
(1382, 1819) 0
(1398, 1819) 0
(1390, 1827) 290
(1421, 1827) 0
(1406, 1843) 1099
(1406, 1781) 1343
(1484, 1796) 0
(1460, 1804) 947
(1444, 1804) 0
(1444, 1788) 0
(1460, 1788) 906
(1452, 1796) 1853
(1452, 1765) 0
(1484, 1765) 0
(1468, 1781) 1853
(1437, 1812) 6067
(1375, 1875) 28062
(1234, 1984) 1726
(1202, 1984) 0
(1210, 1960) 0
(1194, 1960) 0
(1194, 1944) 0
(1214, 1948) 0
(1206, 1948) 0
(1206, 1940) 1605
(1214, 1940) 449
(1210, 1944) 2054
(1202, 1952) 2054
(1234, 1952) 0
(1218, 1968) 3780
(1171, 1984) 388
(1140, 1984) 223
(1140, 1952) 234
(1171, 1952) 1002
(1156, 1968) 1847
(1156, 1906) 0
(1234, 1921) 0
(1210, 1929) 0
(1194, 1929) 0
(1194, 1913) 0
(1214, 1917) 727
(1206, 1917) 0
(1206, 1909) 502
(1214, 1909) 0
(1210, 1913) 1229
(1202, 1921) 1229
(1202, 1890) 0
(1234, 1890) 958
(1218, 1906) 2187
(1187, 1937) 7814
(1109, 1984) 0
(1077, 1984) 0
(1077, 1952) 868
(1117, 1960) 1926
(1101, 1960) 0
(1105, 1948) 0
(1097, 1948) 0
(1097, 1940) 1516
(1105, 1940) 685
(1101, 1944) 2201
(1117, 1944) 0
(1109, 1952) 4127
(1093, 1968) 4995
(1054, 1992) 0
(1038, 1992) 23
(1038, 1976) 0
(1054, 1976) 285
(1046, 1984) 308
(1015, 1984) 74
(1023, 1960) 0
(1007, 1960) 1555
(1007, 1944) 1770
(1023, 1944) 0
(1015, 1952) 3325
(1054, 1960) 0
(1038, 1960) 0
(1038, 1944) 123
(1054, 1944) 1672
(1046, 1952) 1795
(1031, 1968) 5502
(1031, 1906) 941
(1109, 1921) 0
(1077, 1921) 0
(1077, 1890) 253
(1109, 1890) 1660
(1093, 1906) 1913
(1062, 1937) 13351
(1093, 1843) 631
(1031, 1843) 703
(1046, 1796) 0
(1015, 1796) 122
(1015, 1765) 1019
(1046, 1765) 1039
(1031, 1781) 2180
(1093, 1781) 425
(1062, 1812) 3939
(1234, 1859) 1745
(1202, 1859) 0
(1210, 1835) 0
(1194, 1835) 0
(1194, 1819) 1401
(1210, 1819) 1622
(1202, 1827) 3023
(1234, 1827) 0
(1218, 1843) 4768
(1156, 1843) 429
(1179, 1804) 0
(1167, 1808) 1
(1159, 1808) 0
(1159, 1800) 0
(1167, 1800) 221
(1163, 1804) 222
(1163, 1788) 1242
(1179, 1788) 0
(1171, 1796) 1464
(1140, 1796) 180
(1140, 1765) 575
(1171, 1765) 0
(1156, 1781) 2219
(1218, 1781) 1149
(1187, 1812) 8565
(1125, 1875) 33669
(1234, 1734) 1933
(1210, 1742) 0
(1194, 1742) 1016
(1194, 1726) 0
(1210, 1726) 945
(1202, 1734) 1961
(1202, 1702) 0
(1234, 1702) 0
(1218, 1718) 3894
(1171, 1734) 1258
(1140, 1734) 0
(1140, 1702) 1922
(1171, 1702) 618
(1156, 1718) 3798
(1156, 1656) 1009
(1218, 1656) 1462
(1187, 1687) 10163
(1093, 1718) 0
(1046, 1734) 1733
(1015, 1734) 1266
(1015, 1702) 0
(1046, 1702) 1485
(1031, 1718) 4484
(1031, 1656) 563
(1117, 1679) 0
(1101, 1679) 782
(1101, 1663) 0
(1117, 1663) 1324
(1109, 1671) 2106
(1077, 1671) 0
(1077, 1640) 0
(1109, 1640) 0
(1093, 1656) 2106
(1062, 1687) 7153
(1109, 1609) 29
(1077, 1609) 1876
(1077, 1577) 0
(1109, 1577) 0
(1093, 1593) 1905
(1046, 1609) 0
(1023, 1617) 152
(1007, 1617) 0
(1007, 1601) 0
(1027, 1605) 209
(1019, 1605) 0
(1019, 1597) 0
(1027, 1597) 1281
(1023, 1601) 1490
(1015, 1609) 1642
(1015, 1577) 1243
(1054, 1585) 0
(1038, 1585) 1859
(1038, 1569) 95
(1054, 1569) 0
(1046, 1577) 1954
(1031, 1593) 4839
(1046, 1546) 0
(1015, 1546) 0
(1015, 1515) 0
(1054, 1523) 0
(1038, 1523) 1590
(1038, 1507) 1028
(1054, 1507) 0
(1046, 1515) 2618
(1031, 1531) 2618
(1093, 1531) 1199
(1062, 1562) 10561
(1234, 1609) 0
(1202, 1609) 0
(1210, 1585) 0
(1194, 1585) 1928
(1194, 1569) 1577
(1210, 1569) 0
(1202, 1577) 3505
(1242, 1585) 0
(1226, 1585) 0
(1226, 1569) 211
(1242, 1569) 1057
(1234, 1577) 1268
(1218, 1593) 4773
(1156, 1593) 808
(1179, 1554) 0
(1163, 1554) 0
(1163, 1538) 21
(1179, 1538) 268
(1171, 1546) 289
(1140, 1546) 0
(1140, 1515) 1468
(1171, 1515) 1938
(1156, 1531) 3695
(1218, 1531) 488
(1187, 1562) 9764
(1125, 1625) 37641
(1484, 1734) 290
(1452, 1734) 0
(1452, 1702) 1034
(1484, 1702) 0
(1468, 1718) 1324
(1429, 1742) 812
(1413, 1742) 1655
(1413, 1726) 0
(1429, 1726) 0
(1421, 1734) 2467
(1390, 1734) 744
(1390, 1702) 0
(1421, 1702) 1139
(1406, 1718) 4350
(1406, 1656) 1544
(1468, 1656) 1885
(1437, 1687) 9103
(1343, 1718) 973
(1281, 1718) 1358
(1281, 1656) 0
(1343, 1656) 739
(1312, 1687) 3070
(1367, 1617) 0
(1351, 1617) 0
(1351, 1601) 0
(1371, 1605) 0
(1363, 1605) 0
(1365, 1599) 0
(1361, 1599) 0
(1362, 1596) 1
(1360, 1596) 0
(1360, 1594) 72
(1362, 1594) 0
(1361, 1595) 73
(1365, 1595) 0
(1363, 1597) 73
(1371, 1597) 0
(1367, 1601) 73
(1359, 1609) 73
(1327, 1609) 0
(1327, 1577) 0
(1359, 1577) 0
(1343, 1593) 73
(1296, 1609) 0
(1265, 1609) 1920
(1265, 1577) 1526
(1296, 1577) 0
(1281, 1593) 3446
(1296, 1546) 795
(1265, 1546) 1658
(1265, 1515) 0
(1296, 1515) 0
(1281, 1531) 2453
(1359, 1546) 1312
(1327, 1546) 1338
(1327, 1515) 0
(1359, 1515) 928
(1343, 1531) 3578
(1312, 1562) 9550
(1484, 1609) 0
(1460, 1617) 525
(1444, 1617) 0
(1444, 1601) 62
(1460, 1601) 0
(1452, 1609) 587
(1452, 1577) 0
(1484, 1577) 0
(1468, 1593) 587
(1406, 1593) 0
(1421, 1546) 1726
(1390, 1546) 0
(1390, 1515) 1166
(1421, 1515) 1084
(1406, 1531) 3976
(1468, 1531) 162
(1437, 1562) 4725
(1375, 1625) 26448
(1250, 1750) 125820
(1468, 1468) 232
(1421, 1484) 482
(1402, 1496) 59
(1394, 1496) 790
(1394, 1488) 0
(1402, 1488) 0
(1398, 1492) 849
(1382, 1492) 0
(1382, 1476) 0
(1398, 1476) 0
(1390, 1484) 849
(1398, 1460) 0
(1382, 1460) 379
(1382, 1444) 0
(1398, 1444) 1763
(1390, 1452) 2142
(1421, 1452) 0
(1406, 1468) 3473
(1421, 1421) 0
(1390, 1421) 1038
(1398, 1398) 0
(1382, 1398) 823
(1382, 1382) 865
(1398, 1382) 0
(1390, 1390) 1688
(1421, 1390) 0
(1406, 1406) 2726
(1484, 1421) 0
(1452, 1421) 1020
(1460, 1398) 0
(1448, 1402) 0
(1440, 1402) 0
(1440, 1394) 1110
(1448, 1394) 18
(1444, 1398) 1128
(1444, 1382) 0
(1460, 1382) 0
(1452, 1390) 1128
(1484, 1390) 0
(1468, 1406) 2148
(1437, 1437) 8579
(1359, 1484) 361
(1327, 1484) 0
(1327, 1452) 1880
(1359, 1452) 1242
(1343, 1468) 3483
(1281, 1468) 0
(1281, 1406) 354
(1343, 1406) 368
(1312, 1437) 4205
(1359, 1359) 0
(1327, 1359) 1378
(1335, 1335) 0
(1319, 1335) 1489
(1319, 1319) 0
(1335, 1319) 499
(1327, 1327) 1988
(1359, 1327) 967
(1343, 1343) 4333
(1296, 1359) 0
(1265, 1359) 644
(1265, 1327) 1796
(1296, 1327) 562
(1281, 1343) 3002
(1281, 1281) 0
(1359, 1296) 0
(1327, 1296) 189
(1327, 1265) 57
(1367, 1273) 0
(1351, 1273) 0
(1355, 1261) 0
(1347, 1261) 132
(1347, 1253) 0
(1355, 1253) 331
(1351, 1257) 463
(1367, 1257) 0
(1359, 1265) 463
(1343, 1281) 709
(1312, 1312) 8044
(1468, 1343) 0
(1406, 1343) 0
(1406, 1281) 797
(1484, 1296) 4
(1460, 1304) 859
(1444, 1304) 1002
(1444, 1288) 1286
(1460, 1288) 0
(1452, 1296) 3147
(1452, 1265) 0
(1484, 1265) 846
(1468, 1281) 3997
(1437, 1312) 4794
(1375, 1375) 25622
(1234, 1484) 328
(1202, 1484) 0
(1210, 1460) 186
(1194, 1460) 1615
(1194, 1444) 463
(1210, 1444) 0
(1202, 1452) 2264
(1234, 1452) 0
(1218, 1468) 2592
(1171, 1484) 0
(1140, 1484) 1168
(1140, 1452) 0
(1171, 1452) 1641
(1156, 1468) 2809
(1171, 1421) 1419
(1140, 1421) 212
(1140, 1390) 0
(1171, 1390) 1106
(1156, 1406) 2737
(1218, 1406) 0
(1187, 1437) 8138
(1109, 1484) 0
(1085, 1492) 0
(1069, 1492) 1507
(1069, 1476) 833
(1085, 1476) 0
(1077, 1484) 2340
(1077, 1452) 0
(1109, 1452) 0
(1093, 1468) 2340
(1046, 1484) 1216
(1015, 1484) 157
(1015, 1452) 0
(1046, 1452) 0
(1031, 1468) 1373
(1054, 1429) 1730
(1038, 1429) 1839
(1038, 1413) 0
(1054, 1413) 0
(1046, 1421) 3569
(1015, 1421) 1243
(1015, 1390) 0
(1054, 1398) 0
(1042, 1402) 231
(1034, 1402) 0
(1034, 1394) 9
(1042, 1394) 0
(1038, 1398) 240
(1038, 1382) 0
(1054, 1382) 0
(1046, 1390) 240
(1031, 1406) 5052
(1093, 1406) 277
(1062, 1437) 9042
(1109, 1359) 0
(1077, 1359) 21
(1077, 1327) 336
(1109, 1327) 0
(1093, 1343) 357
(1046, 1359) 509
(1015, 1359) 0
(1015, 1327) 568
(1046, 1327) 0
(1031, 1343) 1077
(1046, 1296) 1323
(1023, 1304) 520
(1007, 1304) 0
(1007, 1288) 0
(1023, 1288) 636
(1015, 1296) 1156
(1015, 1265) 0
(1046, 1265) 0
(1031, 1281) 2479
(1109, 1296) 229
(1077, 1296) 0
(1077, 1265) 786
(1109, 1265) 522
(1093, 1281) 1537
(1062, 1312) 5450
(1218, 1343) 246
(1171, 1359) 490
(1140, 1359) 0
(1140, 1327) 0
(1179, 1335) 0
(1163, 1335) 0
(1163, 1319) 1290
(1179, 1319) 637
(1171, 1327) 1927
(1156, 1343) 2417
(1156, 1281) 1674
(1218, 1281) 43
(1187, 1312) 4380
(1125, 1375) 27010
(1218, 1218) 0
(1156, 1218) 0
(1171, 1171) 0
(1140, 1171) 0
(1140, 1140) 1914
(1171, 1140) 744
(1156, 1156) 2658
(1234, 1171) 646
(1202, 1171) 0
(1202, 1140) 1072
(1234, 1140) 1402
(1218, 1156) 3120
(1187, 1187) 5778
(1093, 1218) 0
(1046, 1234) 0
(1015, 1234) 274
(1015, 1202) 0
(1046, 1202) 1712
(1031, 1218) 1986
(1054, 1179) 0
(1038, 1179) 1906
(1038, 1163) 0
(1054, 1163) 1433
(1046, 1171) 3339
(1015, 1171) 0
(1015, 1140) 0
(1046, 1140) 0
(1031, 1156) 3339
(1109, 1171) 0
(1077, 1171) 1825
(1077, 1140) 409
(1109, 1140) 0
(1093, 1156) 2234
(1062, 1187) 7559
(1093, 1093) 1131
(1031, 1093) 1577
(1046, 1046) 479
(1015, 1046) 0
(1023, 1023) 0
(1007, 1023) 0
(1011, 1011) 182
(1003, 1011) 0
(1005, 1005) 0
(1001, 1005) 1953
(1001, 1001) 0
(1005, 1001) 734
(1003, 1003) 2687
(1011, 1003) 0
(1007, 1007) 2869
(1023, 1007) 0
(1015, 1015) 2869
(1046, 1015) 1219
(1031, 1031) 4567
(1109, 1046) 0
(1077, 1046) 0
(1077, 1015) 677
(1109, 1015) 1932
(1093, 1031) 2609
(1062, 1062) 9884
(1218, 1093) 850
(1171, 1109) 0
(1148, 1117) 111
(1132, 1117) 1338
(1132, 1101) 0
(1148, 1101) 0
(1140, 1109) 1449
(1140, 1077) 833
(1171, 1077) 0
(1156, 1093) 2282
(1171, 1046) 0
(1140, 1046) 0
(1140, 1015) 558
(1183, 1027) 0
(1175, 1027) 0
(1175, 1019) 1289
(1183, 1019) 418
(1179, 1023) 1707
(1163, 1023) 0
(1163, 1007) 0
(1179, 1007) 0
(1171, 1015) 1707
(1156, 1031) 2265
(1218, 1031) 0
(1187, 1062) 5397
(1125, 1125) 28618
(1468, 1218) 697
(1421, 1234) 1565
(1390, 1234) 0
(1398, 1210) 0
(1382, 1210) 1191
(1382, 1194) 0
(1398, 1194) 1259
(1390, 1202) 2450
(1421, 1202) 0
(1406, 1218) 4015
(1406, 1156) 0
(1484, 1171) 650
(1452, 1171) 1757
(1452, 1140) 0
(1484, 1140) 501
(1468, 1156) 2908
(1437, 1187) 7620
(1343, 1218) 742
(1296, 1234) 583
(1265, 1234) 896
(1265, 1202) 1744
(1296, 1202) 0
(1281, 1218) 3223
(1296, 1171) 0
(1265, 1171) 0
(1265, 1140) 1942
(1296, 1140) 304
(1281, 1156) 2246
(1343, 1156) 197
(1312, 1187) 6408
(1343, 1093) 1869
(1296, 1109) 1322
(1273, 1117) 0
(1257, 1117) 0
(1257, 1101) 1525
(1273, 1101) 592
(1265, 1109) 2117
(1265, 1077) 0
(1296, 1077) 1046
(1281, 1093) 4485
(1296, 1046) 678
(1265, 1046) 0
(1265, 1015) 0
(1304, 1023) 0
(1288, 1023) 0
(1288, 1007) 1204
(1304, 1007) 1637
(1296, 1015) 2841
(1281, 1031) 3519
(1359, 1046) 1043
(1327, 1046) 0
(1327, 1015) 1399
(1367, 1023) 0
(1351, 1023) 122
(1351, 1007) 1480
(1367, 1007) 0
(1359, 1015) 1602
(1343, 1031) 4044
(1312, 1062) 13917
(1468, 1093) 847
(1421, 1109) 1557
(1390, 1109) 0
(1390, 1077) 1378
(1421, 1077) 0
(1406, 1093) 2935
(1429, 1054) 1281
(1413, 1054) 0
(1417, 1042) 1871
(1409, 1042) 1184
(1409, 1034) 0
(1417, 1034) 0
(1413, 1038) 3055
(1429, 1038) 0
(1421, 1046) 4336
(1390, 1046) 1311
(1390, 1015) 0
(1421, 1015) 0
(1406, 1031) 5647
(1468, 1031) 1516
(1437, 1062) 10945
(1375, 1125) 38890
(1250, 1250) 120140
(1968, 1468) 0
(1921, 1484) 1310
(1890, 1484) 541
(1890, 1452) 1295
(1921, 1452) 0
(1906, 1468) 3146
(1906, 1406) 456
(1968, 1406) 0
(1937, 1437) 3602
(1859, 1484) 1991
(1827, 1484) 0
(1827, 1452) 1981
(1859, 1452) 0
(1843, 1468) 3972
(1796, 1484) 0
(1765, 1484) 1666
(1765, 1452) 1995
(1796, 1452) 199
(1781, 1468) 3860
(1781, 1406) 497
(1867, 1429) 1988
(1851, 1429) 0
(1851, 1413) 251
(1867, 1413) 0
(1859, 1421) 2239
(1827, 1421) 0
(1827, 1390) 0
(1859, 1390) 0
(1843, 1406) 2239
(1812, 1437) 10568
(1843, 1343) 0
(1781, 1343) 78
(1781, 1281) 865
(1859, 1296) 584
(1827, 1296) 0
(1835, 1273) 0
(1823, 1277) 437
(1815, 1277) 0
(1815, 1269) 0
(1823, 1269) 1705
(1819, 1273) 2142
(1819, 1257) 0
(1835, 1257) 0
(1827, 1265) 2142
(1859, 1265) 0
(1843, 1281) 2726
(1812, 1312) 3669
(1984, 1359) 1215
(1952, 1359) 1088
(1960, 1335) 0
(1944, 1335) 658
(1944, 1319) 212
(1960, 1319) 0
(1952, 1327) 870
(1984, 1327) 0
(1968, 1343) 3173
(1906, 1343) 655
(1906, 1281) 0
(1984, 1296) 564
(1952, 1296) 0
(1952, 1265) 310
(1984, 1265) 998
(1968, 1281) 1872
(1937, 1312) 5700
(1875, 1375) 23539
(1734, 1484) 0
(1702, 1484) 103
(1702, 1452) 1401
(1734, 1452) 0
(1718, 1468) 1504
(1671, 1484) 0
(1640, 1484) 179
(1640, 1452) 0
(1671, 1452) 247
(1656, 1468) 426
(1671, 1421) 0
(1640, 1421) 0
(1640, 1390) 234
(1671, 1390) 283
(1656, 1406) 517
(1718, 1406) 0
(1687, 1437) 2447
(1562, 1437) 0
(1609, 1359) 1739
(1577, 1359) 1397
(1577, 1327) 437
(1609, 1327) 0
(1593, 1343) 3573
(1554, 1367) 1666
(1538, 1367) 0
(1538, 1351) 619
(1554, 1351) 0
(1546, 1359) 2285
(1515, 1359) 0
(1515, 1327) 0
(1546, 1327) 0
(1531, 1343) 2285
(1546, 1296) 1299
(1515, 1296) 0
(1523, 1273) 1760
(1507, 1273) 0
(1507, 1257) 0
(1523, 1257) 1896
(1515, 1265) 3656
(1546, 1265) 0
(1531, 1281) 4955
(1609, 1296) 0
(1577, 1296) 633
(1577, 1265) 1321
(1609, 1265) 314
(1593, 1281) 2268
(1562, 1312) 13081
(1718, 1343) 0
(1656, 1343) 1932
(1656, 1281) 0
(1734, 1296) 1842
(1702, 1296) 0
(1702, 1265) 1898
(1734, 1265) 1692
(1718, 1281) 5432
(1687, 1312) 7364
(1625, 1375) 22892
(1718, 1218) 483
(1671, 1234) 0
(1640, 1234) 0
(1640, 1202) 504
(1679, 1210) 0
(1663, 1210) 0
(1663, 1194) 246
(1679, 1194) 1059
(1671, 1202) 1305
(1656, 1218) 1809
(1671, 1171) 0
(1640, 1171) 1522
(1640, 1140) 0
(1671, 1140) 1773
(1656, 1156) 3295
(1718, 1156) 872
(1687, 1187) 6459
(1609, 1234) 0
(1577, 1234) 0
(1577, 1202) 363
(1609, 1202) 607
(1593, 1218) 970
(1546, 1234) 1602
(1515, 1234) 0
(1515, 1202) 1162
(1546, 1202) 1301
(1531, 1218) 4065
(1546, 1171) 0
(1515, 1171) 0
(1515, 1140) 81
(1554, 1148) 0
(1538, 1148) 0
(1538, 1132) 0
(1558, 1136) 454
(1550, 1136) 0
(1550, 1128) 1547
(1558, 1128) 0
(1554, 1132) 2001
(1546, 1140) 2001
(1531, 1156) 2082
(1609, 1171) 0
(1585, 1179) 163
(1569, 1179) 0
(1569, 1163) 0
(1585, 1163) 1839
(1577, 1171) 2002
(1577, 1140) 0
(1609, 1140) 0
(1593, 1156) 2002
(1562, 1187) 9119
(1609, 1109) 1694
(1577, 1109) 0
(1577, 1077) 1241
(1609, 1077) 0
(1593, 1093) 2935
(1554, 1117) 1303
(1538, 1117) 666
(1538, 1101) 0
(1554, 1101) 0
(1546, 1109) 1969
(1523, 1117) 37
(1507, 1117) 1473
(1507, 1101) 0
(1523, 1101) 0
(1515, 1109) 1510
(1515, 1077) 1297
(1546, 1077) 0
(1531, 1093) 4776
(1546, 1046) 256
(1515, 1046) 1709
(1523, 1023) 355
(1507, 1023) 0
(1507, 1007) 643
(1523, 1007) 0
(1515, 1015) 998
(1546, 1015) 0
(1531, 1031) 2963
(1593, 1031) 0
(1562, 1062) 10674
(1734, 1109) 1328
(1710, 1117) 0
(1694, 1117) 0
(1694, 1101) 1754
(1710, 1101) 580
(1702, 1109) 2334
(1702, 1077) 0
(1734, 1077) 971
(1718, 1093) 4633
(1671, 1109) 558
(1640, 1109) 0
(1640, 1077) 326
(1671, 1077) 0
(1656, 1093) 884
(1679, 1054) 0
(1663, 1054) 90
(1663, 1038) 0
(1679, 1038) 1285
(1671, 1046) 1375
(1640, 1046) 0
(1640, 1015) 0
(1671, 1015) 0
(1656, 1031) 1375
(1742, 1054) 0
(1726, 1054) 1809
(1726, 1038) 0
(1742, 1038) 1272
(1734, 1046) 3081
(1702, 1046) 0
(1710, 1023) 737
(1694, 1023) 0
(1694, 1007) 1065
(1710, 1007) 0
(1702, 1015) 1802
(1734, 1015) 10
(1718, 1031) 4893
(1687, 1062) 11785
(1625, 1125) 38037
(1992, 1242) 0
(1976, 1242) 0
(1976, 1226) 1926
(1992, 1226) 708
(1984, 1234) 2634
(1960, 1242) 0
(1944, 1242) 1531
(1944, 1226) 0
(1960, 1226) 1391
(1952, 1234) 2922
(1952, 1202) 0
(1984, 1202) 1275
(1968, 1218) 6831
(1921, 1234) 1333
(1890, 1234) 1959
(1890, 1202) 0
(1921, 1202) 0
(1906, 1218) 3292
(1921, 1171) 0
(1898, 1179) 0
(1882, 1179) 903
(1882, 1163) 1421
(1898, 1163) 0
(1890, 1171) 2324
(1890, 1140) 0
(1921, 1140) 0
(1906, 1156) 2324
(1968, 1156) 0
(1937, 1187) 12447
(1859, 1234) 0
(1827, 1234) 1617
(1827, 1202) 1813
(1859, 1202) 1949
(1843, 1218) 5379
(1796, 1234) 0
(1765, 1234) 0
(1765, 1202) 0
(1804, 1210) 0
(1788, 1210) 0
(1788, 1194) 351
(1804, 1194) 1259
(1796, 1202) 1610
(1781, 1218) 1610
(1796, 1171) 0
(1765, 1171) 913
(1765, 1140) 488
(1796, 1140) 0
(1781, 1156) 1401
(1859, 1171) 1815
(1827, 1171) 0
(1827, 1140) 30
(1859, 1140) 0
(1843, 1156) 1845
(1812, 1187) 10235
(1859, 1109) 0
(1827, 1109) 0
(1827, 1077) 1546
(1859, 1077) 202
(1843, 1093) 1748
(1781, 1093) 0
(1781, 1031) 264
(1843, 1031) 0
(1812, 1062) 2012
(1984, 1109) 0
(1964, 1121) 0
(1956, 1121) 462
(1956, 1113) 0
(1964, 1113) 1087
(1960, 1117) 1549
(1944, 1117) 0
(1944, 1101) 0
(1960, 1101) 0
(1952, 1109) 1549
(1952, 1077) 784
(1984, 1077) 132
(1968, 1093) 2465
(1906, 1093) 0
(1921, 1046) 0
(1890, 1046) 0
(1890, 1015) 380
(1929, 1023) 0
(1917, 1027) 795
(1909, 1027) 1277
(1909, 1019) 0
(1917, 1019) 0
(1913, 1023) 2072
(1913, 1007) 0
(1929, 1007) 0
(1921, 1015) 2072
(1906, 1031) 2452
(1984, 1046) 0
(1952, 1046) 1940
(1952, 1015) 0
(1984, 1015) 1550
(1968, 1031) 3490
(1937, 1062) 8407
(1875, 1125) 33101
(1750, 1250) 117569
(1500, 1500) 489102
(968, 1968) 569
(921, 1984) 0
(890, 1984) 0
(890, 1952) 1126
(921, 1952) 1410
(906, 1968) 2536
(929, 1929) 257
(913, 1929) 0
(917, 1917) 933
(909, 1917) 1814
(909, 1909) 0
(917, 1909) 0
(913, 1913) 2747
(929, 1913) 0
(921, 1921) 3004
(890, 1921) 0
(890, 1890) 0
(921, 1890) 0
(906, 1906) 3004
(968, 1906) 91
(937, 1937) 6200
(812, 1937) 631
(843, 1843) 0
(796, 1859) 0
(765, 1859) 809
(765, 1827) 977
(796, 1827) 0
(781, 1843) 1786
(781, 1781) 494
(843, 1781) 866
(812, 1812) 3146
(968, 1843) 869
(929, 1867) 0
(913, 1867) 0
(913, 1851) 189
(929, 1851) 403
(921, 1859) 592
(890, 1859) 20
(890, 1827) 0
(921, 1827) 0
(906, 1843) 612
(921, 1796) 0
(890, 1796) 105
(890, 1765) 961
(921, 1765) 252
(906, 1781) 1318
(984, 1796) 459
(952, 1796) 0
(952, 1765) 0
(984, 1765) 1737
(968, 1781) 2196
(937, 1812) 4995
(875, 1875) 14972
(734, 1984) 23
(702, 1984) 0
(702, 1952) 737
(734, 1952) 0
(718, 1968) 760
(671, 1984) 1812
(640, 1984) 0
(640, 1952) 273
(671, 1952) 0
(656, 1968) 2085
(671, 1921) 1314
(640, 1921) 1181
(640, 1890) 0
(671, 1890) 0
(656, 1906) 2495
(718, 1906) 0
(687, 1937) 5340
(617, 1992) 0
(601, 1992) 75
(601, 1976) 1733
(617, 1976) 0
(609, 1984) 1808
(577, 1984) 0
(577, 1952) 0
(609, 1952) 156
(593, 1968) 1964
(531, 1968) 0
(531, 1906) 706
(593, 1906) 715
(562, 1937) 3385
(609, 1859) 0
(577, 1859) 0
(577, 1827) 1525
(609, 1827) 1571
(593, 1843) 3096
(531, 1843) 996
(531, 1781) 0
(609, 1796) 0
(577, 1796) 0
(577, 1765) 0
(617, 1773) 0
(601, 1773) 0
(601, 1757) 68
(617, 1757) 1291
(609, 1765) 1359
(593, 1781) 1359
(562, 1812) 5451
(734, 1859) 576
(710, 1867) 389
(694, 1867) 0
(694, 1851) 1560
(710, 1851) 0
(702, 1859) 1949
(702, 1827) 0
(734, 1827) 0
(718, 1843) 2525
(656, 1843) 1082
(671, 1796) 0
(640, 1796) 429
(640, 1765) 817
(671, 1765) 0
(656, 1781) 1246
(734, 1796) 0
(702, 1796) 1847
(702, 1765) 0
(734, 1765) 1929
(718, 1781) 3776
(687, 1812) 8629
(625, 1875) 22805
(742, 1742) 1993
(726, 1742) 681
(726, 1726) 0
(742, 1726) 0
(734, 1734) 2674
(702, 1734) 945
(702, 1702) 0
(734, 1702) 0
(718, 1718) 3619
(656, 1718) 399
(656, 1656) 0
(734, 1671) 0
(710, 1679) 0
(698, 1683) 0
(690, 1683) 0
(690, 1675) 0
(701, 1678) 0
(699, 1678) 1859
(699, 1676) 417
(701, 1676) 0
(700, 1677) 2276
(696, 1677) 0
(696, 1673) 0
(700, 1673) 0
(698, 1675) 2276
(694, 1679) 2276
(694, 1663) 0
(710, 1663) 0
(702, 1671) 2276
(702, 1640) 0
(734, 1640) 0
(718, 1656) 2276
(687, 1687) 6294
(609, 1734) 149
(589, 1746) 0
(581, 1746) 0
(581, 1738) 0
(591, 1740) 1484
(587, 1740) 0
(587, 1736) 569
(591, 1736) 0
(589, 1738) 2053
(585, 1742) 2053
(569, 1742) 0
(569, 1726) 0
(585, 1726) 0
(577, 1734) 2053
(577, 1702) 0
(609, 1702) 703
(593, 1718) 2905
(546, 1734) 1712
(515, 1734) 0
(515, 1702) 0
(554, 1710) 0
(538, 1710) 325
(538, 1694) 1747
(554, 1694) 0
(546, 1702) 2072
(531, 1718) 3784
(531, 1656) 862
(593, 1656) 630
(562, 1687) 8181
(609, 1609) 0
(577, 1609) 1512
(577, 1577) 1702
(609, 1577) 0
(593, 1593) 3214
(531, 1593) 1920
(546, 1546) 1491
(515, 1546) 0
(515, 1515) 0
(546, 1515) 1240
(531, 1531) 2731
(617, 1554) 1377
(601, 1554) 965
(601, 1538) 0
(617, 1538) 0
(609, 1546) 2342
(577, 1546) 0
(577, 1515) 1325
(609, 1515) 0
(593, 1531) 3667
(562, 1562) 11532
(734, 1609) 0
(702, 1609) 0
(702, 1577) 0
(742, 1585) 0
(730, 1589) 0
(722, 1589) 0
(722, 1581) 0
(732, 1583) 0
(728, 1583) 0
(728, 1579) 0
(733, 1580) 496
(731, 1580) 0
(731, 1578) 0
(733, 1578) 1835
(732, 1579) 2331
(730, 1581) 2331
(726, 1585) 2331
(726, 1569) 0
(742, 1569) 984
(734, 1577) 3315
(718, 1593) 3315
(671, 1609) 739
(640, 1609) 496
(640, 1577) 0
(679, 1585) 0
(667, 1589) 175
(659, 1589) 0
(659, 1581) 0
(667, 1581) 1946
(663, 1585) 2121
(663, 1569) 0
(679, 1569) 0
(671, 1577) 2121
(656, 1593) 3356
(671, 1546) 0
(640, 1546) 1057
(640, 1515) 1138
(671, 1515) 0
(656, 1531) 2195
(718, 1531) 128
(687, 1562) 8994
(625, 1625) 35001
(968, 1718) 1516
(921, 1734) 0
(890, 1734) 0
(890, 1702) 681
(929, 1710) 652
(913, 1710) 0
(913, 1694) 1623
(929, 1694) 0
(921, 1702) 2275
(906, 1718) 2956
(906, 1656) 317
(968, 1656) 404
(937, 1687) 5193
(867, 1742) 0
(851, 1742) 0
(855, 1730) 912
(847, 1730) 0
(847, 1722) 680
(855, 1722) 0
(851, 1726) 1592
(867, 1726) 0
(859, 1734) 1592
(827, 1734) 37
(827, 1702) 264
(859, 1702) 0
(843, 1718) 1893
(796, 1734) 0
(765, 1734) 15
(765, 1702) 0
(796, 1702) 1882
(781, 1718) 1897
(796, 1671) 0
(765, 1671) 0
(765, 1640) 1042
(796, 1640) 1556
(781, 1656) 2598
(859, 1671) 572
(827, 1671) 1391
(827, 1640) 0
(859, 1640) 0
(843, 1656) 1963
(812, 1687) 8351
(843, 1593) 0
(796, 1609) 0
(765, 1609) 998
(765, 1577) 0
(804, 1585) 1066
(788, 1585) 0
(788, 1569) 0
(804, 1569) 1519
(796, 1577) 2585
(781, 1593) 3583
(781, 1531) 0
(843, 1531) 675
(812, 1562) 4258
(968, 1593) 117
(921, 1609) 0
(890, 1609) 1083
(898, 1585) 0
(882, 1585) 421
(882, 1569) 0
(898, 1569) 482
(890, 1577) 903
(921, 1577) 1129
(906, 1593) 3115
(921, 1546) 1588
(890, 1546) 872
(890, 1515) 0
(921, 1515) 1538
(906, 1531) 3998
(984, 1546) 64
(952, 1546) 0
(952, 1515) 0
(984, 1515) 1488
(968, 1531) 1552
(937, 1562) 8782
(875, 1625) 26584
(750, 1750) 99362
(484, 1984) 0
(460, 1992) 517
(444, 1992) 1041
(444, 1976) 0
(460, 1976) 0
(452, 1984) 1558
(452, 1952) 0
(484, 1952) 501
(468, 1968) 2059
(421, 1984) 1217
(390, 1984) 0
(390, 1952) 0
(429, 1960) 1396
(413, 1960) 0
(413, 1944) 895
(429, 1944) 0
(421, 1952) 2291
(406, 1968) 3508
(421, 1921) 0
(390, 1921) 1335
(390, 1890) 1116
(421, 1890) 0
(406, 1906) 2451
(468, 1906) 282
(437, 1937) 8300
(359, 1984) 0
(335, 1992) 1499
(319, 1992) 814
(319, 1976) 0
(335, 1976) 0
(327, 1984) 2313
(335, 1960) 756
(319, 1960) 0
(319, 1944) 308
(335, 1944) 0
(327, 1952) 1064
(359, 1952) 1218
(343, 1968) 4595
(296, 1984) 0
(273, 1992) 0
(257, 1992) 0
(261, 1980) 1919
(253, 1980) 0
(253, 1972) 0
(261, 1972) 1660
(257, 1976) 3579
(273, 1976) 0
(265, 1984) 3579
(273, 1960) 1737
(257, 1960) 0
(257, 1944) 867
(273, 1944) 0
(265, 1952) 2604
(296, 1952) 0
(281, 1968) 6183
(296, 1921) 179
(265, 1921) 310
(265, 1890) 0
(296, 1890) 0
(281, 1906) 489
(343, 1906) 0
(312, 1937) 11267
(359, 1859) 0
(327, 1859) 0
(335, 1835) 0
(319, 1835) 712
(319, 1819) 0
(335, 1819) 566
(327, 1827) 1278
(359, 1827) 0
(343, 1843) 1278
(281, 1843) 0
(296, 1796) 6
(265, 1796) 0
(265, 1765) 0
(304, 1773) 843
(288, 1773) 0
(288, 1757) 0
(304, 1757) 1021
(296, 1765) 1864
(281, 1781) 1870
(359, 1796) 0
(327, 1796) 0
(335, 1773) 30
(319, 1773) 0
(319, 1757) 1843
(335, 1757) 0
(327, 1765) 1873
(359, 1765) 627
(343, 1781) 2500
(312, 1812) 5648
(484, 1859) 931
(452, 1859) 804
(452, 1827) 267
(492, 1835) 356
(476, 1835) 44
(476, 1819) 0
(492, 1819) 1557
(484, 1827) 1957
(468, 1843) 3959
(421, 1859) 0
(398, 1867) 0
(382, 1867) 0
(382, 1851) 663
(402, 1855) 1210
(394, 1855) 0
(394, 1847) 0
(402, 1847) 1301
(398, 1851) 2511
(390, 1859) 3174
(390, 1827) 0
(421, 1827) 1466
(406, 1843) 4640
(421, 1796) 468
(390, 1796) 1905
(390, 1765) 0
(421, 1765) 0
(406, 1781) 2373
(484, 1796) 0
(452, 1796) 0
(460, 1773) 110
(444, 1773) 0
(444, 1757) 0
(460, 1757) 1950
(452, 1765) 2060
(484, 1765) 0
(468, 1781) 2060
(437, 1812) 13032
(375, 1875) 38247
(234, 1984) 0
(202, 1984) 1027
(202, 1952) 120
(234, 1952) 0
(218, 1968) 1147
(171, 1984) 1303
(140, 1984) 732
(140, 1952) 0
(171, 1952) 0
(156, 1968) 2035
(171, 1921) 0
(140, 1921) 1776
(140, 1890) 412
(171, 1890) 0
(156, 1906) 2188
(218, 1906) 0
(187, 1937) 5370
(109, 1984) 315
(77, 1984) 462
(77, 1952) 0
(109, 1952) 988
(93, 1968) 1765
(31, 1968) 0
(31, 1906) 361
(93, 1906) 1268
(62, 1937) 3394
(93, 1843) 1840
(31, 1843) 1176
(31, 1781) 540
(93, 1781) 0
(62, 1812) 3556
(234, 1859) 0
(202, 1859) 0
(202, 1827) 0
(242, 1835) 655
(226, 1835) 1614
(226, 1819) 0
(242, 1819) 0
(234, 1827) 2269
(218, 1843) 2269
(171, 1859) 259
(140, 1859) 0
(140, 1827) 0
(179, 1835) 0
(163, 1835) 0
(167, 1823) 0
(159, 1823) 0
(161, 1817) 0
(157, 1817) 0
(157, 1813) 1550
(161, 1813) 37
(159, 1815) 1587
(167, 1815) 0
(163, 1819) 1587
(179, 1819) 0
(171, 1827) 1587
(156, 1843) 1846
(156, 1781) 686
(234, 1796) 0
(210, 1804) 0
(194, 1804) 1808
(194, 1788) 0
(210, 1788) 1910
(202, 1796) 3718
(210, 1773) 0
(194, 1773) 0
(194, 1757) 1501
(210, 1757) 954
(202, 1765) 2455
(234, 1765) 837
(218, 1781) 7010
(187, 1812) 11811
(125, 1875) 24131
(218, 1718) 43
(171, 1734) 0
(140, 1734) 1459
(140, 1702) 0
(171, 1702) 1998
(156, 1718) 3457
(156, 1656) 1357
(242, 1679) 873
(226, 1679) 1737
(226, 1663) 0
(242, 1663) 0
(234, 1671) 2610
(202, 1671) 0
(202, 1640) 868
(234, 1640) 0
(218, 1656) 3478
(187, 1687) 8335
(109, 1734) 0
(77, 1734) 1115
(85, 1710) 1298
(69, 1710) 0
(69, 1694) 0
(85, 1694) 87
(77, 1702) 1385
(109, 1702) 1594
(93, 1718) 4094
(31, 1718) 745
(31, 1656) 0
(121, 1683) 0
(113, 1683) 542
(113, 1675) 0
(121, 1675) 244
(117, 1679) 786
(101, 1679) 0
(101, 1663) 0
(117, 1663) 0
(109, 1671) 786
(77, 1671) 0
(77, 1640) 36
(117, 1648) 0
(101, 1648) 0
(101, 1632) 0
(121, 1636) 0
(113, 1636) 253
(113, 1628) 485
(121, 1628) 0
(117, 1632) 738
(109, 1640) 738
(93, 1656) 1560
(62, 1687) 6399
(109, 1609) 1619
(77, 1609) 0
(77, 1577) 1503
(109, 1577) 0
(93, 1593) 3122
(46, 1609) 0
(15, 1609) 0
(15, 1577) 1554
(46, 1577) 758
(31, 1593) 2312
(46, 1546) 0
(23, 1554) 0
(7, 1554) 0
(7, 1538) 752
(23, 1538) 1264
(15, 1546) 2016
(15, 1515) 0
(54, 1523) 1026
(38, 1523) 0
(38, 1507) 0
(54, 1507) 741
(46, 1515) 1767
(31, 1531) 3783
(109, 1546) 0
(77, 1546) 1048
(77, 1515) 0
(109, 1515) 1558
(93, 1531) 2606
(62, 1562) 11823
(234, 1609) 1065
(202, 1609) 1000
(202, 1577) 1596
(242, 1585) 1480
(226, 1585) 0
(226, 1569) 1964
(242, 1569) 0
(234, 1577) 3444
(218, 1593) 7105
(156, 1593) 1194
(156, 1531) 218
(234, 1546) 728
(202, 1546) 0
(202, 1515) 1749
(234, 1515) 1788
(218, 1531) 4265
(187, 1562) 12782
(125, 1625) 39339
(468, 1718) 856
(421, 1734) 0
(390, 1734) 257
(390, 1702) 0
(421, 1702) 1757
(406, 1718) 2014
(406, 1656) 149
(484, 1671) 1678
(452, 1671) 1296
(452, 1640) 0
(484, 1640) 863
(468, 1656) 3837
(437, 1687) 6856
(359, 1734) 1992
(327, 1734) 0
(327, 1702) 1888
(359, 1702) 264
(343, 1718) 4144
(296, 1734) 1260
(265, 1734) 0
(265, 1702) 0
(296, 1702) 1393
(281, 1718) 2653
(296, 1671) 0
(265, 1671) 0
(273, 1648) 0
(261, 1652) 0
(255, 1654) 0
(251, 1654) 0
(252, 1651) 977
(250, 1651) 1959
(250, 1649) 0
(252, 1649) 0
(251, 1650) 2936
(255, 1650) 0
(253, 1652) 2936
(253, 1644) 0
(261, 1644) 0
(257, 1648) 2936
(257, 1632) 0
(273, 1632) 0
(265, 1640) 2936
(296, 1640) 1031
(281, 1656) 3967
(343, 1656) 0
(312, 1687) 10764
(359, 1609) 0
(327, 1609) 0
(335, 1585) 809
(319, 1585) 0
(319, 1569) 139
(335, 1569) 0
(327, 1577) 948
(359, 1577) 1803
(343, 1593) 2751
(281, 1593) 0
(281, 1531) 1375
(367, 1554) 1300
(351, 1554) 0
(351, 1538) 1945
(367, 1538) 0
(359, 1546) 3245
(327, 1546) 1899
(335, 1523) 1941
(319, 1523) 0
(319, 1507) 879
(335, 1507) 0
(327, 1515) 2820
(367, 1523) 543
(351, 1523) 0
(351, 1507) 0
(367, 1507) 1591
(359, 1515) 2134
(343, 1531) 10098
(312, 1562) 14224
(468, 1593) 252
(406, 1593) 1915
(421, 1546) 0
(398, 1554) 0
(382, 1554) 0
(382, 1538) 1627
(398, 1538) 1587
(390, 1546) 3214
(390, 1515) 1659
(421, 1515) 1296
(406, 1531) 6169
(484, 1546) 78
(460, 1554) 0
(444, 1554) 0
(444, 1538) 0
(464, 1542) 0
(456, 1542) 1488
(456, 1534) 0
(464, 1534) 152
(460, 1538) 1640
(452, 1546) 1640
(452, 1515) 0
(484, 1515) 0
(468, 1531) 1718
(437, 1562) 10054
(375, 1625) 41898
(250, 1750) 143615
(484, 1484) 4
(452, 1484) 120
(452, 1452) 0
(484, 1452) 681
(468, 1468) 805
(429, 1492) 0
(417, 1496) 1156
(409, 1496) 0
(409, 1488) 444
(417, 1488) 0
(413, 1492) 1600
(413, 1476) 0
(429, 1476) 0
(421, 1484) 1600
(390, 1484) 967
(390, 1452) 0
(421, 1452) 0
(406, 1468) 2567
(421, 1421) 0
(390, 1421) 573
(390, 1390) 1724
(421, 1390) 1938
(406, 1406) 4235
(484, 1421) 0
(452, 1421) 1323
(452, 1390) 1766
(484, 1390) 0
(468, 1406) 3089
(437, 1437) 10696
(343, 1468) 0
(281, 1468) 0
(281, 1406) 1601
(359, 1421) 1165
(327, 1421) 0
(327, 1390) 1791
(359, 1390) 0
(343, 1406) 2956
(312, 1437) 4557
(359, 1359) 372
(327, 1359) 0
(327, 1327) 1039
(359, 1327) 0
(343, 1343) 1411
(281, 1343) 1369
(296, 1296) 0
(265, 1296) 0
(265, 1265) 1765
(296, 1265) 328
(281, 1281) 2093
(359, 1296) 269
(327, 1296) 1244
(327, 1265) 0
(359, 1265) 0
(343, 1281) 1513
(312, 1312) 6386
(468, 1343) 0
(406, 1343) 642
(406, 1281) 232
(484, 1296) 0
(452, 1296) 1607
(452, 1265) 0
(492, 1273) 0
(476, 1273) 1151
(476, 1257) 742
(492, 1257) 0
(484, 1265) 1893
(468, 1281) 3500
(437, 1312) 4374
(375, 1375) 26013
(218, 1468) 1932
(171, 1484) 0
(140, 1484) 260
(148, 1460) 0
(132, 1460) 1638
(132, 1444) 0
(148, 1444) 1813
(140, 1452) 3451
(171, 1452) 0
(156, 1468) 3711
(156, 1406) 0
(234, 1421) 512
(202, 1421) 0
(202, 1390) 1710
(234, 1390) 1685
(218, 1406) 3907
(187, 1437) 9550
(93, 1468) 0
(54, 1492) 0
(38, 1492) 1911
(38, 1476) 0
(54, 1476) 1010
(46, 1484) 2921
(15, 1484) 0
(15, 1452) 0
(54, 1460) 718
(38, 1460) 0
(38, 1444) 0
(54, 1444) 1650
(46, 1452) 2368
(31, 1468) 5289
(46, 1421) 0
(15, 1421) 0
(15, 1390) 894
(46, 1390) 932
(31, 1406) 1826
(93, 1406) 0
(62, 1437) 7115
(93, 1343) 524
(46, 1359) 0
(15, 1359) 351
(15, 1327) 1670
(54, 1335) 1312
(38, 1335) 0
(38, 1319) 0
(54, 1319) 1446
(46, 1327) 2758
(31, 1343) 4779
(46, 1296) 0
(23, 1304) 0
(7, 1304) 0
(11, 1292) 206
(3, 1292) 1286
(3, 1284) 0
(11, 1284) 0
(7, 1288) 1492
(23, 1288) 0
(15, 1296) 1492
(15, 1265) 1113
(46, 1265) 565
(31, 1281) 3170
(117, 1304) 85
(101, 1304) 0
(101, 1288) 0
(117, 1288) 1425
(109, 1296) 1510
(77, 1296) 0
(77, 1265) 0
(109, 1265) 1995
(93, 1281) 3505
(62, 1312) 11978
(218, 1343) 1457
(171, 1359) 0
(140, 1359) 20
(140, 1327) 0
(171, 1327) 1108
(156, 1343) 1128
(171, 1296) 0
(140, 1296) 0
(140, 1265) 1681
(171, 1265) 1488
(156, 1281) 3169
(234, 1296) 631
(202, 1296) 0
(202, 1265) 0
(234, 1265) 111
(218, 1281) 742
(187, 1312) 6496
(125, 1375) 35139
(218, 1218) 0
(171, 1234) 0
(140, 1234) 1851
(140, 1202) 1667
(171, 1202) 0
(156, 1218) 3518
(179, 1179) 0
(163, 1179) 1110
(163, 1163) 0
(179, 1163) 1663
(171, 1171) 2773
(140, 1171) 0
(140, 1140) 0
(171, 1140) 1683
(156, 1156) 4456
(234, 1171) 0
(202, 1171) 1089
(202, 1140) 1171
(234, 1140) 0
(218, 1156) 2260
(187, 1187) 10234
(109, 1234) 1871
(77, 1234) 0
(77, 1202) 0
(109, 1202) 1928
(93, 1218) 3799
(31, 1218) 1253
(46, 1171) 0
(15, 1171) 282
(15, 1140) 0
(46, 1140) 1898
(31, 1156) 2180
(109, 1171) 1051
(77, 1171) 0
(77, 1140) 0
(109, 1140) 560
(93, 1156) 1611
(62, 1187) 8843
(93, 1093) 568
(31, 1093) 412
(46, 1046) 0
(15, 1046) 0
(15, 1015) 0
(54, 1023) 0
(42, 1027) 1130
(34, 1027) 0
(34, 1019) 1320
(42, 1019) 0
(38, 1023) 2450
(38, 1007) 0
(54, 1007) 0
(46, 1015) 2450
(31, 1031) 2450
(109, 1046) 1779
(77, 1046) 0
(77, 1015) 0
(109, 1015) 173
(93, 1031) 1952
(62, 1062) 5382
(246, 1121) 0
(238, 1121) 0
(238, 1113) 992
(246, 1113) 1104
(242, 1117) 2096
(226, 1117) 0
(226, 1101) 0
(242, 1101) 0
(234, 1109) 2096
(202, 1109) 0
(202, 1077) 1056
(234, 1077) 0
(218, 1093) 3152
(171, 1109) 0
(140, 1109) 0
(148, 1085) 1528
(132, 1085) 0
(132, 1069) 1499
(148, 1069) 0
(140, 1077) 3027
(171, 1077) 136
(156, 1093) 3163
(171, 1046) 0
(140, 1046) 0
(140, 1015) 0
(179, 1023) 1712
(163, 1023) 0
(163, 1007) 982
(179, 1007) 0
(171, 1015) 2694
(156, 1031) 2694
(218, 1031) 0
(187, 1062) 9009
(125, 1125) 33468
(484, 1234) 0
(452, 1234) 0
(460, 1210) 457
(444, 1210) 0
(444, 1194) 0
(460, 1194) 1664
(452, 1202) 2121
(484, 1202) 0
(468, 1218) 2121
(421, 1234) 701
(390, 1234) 0
(390, 1202) 0
(421, 1202) 1556
(406, 1218) 2257
(406, 1156) 1630
(492, 1179) 0
(476, 1179) 781
(476, 1163) 908
(492, 1163) 0
(484, 1171) 1689
(452, 1171) 988
(452, 1140) 0
(484, 1140) 0
(468, 1156) 2677
(437, 1187) 8685
(359, 1234) 77
(327, 1234) 0
(327, 1202) 1504
(359, 1202) 0
(343, 1218) 1581
(281, 1218) 251
(304, 1179) 1329
(288, 1179) 1091
(288, 1163) 0
(304, 1163) 0
(296, 1171) 2420
(265, 1171) 0
(265, 1140) 1386
(296, 1140) 0
(281, 1156) 3806
(343, 1156) 1732
(312, 1187) 7370
(359, 1109) 0
(327, 1109) 34
(327, 1077) 1233
(359, 1077) 0
(343, 1093) 1267
(296, 1109) 625
(265, 1109) 0
(273, 1085) 0
(257, 1085) 1470
(257, 1069) 1011
(273, 1069) 0
(265, 1077) 2481
(296, 1077) 1567
(281, 1093) 4673
(281, 1031) 0
(343, 1031) 896
(312, 1062) 6836
(484, 1109) 1773
(460, 1117) 0
(444, 1117) 0
(444, 1101) 0
(464, 1105) 0
(456, 1105) 934
(456, 1097) 1744
(464, 1097) 0
(460, 1101) 2678
(452, 1109) 2678
(452, 1077) 967
(484, 1077) 0
(468, 1093) 5418
(421, 1109) 0
(390, 1109) 261
(390, 1077) 0
(421, 1077) 1921
(406, 1093) 2182
(406, 1031) 34
(468, 1031) 1750
(437, 1062) 9384
(375, 1125) 32275
(250, 1250) 126895
(984, 1484) 0
(952, 1484) 1766
(952, 1452) 1496
(984, 1452) 124
(968, 1468) 3386
(921, 1484) 0
(890, 1484) 1422
(890, 1452) 0
(921, 1452) 1142
(906, 1468) 2564
(921, 1421) 1019
(890, 1421) 785
(890, 1390) 0
(921, 1390) 0
(906, 1406) 1804
(968, 1406) 0
(937, 1437) 7754
(859, 1484) 13
(827, 1484) 1644
(827, 1452) 952
(859, 1452) 0
(843, 1468) 2609
(804, 1492) 0
(788, 1492) 0
(792, 1480) 0
(784, 1480) 0
(786, 1474) 0
(782, 1474) 1016
(782, 1470) 1873
(786, 1470) 0
(784, 1472) 2889
(792, 1472) 0
(788, 1476) 2889
(804, 1476) 0
(796, 1484) 2889
(765, 1484) 0
(765, 1452) 1883
(796, 1452) 0
(781, 1468) 4772
(796, 1421) 1681
(765, 1421) 0
(765, 1390) 460
(796, 1390) 0
(781, 1406) 2141
(859, 1421) 0
(827, 1421) 0
(827, 1390) 0
(867, 1398) 0
(851, 1398) 0
(851, 1382) 522
(867, 1382) 1389
(859, 1390) 1911
(843, 1406) 1911
(812, 1437) 11433
(843, 1343) 0
(804, 1367) 0
(792, 1371) 0
(784, 1371) 0
(786, 1365) 0
(782, 1365) 0
(782, 1361) 1390
(786, 1361) 162
(784, 1363) 1552
(792, 1363) 0
(788, 1367) 1552
(788, 1351) 0
(804, 1351) 999
(796, 1359) 2551
(773, 1367) 0
(757, 1367) 1856
(757, 1351) 1248
(773, 1351) 0
(765, 1359) 3104
(765, 1327) 0
(796, 1327) 158
(781, 1343) 5813
(781, 1281) 1126
(867, 1304) 0
(851, 1304) 0
(851, 1288) 0
(871, 1292) 0
(865, 1294) 0
(861, 1294) 0
(861, 1290) 0
(866, 1291) 0
(864, 1291) 0
(864, 1289) 0
(866, 1289) 66
(865, 1289) 0
(865, 1288) 1044
(866, 1288) 0
(866, 1289) 1110
(865, 1290) 1110
(863, 1292) 1110
(863, 1284) 0
(871, 1284) 0
(867, 1288) 1110
(859, 1296) 1110
(827, 1296) 0
(827, 1265) 0
(867, 1273) 0
(851, 1273) 0
(851, 1257) 749
(867, 1257) 1697
(859, 1265) 2446
(843, 1281) 3556
(812, 1312) 10495
(968, 1343) 1540
(921, 1359) 0
(890, 1359) 1709
(890, 1327) 1206
(921, 1327) 0
(906, 1343) 2915
(921, 1296) 0
(898, 1304) 0
(882, 1304) 81
(882, 1288) 0
(898, 1288) 954
(890, 1296) 1035
(898, 1273) 0
(882, 1273) 1678
(882, 1257) 0
(898, 1257) 1309
(890, 1265) 2987
(921, 1265) 0
(906, 1281) 4022
(984, 1296) 0
(952, 1296) 783
(952, 1265) 5
(984, 1265) 0
(968, 1281) 788
(937, 1312) 9265
(875, 1375) 38947
(718, 1468) 0
(656, 1468) 0
(656, 1406) 1328
(734, 1421) 256
(702, 1421) 0
(710, 1398) 0
(698, 1402) 1172
(690, 1402) 1181
(690, 1394) 0
(698, 1394) 0
(694, 1398) 2353
(694, 1382) 0
(710, 1382) 0
(702, 1390) 2353
(734, 1390) 1565
(718, 1406) 4174
(687, 1437) 5502
(609, 1484) 0
(577, 1484) 1321
(577, 1452) 111
(609, 1452) 1595
(593, 1468) 3027
(531, 1468) 653
(546, 1421) 0
(515, 1421) 1684
(515, 1390) 126
(546, 1390) 0
(531, 1406) 1810
(593, 1406) 1994
(562, 1437) 7484
(609, 1359) 0
(577, 1359) 0
(577, 1327) 1331
(609, 1327) 1081
(593, 1343) 2412
(531, 1343) 517
(546, 1296) 1016
(515, 1296) 1402
(515, 1265) 0
(546, 1265) 906
(531, 1281) 3324
(609, 1296) 0
(577, 1296) 0
(585, 1273) 993
(569, 1273) 0
(569, 1257) 1114
(585, 1257) 0
(577, 1265) 2107
(617, 1273) 881
(605, 1277) 0
(597, 1277) 1004
(597, 1269) 0
(605, 1269) 614
(601, 1273) 1618
(601, 1257) 969
(617, 1257) 0
(609, 1265) 3468
(593, 1281) 5575
(562, 1312) 11828
(734, 1359) 0
(702, 1359) 0
(702, 1327) 0
(742, 1335) 0
(726, 1335) 1354
(726, 1319) 1639
(742, 1319) 0
(734, 1327) 2993
(718, 1343) 2993
(671, 1359) 1299
(640, 1359) 1510
(640, 1327) 0
(671, 1327) 1186
(656, 1343) 3995
(656, 1281) 0
(718, 1281) 839
(687, 1312) 7827
(625, 1375) 32641
(718, 1218) 0
(671, 1234) 0
(640, 1234) 0
(640, 1202) 1390
(679, 1210) 0
(663, 1210) 705
(663, 1194) 0
(679, 1194) 1351
(671, 1202) 2056
(656, 1218) 3446
(656, 1156) 307
(734, 1171) 955
(702, 1171) 957
(702, 1140) 0
(734, 1140) 0
(718, 1156) 1912
(687, 1187) 5665
(609, 1234) 0
(577, 1234) 1393
(577, 1202) 0
(617, 1210) 0
(601, 1210) 1636
(601, 1194) 0
(617, 1194) 1533
(609, 1202) 3169
(593, 1218) 4562
(531, 1218) 1263
(554, 1179) 250
(538, 1179) 549
(538, 1163) 0
(554, 1163) 0
(546, 1171) 799
(515, 1171) 837
(515, 1140) 0
(546, 1140) 831
(531, 1156) 2467
(609, 1171) 384
(577, 1171) 0
(577, 1140) 600
(609, 1140) 596
(593, 1156) 1580
(562, 1187) 9872
(609, 1109) 0
(577, 1109) 0
(577, 1077) 1356
(609, 1077) 1525
(593, 1093) 2881
(531, 1093) 456
(531, 1031) 0
(609, 1046) 0
(585, 1054) 0
(569, 1054) 1521
(569, 1038) 1062
(585, 1038) 0
(577, 1046) 2583
(585, 1023) 1917
(569, 1023) 0
(569, 1007) 1422
(585, 1007) 0
(577, 1015) 3339
(609, 1015) 0
(593, 1031) 5922
(562, 1062) 9259
(718, 1093) 1047
(656, 1093) 626
(671, 1046) 0
(648, 1054) 0
(632, 1054) 0
(632, 1038) 1717
(648, 1038) 548
(640, 1046) 2265
(640, 1015) 1813
(671, 1015) 0
(656, 1031) 4078
(742, 1054) 1304
(726, 1054) 1586
(726, 1038) 0
(742, 1038) 0
(734, 1046) 2890
(702, 1046) 1921
(702, 1015) 0
(734, 1015) 0
(718, 1031) 4811
(687, 1062) 10562
(625, 1125) 35358
(984, 1234) 0
(952, 1234) 0
(964, 1214) 0
(956, 1214) 807
(956, 1206) 0
(964, 1206) 1552
(960, 1210) 2359
(944, 1210) 0
(944, 1194) 0
(960, 1194) 0
(952, 1202) 2359
(992, 1210) 1265
(976, 1210) 1617
(976, 1194) 0
(992, 1194) 0
(984, 1202) 2882
(968, 1218) 5241
(906, 1218) 0
(921, 1171) 0
(890, 1171) 0
(898, 1148) 0
(882, 1148) 0
(882, 1132) 1945
(898, 1132) 406
(890, 1140) 2351
(921, 1140) 0
(906, 1156) 2351
(984, 1171) 0
(964, 1183) 1897
(956, 1183) 0
(956, 1175) 1153
(964, 1175) 0
(960, 1179) 3050
(944, 1179) 0
(944, 1163) 0
(960, 1163) 0
(952, 1171) 3050
(952, 1140) 0
(984, 1140) 0
(968, 1156) 3050
(937, 1187) 10642
(843, 1218) 0
(781, 1218) 0
(781, 1156) 1013
(859, 1171) 0
(827, 1171) 0
(835, 1148) 0
(819, 1148) 1112
(819, 1132) 0
(835, 1132) 617
(827, 1140) 1729
(867, 1148) 0
(851, 1148) 282
(851, 1132) 628
(867, 1132) 1008
(859, 1140) 1918
(843, 1156) 3647
(812, 1187) 4660
(843, 1093) 0
(796, 1109) 1282
(765, 1109) 317
(765, 1077) 0
(796, 1077) 207
(781, 1093) 1806
(781, 1031) 585
(859, 1046) 1602
(827, 1046) 0
(835, 1023) 0
(819, 1023) 1258
(819, 1007) 0
(835, 1007) 864
(827, 1015) 2122
(859, 1015) 0
(843, 1031) 3724
(812, 1062) 6115
(968, 1093) 961
(921, 1109) 0
(890, 1109) 0
(890, 1077) 222
(929, 1085) 0
(913, 1085) 941
(913, 1069) 953
(929, 1069) 0
(921, 1077) 1894
(906, 1093) 2116
(921, 1046) 1283
(890, 1046) 0
(890, 1015) 0
(921, 1015) 500
(906, 1031) 1783
(968, 1031) 1196
(937, 1062) 6056
(875, 1125) 27473
(750, 1250) 134419
(500, 1500) 504291
(984, 984) 649
(952, 984) 0
(960, 960) 0
(944, 960) 1128
(944, 944) 1789
(960, 944) 0
(952, 952) 2917
(984, 952) 0
(968, 968) 3566
(906, 968) 559
(921, 921) 1892
(890, 921) 0
(890, 890) 1648
(921, 890) 0
(906, 906) 3540
(968, 906) 1046
(937, 937) 8711
(843, 968) 0
(781, 968) 1041
(796, 921) 293
(765, 921) 65
(765, 890) 136
(804, 898) 0
(788, 898) 1307
(788, 882) 1820
(804, 882) 0
(796, 890) 3127
(781, 906) 3621
(843, 906) 1300
(812, 937) 5962
(859, 859) 0
(827, 859) 533
(827, 827) 199
(859, 827) 0
(843, 843) 732
(796, 859) 1753
(765, 859) 1431
(765, 827) 0
(796, 827) 606
(781, 843) 3790
(781, 781) 952
(859, 796) 0
(827, 796) 873
(827, 765) 0
(867, 773) 198
(851, 773) 115
(851, 757) 0
(867, 757) 0
(859, 765) 313
(843, 781) 1186
(812, 812) 6660
(968, 843) 1683
(906, 843) 1379
(921, 796) 0
(890, 796) 1421
(890, 765) 1130
(921, 765) 1281
(906, 781) 3832
(968, 781) 0
(937, 812) 6894
(875, 875) 28227
(718, 968) 991
(656, 968) 0
(656, 906) 1046
(718, 906) 1322
(687, 937) 3359
(593, 968) 0
(531, 968) 1338
(531, 906) 934
(609, 921) 0
(585, 929) 0
(573, 933) 1273
(565, 933) 0
(565, 925) 0
(573, 925) 343
(569, 929) 1616
(569, 913) 1353
(585, 913) 0
(577, 921) 2969
(577, 890) 0
(609, 890) 0
(593, 906) 2969
(562, 937) 5241
(609, 859) 0
(577, 859) 1362
(577, 827) 1860
(609, 827) 0
(593, 843) 3222
(546, 859) 457
(523, 867) 0
(511, 871) 0
(503, 871) 1782
(503, 863) 0
(511, 863) 908
(507, 867) 2690
(507, 851) 0
(523, 851) 0
(515, 859) 2690
(515, 827) 0
(546, 827) 0
(531, 843) 3147
(531, 781) 1470
(609, 796) 132
(577, 796) 0
(577, 765) 278
(609, 765) 1255
(593, 781) 1665
(562, 812) 9504
(734, 859) 0
(702, 859) 460
(702, 827) 1164
(734, 827) 0
(718, 843) 1624
(656, 843) 880
(671, 796) 0
(640, 796) 1954
(640, 765) 0
(671, 765) 1360
(656, 781) 3314
(718, 781) 0
(687, 812) 5818
(625, 875) 23922
(718, 718) 931
(679, 742) 0
(663, 742) 0
(663, 726) 1921
(679, 726) 1237
(671, 734) 3158
(640, 734) 1147
(640, 702) 487
(671, 702) 0
(656, 718) 4792
(671, 671) 116
(648, 679) 388
(632, 679) 0
(632, 663) 0
(648, 663) 1352
(640, 671) 1740
(640, 640) 0
(671, 640) 132
(656, 656) 1988
(734, 671) 0
(702, 671) 0
(702, 640) 265
(734, 640) 485
(718, 656) 750
(687, 687) 8461
(593, 718) 1562
(546, 734) 0
(523, 742) 0
(507, 742) 0
(511, 730) 1992
(503, 730) 0
(503, 722) 1017
(511, 722) 0
(507, 726) 3009
(523, 726) 1550
(515, 734) 4559
(515, 702) 0
(546, 702) 0
(531, 718) 4559
(546, 671) 580
(515, 671) 478
(515, 640) 376
(546, 640) 0
(531, 656) 1434
(593, 656) 1708
(562, 687) 9263
(593, 593) 1646
(531, 593) 1718
(546, 546) 1745
(515, 546) 382
(515, 515) 0
(546, 515) 0
(531, 531) 2127
(609, 546) 0
(585, 554) 0
(569, 554) 0
(569, 538) 0
(589, 542) 970
(581, 542) 0
(581, 534) 1733
(589, 534) 0
(585, 538) 2703
(577, 546) 2703
(577, 515) 0
(609, 515) 0
(593, 531) 2703
(562, 562) 8194
(734, 609) 0
(702, 609) 188
(702, 577) 985
(734, 577) 0
(718, 593) 1173
(656, 593) 645
(656, 531) 1484
(718, 531) 1785
(687, 562) 5087
(625, 625) 31005
(968, 718) 2000
(906, 718) 0
(906, 656) 0
(992, 679) 101
(976, 679) 0
(976, 663) 0
(992, 663) 627
(984, 671) 728
(952, 671) 0
(952, 640) 307
(984, 640) 0
(968, 656) 1035
(937, 687) 3035
(859, 734) 704
(827, 734) 164
(827, 702) 0
(859, 702) 0
(843, 718) 868
(796, 734) 0
(765, 734) 0
(773, 710) 0
(761, 714) 0
(753, 714) 0
(753, 706) 122
(761, 706) 1614
(757, 710) 1736
(757, 694) 0
(773, 694) 0
(765, 702) 1736
(796, 702) 924
(781, 718) 2660
(781, 656) 938
(859, 671) 0
(827, 671) 1274
(827, 640) 0
(859, 640) 580
(843, 656) 1854
(812, 687) 6320
(843, 593) 618
(796, 609) 0
(765, 609) 0
(765, 577) 0
(804, 585) 1811
(788, 585) 0
(788, 569) 313
(804, 569) 0
(796, 577) 2124
(781, 593) 2124
(781, 531) 0
(859, 546) 0
(827, 546) 0
(827, 515) 599
(871, 527) 0
(863, 527) 1680
(863, 519) 0
(871, 519) 474
(867, 523) 2154
(851, 523) 0
(851, 507) 0
(867, 507) 0
(859, 515) 2154
(843, 531) 2753
(812, 562) 5495
(968, 593) 33
(921, 609) 0
(890, 609) 0
(890, 577) 1933
(929, 585) 0
(913, 585) 1167
(913, 569) 116
(929, 569) 191
(921, 577) 1474
(906, 593) 3407
(921, 546) 980
(890, 546) 1175
(890, 515) 872
(921, 515) 0
(906, 531) 3027
(992, 554) 0
(976, 554) 0
(980, 542) 0
(972, 542) 909
(972, 534) 0
(980, 534) 1033
(976, 538) 1942
(992, 538) 0
(984, 546) 1942
(952, 546) 0
(952, 515) 0
(984, 515) 0
(968, 531) 1942
(937, 562) 8409
(875, 625) 23259
(750, 750) 106413
(492, 992) 0
(476, 992) 133
(476, 976) 463
(492, 976) 0
(484, 984) 596
(452, 984) 649
(452, 952) 0
(484, 952) 703
(468, 968) 1948
(421, 984) 849
(390, 984) 0
(390, 952) 0
(421, 952) 221
(406, 968) 1070
(429, 929) 935
(413, 929) 0
(413, 913) 194
(429, 913) 0
(421, 921) 1129
(390, 921) 0
(390, 890) 0
(421, 890) 603
(406, 906) 1732
(468, 906) 1432
(437, 937) 6182
(359, 984) 1061
(327, 984) 901
(327, 952) 1816
(359, 952) 132
(343, 968) 3910
(281, 968) 617
(281, 906) 1238
(343, 906) 0
(312, 937) 5765
(367, 867) 1609
(351, 867) 0
(351, 851) 1510
(367, 851) 0
(359, 859) 3119
(327, 859) 0
(335, 835) 0
(319, 835) 0
(323, 823) 0
(318, 826) 0
(316, 826) 254
(316, 824) 0
(318, 824) 1995
(317, 825) 2249
(313, 825) 0
(313, 821) 0
(317, 821) 0
(315, 823) 2249
(315, 815) 0
(323, 815) 0
(319, 819) 2249
(335, 819) 0
(327, 827) 2249
(359, 827) 197
(343, 843) 5565
(296, 859) 0
(273, 867) 665
(257, 867) 0
(257, 851) 1446
(273, 851) 0
(265, 859) 2111
(273, 835) 0
(261, 839) 0
(253, 839) 423
(253, 831) 1769
(261, 831) 0
(257, 835) 2192
(257, 819) 0
(273, 819) 0
(265, 827) 2192
(296, 827) 795
(281, 843) 5098
(296, 796) 0
(265, 796) 1936
(265, 765) 1657
(296, 765) 0
(281, 781) 3593
(343, 781) 0
(312, 812) 14256
(492, 867) 0
(476, 867) 434
(480, 855) 1630
(472, 855) 0
(472, 847) 1628
(480, 847) 0
(476, 851) 3258
(492, 851) 0
(484, 859) 3692
(452, 859) 123
(452, 827) 0
(484, 827) 1949
(468, 843) 5764
(406, 843) 1000
(406, 781) 1913
(484, 796) 1233
(452, 796) 0
(452, 765) 1855
(484, 765) 0
(468, 781) 3088
(437, 812) 11765
(375, 875) 37968
(218, 968) 1528
(171, 984) 81
(148, 992) 488
(132, 992) 0
(132, 976) 0
(148, 976) 978
(140, 984) 1466
(140, 952) 0
(171, 952) 0
(156, 968) 1547
(156, 906) 0
(218, 906) 1534
(187, 937) 4609
(93, 968) 0
(31, 968) 365
(31, 906) 490
(109, 921) 0
(85, 929) 0
(69, 929) 0
(69, 913) 266
(85, 913) 1159
(77, 921) 1425
(77, 890) 288
(109, 890) 0
(93, 906) 1713
(62, 937) 2568
(93, 843) 0
(31, 843) 693
(46, 796) 0
(15, 796) 0
(15, 765) 845
(54, 773) 1030
(38, 773) 1548
(38, 757) 0
(54, 757) 0
(46, 765) 2578
(31, 781) 3423
(109, 796) 0
(77, 796) 0
(85, 773) 1585
(69, 773) 238
(69, 757) 0
(85, 757) 0
(77, 765) 1823
(109, 765) 939
(93, 781) 2762
(62, 812) 6878
(218, 843) 791
(156, 843) 831
(183, 808) 851
(175, 808) 0
(175, 800) 0
(183, 800) 679
(179, 804) 1530
(163, 804) 0
(163, 788) 0
(179, 788) 0
(171, 796) 1530
(140, 796) 371
(140, 765) 0
(171, 765) 273
(156, 781) 2174
(234, 796) 0
(202, 796) 663
(202, 765) 762
(234, 765) 1229
(218, 781) 2654
(187, 812) 6450
(125, 875) 20505
(234, 734) 0
(214, 746) 0
(206, 746) 0
(208, 740) 1743
(204, 740) 637
(204, 736) 0
(208, 736) 0
(206, 738) 2380
(214, 738) 0
(210, 742) 2380
(194, 742) 0
(194, 726) 0
(210, 726) 0
(202, 734) 2380
(202, 702) 369
(234, 702) 0
(218, 718) 2749
(156, 718) 1242
(171, 671) 0
(140, 671) 0
(140, 640) 105
(171, 640) 390
(156, 656) 495
(218, 656) 0
(187, 687) 4486
(109, 734) 1744
(77, 734) 1332
(77, 702) 0
(109, 702) 977
(93, 718) 4053
(31, 718) 1563
(31, 656) 797
(109, 671) 75
(77, 671) 0
(77, 640) 0
(117, 648) 0
(101, 648) 497
(101, 632) 0
(117, 632) 1341
(109, 640) 1838
(93, 656) 1913
(62, 687) 8326
(93, 593) 1316
(31, 593) 0
(31, 531) 1162
(109, 546) 0
(77, 546) 1776
(77, 515) 658
(109, 515) 713
(93, 531) 3147
(62, 562) 5625
(234, 609) 1849
(202, 609) 566
(202, 577) 0
(234, 577) 1810
(218, 593) 4225
(171, 609) 1236
(140, 609) 1341
(140, 577) 0
(171, 577) 0
(156, 593) 2577
(179, 554) 0
(167, 558) 1438
(159, 558) 0
(159, 550) 372
(167, 550) 0
(163, 554) 1810
(163, 538) 0
(179, 538) 0
(171, 546) 1810
(140, 546) 0
(140, 515) 436
(171, 515) 0
(156, 531) 2246
(234, 546) 0
(210, 554) 0
(198, 558) 0
(192, 560) 562
(188, 560) 0
(188, 556) 0
(192, 556) 1508
(190, 558) 2070
(190, 550) 0
(198, 550) 0
(194, 554) 2070
(194, 538) 0
(210, 538) 0
(202, 546) 2070
(202, 515) 0
(234, 515) 0
(218, 531) 2070
(187, 562) 11118
(125, 625) 29555
(484, 734) 0
(460, 742) 1074
(444, 742) 0
(444, 726) 0
(460, 726) 1397
(452, 734) 2471
(452, 702) 0
(484, 702) 0
(468, 718) 2471
(421, 734) 546
(398, 742) 198
(382, 742) 0
(382, 726) 0
(402, 730) 0
(394, 730) 0
(396, 724) 1859
(392, 724) 0
(392, 720) 0
(396, 720) 182
(394, 722) 2041
(402, 722) 0
(398, 726) 2041
(390, 734) 2239
(390, 702) 1577
(421, 702) 1999
(406, 718) 6361
(406, 656) 1063
(484, 671) 504
(452, 671) 0
(452, 640) 463
(484, 640) 0
(468, 656) 967
(437, 687) 10862
(359, 734) 1009
(327, 734) 0
(327, 702) 0
(359, 702) 762
(343, 718) 1771
(296, 734) 80
(265, 734) 0
(265, 702) 170
(296, 702) 0
(281, 718) 250
(281, 656) 271
(359, 671) 1346
(327, 671) 0
(327, 640) 0
(367, 648) 0
(351, 648) 0
(351, 632) 0
(371, 636) 0
(363, 636) 0
(363, 628) 0
(373, 630) 0
(369, 630) 1346
(369, 626) 1981
(373, 626) 0
(371, 628) 3327
(367, 632) 3327
(359, 640) 3327
(343, 656) 4673
(312, 687) 6965
(359, 609) 0
(335, 617) 1183
(319, 617) 1958
(325, 607) 256
(321, 607) 0
(321, 603) 0
(325, 603) 65
(323, 605) 321
(315, 605) 0
(315, 597) 0
(323, 597) 0
(319, 601) 321
(335, 601) 0
(327, 609) 3462
(327, 577) 822
(359, 577) 0
(343, 593) 4284
(296, 609) 0
(265, 609) 192
(265, 577) 280
(296, 577) 1600
(281, 593) 2072
(296, 546) 331
(273, 554) 0
(257, 554) 1786
(257, 538) 0
(273, 538) 594
(265, 546) 2380
(265, 515) 0
(296, 515) 0
(281, 531) 2711
(343, 531) 0
(312, 562) 9067
(468, 593) 1133
(421, 609) 1372
(390, 609) 252
(390, 577) 0
(421, 577) 0
(406, 593) 1624
(406, 531) 49
(484, 546) 263
(452, 546) 0
(452, 515) 938
(492, 523) 0
(476, 523) 1568
(476, 507) 0
(496, 511) 0
(488, 511) 0
(488, 503) 0
(498, 505) 0
(494, 505) 0
(494, 501) 737
(498, 501) 868
(496, 503) 1605
(492, 507) 1605
(484, 515) 3173
(468, 531) 4374
(437, 562) 7180
(375, 625) 34074
(250, 750) 122102
(484, 484) 0
(452, 484) 0
(452, 452) 985
(484, 452) 1166
(468, 468) 2151
(406, 468) 1406
(421, 421) 0
(390, 421) 1205
(390, 390) 1926
(421, 390) 0
(406, 406) 3131
(468, 406) 268
(437, 437) 6956
(359, 484) 0
(327, 484) 0
(335, 460) 0
(319, 460) 1217
(319, 444) 0
(335, 444) 1646
(327, 452) 2863
(359, 452) 0
(343, 468) 2863
(296, 484) 1781
(265, 484) 926
(265, 452) 0
(296, 452) 0
(281, 468) 2707
(304, 429) 0
(288, 429) 40
(288, 413) 0
(304, 413) 512
(296, 421) 552
(265, 421) 0
(265, 390) 0
(296, 390) 0
(281, 406) 552
(359, 421) 0
(335, 429) 74
(319, 429) 0
(319, 413) 0
(335, 413) 435
(327, 421) 509
(327, 390) 1713
(359, 390) 0
(343, 406) 2222
(312, 437) 8344
(343, 343) 506
(296, 359) 949
(265, 359) 0
(265, 327) 1048
(296, 327) 0
(281, 343) 1997
(304, 304) 0
(288, 304) 0
(292, 292) 0
(286, 294) 0
(282, 294) 0
(283, 291) 760
(281, 291) 0
(281, 289) 0
(283, 289) 694
(282, 290) 1454
(286, 290) 0
(284, 292) 1454
(284, 284) 0
(292, 284) 0
(288, 288) 1454
(304, 288) 0
(296, 296) 1454
(265, 296) 0
(265, 265) 212
(296, 265) 0
(281, 281) 1666
(343, 281) 1981
(312, 312) 6150
(492, 367) 1269
(476, 367) 0
(476, 351) 933
(492, 351) 0
(484, 359) 2202
(452, 359) 0
(452, 327) 0
(484, 327) 0
(468, 343) 2202
(421, 359) 0
(390, 359) 0
(390, 327) 0
(429, 335) 0
(417, 339) 1064
(409, 339) 0
(409, 331) 0
(417, 331) 1114
(413, 335) 2178
(413, 319) 0
(429, 319) 0
(421, 327) 2178
(406, 343) 2178
(421, 296) 0
(398, 304) 0
(386, 308) 0
(378, 308) 0
(380, 302) 0
(376, 302) 0
(376, 298) 0
(381, 299) 1254
(379, 299) 0
(379, 297) 0
(381, 297) 945
(380, 298) 2199
(378, 300) 2199
(386, 300) 0
(382, 304) 2199
(382, 288) 0
(398, 288) 0
(390, 296) 2199
(390, 265) 0
(421, 265) 0
(406, 281) 2199
(468, 281) 1226
(437, 312) 7805
(375, 375) 29255
(242, 492) 0
(226, 492) 0
(226, 476) 0
(246, 480) 416
(238, 480) 0
(238, 472) 0
(246, 472) 1611
(242, 476) 2027
(234, 484) 2027
(202, 484) 0
(202, 452) 0
(234, 452) 0
(218, 468) 2027
(171, 484) 255
(140, 484) 0
(140, 452) 1030
(171, 452) 369
(156, 468) 1654
(171, 421) 0
(140, 421) 0
(140, 390) 1914
(171, 390) 1968
(156, 406) 3882
(234, 421) 1872
(202, 421) 0
(202, 390) 0
(234, 390) 1215
(218, 406) 3087
(187, 437) 10650
(109, 484) 291
(85, 492) 857
(69, 492) 765
(69, 476) 0
(85, 476) 0
(77, 484) 1622
(77, 452) 0
(109, 452) 0
(93, 468) 1913
(31, 468) 1084
(46, 421) 0
(15, 421) 0
(15, 390) 1211
(46, 390) 14
(31, 406) 1225
(93, 406) 855
(62, 437) 5077
(93, 343) 1535
(46, 359) 1050
(15, 359) 0
(15, 327) 0
(46, 327) 519
(31, 343) 1569
(46, 296) 715
(15, 296) 0
(15, 265) 0
(46, 265) 1800
(31, 281) 2515
(109, 296) 706
(77, 296) 545
(77, 265) 53
(109, 265) 422
(93, 281) 1726
(62, 312) 7345
(242, 367) 0
(226, 367) 168
(226, 351) 0
(242, 351) 1258
(234, 359) 1426
(202, 359) 0
(202, 327) 0
(234, 327) 0
(218, 343) 1426
(171, 359) 0
(148, 367) 1435
(132, 367) 417
(132, 351) 0
(148, 351) 0
(140, 359) 1852
(140, 327) 0
(171, 327) 0
(156, 343) 1852
(156, 281) 0
(218, 281) 183
(187, 312) 3461
(125, 375) 26533
(234, 234) 0
(202, 234) 533
(214, 214) 790
(206, 214) 0
(206, 206) 0
(214, 206) 403
(210, 210) 1193
(194, 210) 0
(194, 194) 0
(210, 194) 0
(202, 202) 1193
(234, 202) 0
(218, 218) 1726
(171, 234) 0
(140, 234) 1644
(152, 214) 1531
(144, 214) 0
(144, 206) 1222
(152, 206) 0
(148, 210) 2753
(132, 210) 0
(132, 194) 0
(148, 194) 574
(140, 202) 3327
(171, 202) 0
(156, 218) 4971
(171, 171) 89
(140, 171) 0
(140, 140) 0
(171, 140) 525
(156, 156) 614
(218, 156) 658
(187, 187) 7969
(117, 242) 1566
(101, 242) 384
(101, 226) 0
(117, 226) 0
(109, 234) 1950
(77, 234) 1036
(77, 202) 0
(109, 202) 0
(93, 218) 2986
(46, 234) 0
(15, 234) 61
(15, 202) 1146
(46, 202) 0
(31, 218) 1207
(46, 171) 0
(15, 171) 0
(15, 140) 0
(54, 148) 0
(38, 148) 0
(38, 132) 254
(58, 136) 1434
(50, 136) 0
(50, 128) 0
(58, 128) 1913
(54, 132) 3347
(46, 140) 3601
(31, 156) 3601
(93, 156) 1000
(62, 187) 8794
(109, 109) 367
(77, 109) 436
(77, 77) 1716
(117, 85) 0
(101, 85) 32
(101, 69) 1698
(117, 69) 0
(109, 77) 1730
(93, 93) 4249
(54, 117) 0
(38, 117) 757
(38, 101) 1291
(54, 101) 0
(46, 109) 2048
(15, 109) 0
(15, 77) 733
(46, 77) 0
(31, 93) 2781
(31, 31) 1427
(93, 31) 704
(62, 62) 9161
(218, 93) 0
(179, 117) 470
(163, 117) 1748
(163, 101) 0
(179, 101) 0
(171, 109) 2218
(140, 109) 0
(140, 77) 1430
(171, 77) 188
(156, 93) 3836
(156, 31) 0
(242, 54) 822
(226, 54) 0
(226, 38) 959
(242, 38) 0
(234, 46) 1781
(202, 46) 0
(202, 15) 0
(234, 15) 897
(218, 31) 2678
(187, 62) 6514
(125, 125) 32438
(484, 234) 1982
(452, 234) 0
(452, 202) 0
(492, 210) 0
(476, 210) 0
(476, 194) 1924
(496, 198) 0
(490, 200) 0
(486, 200) 1883
(486, 196) 548
(490, 196) 0
(488, 198) 2431
(488, 190) 0
(496, 190) 0
(492, 194) 2431
(484, 202) 4355
(468, 218) 6337
(406, 218) 1165
(406, 156) 1987
(484, 171) 1013
(460, 179) 1829
(444, 179) 0
(444, 163) 1272
(460, 163) 0
(452, 171) 3101
(452, 140) 273
(492, 148) 0
(476, 148) 852
(476, 132) 0
(492, 132) 519
(484, 140) 1371
(468, 156) 5758
(437, 187) 15247
(359, 234) 0
(327, 234) 303
(327, 202) 561
(359, 202) 0
(343, 218) 864
(281, 218) 1117
(296, 171) 0
(273, 179) 1707
(257, 179) 0
(257, 163) 0
(273, 163) 219
(265, 171) 1926
(265, 140) 0
(296, 140) 904
(281, 156) 2830
(343, 156) 0
(312, 187) 4811
(359, 109) 1619
(327, 109) 0
(327, 77) 0
(359, 77) 245
(343, 93) 1864
(296, 109) 0
(265, 109) 0
(265, 77) 372
(296, 77) 118
(281, 93) 490
(304, 54) 0
(288, 54) 1750
(288, 38) 0
(304, 38) 144
(296, 46) 1894
(265, 46) 187
(265, 15) 0
(296, 15) 163
(281, 31) 2244
(343, 31) 1076
(312, 62) 5674
(484, 109) 0
(452, 109) 869
(452, 77) 1812
(484, 77) 0
(468, 93) 2681
(406, 93) 0
(406, 31) 1695
(468, 31) 1214
(437, 62) 5590
(375, 125) 31322
(250, 250) 119548
(984, 484) 987
(952, 484) 0
(952, 452) 76
(984, 452) 0
(968, 468) 1063
(906, 468) 1006
(929, 429) 1919
(913, 429) 556
(913, 413) 0
(929, 413) 0
(921, 421) 2475
(890, 421) 0
(890, 390) 0
(921, 390) 0
(906, 406) 2475
(984, 421) 0
(952, 421) 168
(952, 390) 1007
(984, 390) 0
(968, 406) 1175
(937, 437) 5719
(843, 468) 0
(781, 468) 548
(781, 406) 1834
(843, 406) 0
(812, 437) 2382
(843, 343) 1735
(796, 359) 592
(765, 359) 1659
(765, 327) 0
(796, 327) 0
(781, 343) 2251
(781, 281) 1880
(859, 296) 0
(827, 296) 1943
(827, 265) 282
(867, 273) 1979
(851, 273) 236
(851, 257) 0
(867, 257) 0
(859, 265) 2215
(843, 281) 4440
(812, 312) 10306
(968, 343) 1994
(906, 343) 0
(921, 296) 1322
(890, 296) 1755
(890, 265) 1851
(921, 265) 0
(906, 281) 4928
(984, 296) 0
(952, 296) 0
(952, 265) 566
(984, 265) 1707
(968, 281) 2273
(937, 312) 9195
(875, 375) 27602
(718, 468) 0
(656, 468) 0
(679, 429) 219
(663, 429) 1864
(663, 413) 0
(679, 413) 0
(671, 421) 2083
(640, 421) 0
(640, 390) 0
(671, 390) 316
(656, 406) 2399
(734, 421) 0
(702, 421) 256
(702, 390) 0
(734, 390) 448
(718, 406) 704
(687, 437) 3103
(609, 484) 0
(577, 484) 1535
(577, 452) 0
(609, 452) 1350
(593, 468) 2885
(546, 484) 1713
(515, 484) 94
(515, 452) 0
(546, 452) 0
(531, 468) 1807
(531, 406) 709
(617, 429) 0
(601, 429) 0
(601, 413) 1748
(617, 413) 1308
(609, 421) 3056
(577, 421) 0
(577, 390) 0
(609, 390) 0
(593, 406) 3056
(562, 437) 8457
(609, 359) 0
(577, 359) 1190
(577, 327) 662
(609, 327) 0
(593, 343) 1852
(531, 343) 380
(546, 296) 0
(515, 296) 0
(515, 265) 0
(554, 273) 0
(538, 273) 0
(538, 257) 1372
(554, 257) 1444
(546, 265) 2816
(531, 281) 2816
(609, 296) 0
(577, 296) 0
(585, 273) 0
(569, 273) 282
(569, 257) 0
(585, 257) 1856
(577, 265) 2138
(609, 265) 299
(593, 281) 2437
(562, 312) 7485
(734, 359) 0
(702, 359) 0
(710, 335) 1117
(694, 335) 176
(694, 319) 0
(710, 319) 0
(702, 327) 1293
(742, 335) 1451
(726, 335) 0
(726, 319) 1490
(742, 319) 0
(734, 327) 2941
(718, 343) 4234
(656, 343) 185
(671, 296) 0
(640, 296) 1381
(640, 265) 1000
(671, 265) 0
(656, 281) 2381
(718, 281) 1040
(687, 312) 7840
(625, 375) 26885
(734, 234) 0
(710, 242) 167
(694, 242) 1998
(694, 226) 0
(710, 226) 0
(702, 234) 2165
(702, 202) 0
(734, 202) 991
(718, 218) 3156
(656, 218) 576
(656, 156) 0
(742, 179) 0
(730, 183) 0
(722, 183) 1381
(722, 175) 813
(730, 175) 0
(726, 179) 2194
(726, 163) 0
(742, 163) 1303
(734, 171) 3497
(702, 171) 0
(702, 140) 0
(734, 140) 0
(718, 156) 3497
(687, 187) 7229
(609, 234) 144
(577, 234) 0
(577, 202) 1865
(609, 202) 699
(593, 218) 2708
(531, 218) 0
(546, 171) 274
(523, 179) 0
(507, 179) 1569
(507, 163) 1258
(523, 163) 0
(515, 171) 2827
(515, 140) 1515
(546, 140) 197
(531, 156) 4813
(593, 156) 367
(562, 187) 7888
(593, 93) 1400
(546, 109) 0
(515, 109) 0
(523, 85) 1983
(507, 85) 0
(507, 69) 0
(523, 69) 1982
(515, 77) 3965
(546, 77) 0
(531, 93) 3965
(531, 31) 1949
(609, 46) 119
(577, 46) 0
(585, 23) 0
(569, 23) 0
(569, 7) 461
(585, 7) 1738
(577, 15) 2199
(609, 15) 0
(593, 31) 2318
(562, 62) 9632
(734, 109) 65
(710, 117) 26
(694, 117) 0
(698, 105) 0
(690, 105) 0
(690, 97) 1222
(698, 97) 941
(694, 101) 2163
(710, 101) 0
(702, 109) 2189
(702, 77) 35
(734, 77) 423
(718, 93) 2712
(671, 109) 0
(640, 109) 0
(648, 85) 0
(632, 85) 69
(632, 69) 0
(648, 69) 739
(640, 77) 808
(671, 77) 0
(656, 93) 808
(656, 31) 0
(742, 54) 0
(726, 54) 1540
(726, 38) 131
(742, 38) 0
(734, 46) 1671
(702, 46) 0
(702, 15) 0
(734, 15) 0
(718, 31) 1671
(687, 62) 5191
(625, 125) 29940
(984, 234) 0
(952, 234) 1152
(952, 202) 1905
(984, 202) 593
(968, 218) 3650
(921, 234) 0
(890, 234) 0
(890, 202) 1014
(921, 202) 247
(906, 218) 1261
(906, 156) 0
(968, 156) 0
(937, 187) 4911
(859, 234) 950
(827, 234) 0
(827, 202) 318
(859, 202) 0
(843, 218) 1268
(781, 218) 717
(796, 171) 0
(765, 171) 0
(765, 140) 1920
(796, 140) 459
(781, 156) 2379
(843, 156) 43
(812, 187) 4407
(843, 93) 895
(796, 109) 0
(773, 117) 665
(757, 117) 0
(757, 101) 579
(773, 101) 0
(765, 109) 1244
(765, 77) 1199
(796, 77) 0
(781, 93) 2443
(781, 31) 0
(843, 31) 1226
(812, 62) 4564
(968, 93) 0
(906, 93) 0
(921, 46) 0
(890, 46) 1544
(890, 15) 0
(921, 15) 1762
(906, 31) 3306
(968, 31) 192
(937, 62) 3498
(875, 125) 17380
(750, 250) 101807
(500, 500) 449870
(1968, 968) 0
(1906, 968) 0
(1921, 921) 575
(1890, 921) 1790
(1890, 890) 0
(1921, 890) 0
(1906, 906) 2365
(1968, 906) 0
(1937, 937) 2365
(1859, 984) 1736
(1827, 984) 808
(1827, 952) 758
(1859, 952) 1145
(1843, 968) 4447
(1796, 984) 1367
(1765, 984) 0
(1773, 960) 346
(1757, 960) 1079
(1757, 944) 0
(1773, 944) 0
(1765, 952) 1425
(1796, 952) 0
(1781, 968) 2792
(1796, 921) 366
(1765, 921) 0
(1765, 890) 382
(1796, 890) 0
(1781, 906) 748
(1843, 906) 1270
(1812, 937) 9257
(1843, 843) 889
(1796, 859) 0
(1765, 859) 1984
(1765, 827) 0
(1796, 827) 1524
(1781, 843) 3508
(1796, 796) 0
(1765, 796) 356
(1773, 773) 0
(1757, 773) 0
(1757, 757) 225
(1773, 757) 673
(1765, 765) 898
(1796, 765) 0
(1781, 781) 1254
(1859, 796) 0
(1827, 796) 1263
(1827, 765) 0
(1859, 765) 186
(1843, 781) 1449
(1812, 812) 7100
(1984, 859) 0
(1952, 859) 0
(1952, 827) 1479
(1996, 839) 126
(1990, 841) 654
(1986, 841) 1292
(1986, 837) 0
(1990, 837) 0
(1988, 839) 1946
(1988, 831) 0
(1996, 831) 1589
(1992, 835) 3661
(1976, 835) 0
(1976, 819) 0
(1992, 819) 0
(1984, 827) 3661
(1968, 843) 5140
(1921, 859) 0
(1890, 859) 483
(1890, 827) 0
(1921, 827) 1698
(1906, 843) 2181
(1921, 796) 448
(1890, 796) 0
(1890, 765) 1231
(1921, 765) 0
(1906, 781) 1679
(1968, 781) 0
(1937, 812) 9000
(1875, 875) 27722
(1718, 968) 277
(1671, 984) 0
(1648, 992) 0
(1632, 992) 0
(1636, 980) 0
(1628, 980) 0
(1628, 972) 1564
(1636, 972) 1480
(1632, 976) 3044
(1648, 976) 0
(1640, 984) 3044
(1640, 952) 0
(1671, 952) 723
(1656, 968) 3767
(1671, 921) 0
(1640, 921) 0
(1640, 890) 1747
(1679, 898) 37
(1663, 898) 0
(1663, 882) 0
(1679, 882) 1022
(1671, 890) 1059
(1656, 906) 2806
(1718, 906) 0
(1687, 937) 6850
(1593, 968) 0
(1546, 984) 929
(1515, 984) 0
(1515, 952) 1107
(1546, 952) 0
(1531, 968) 2036
(1546, 921) 0
(1523, 929) 1273
(1507, 929) 0
(1507, 913) 717
(1523, 913) 0
(1515, 921) 1990
(1515, 890) 513
(1546, 890) 0
(1531, 906) 2503
(1593, 906) 1807
(1562, 937) 6346
(1593, 843) 1302
(1546, 859) 174
(1515, 859) 1558
(1523, 835) 0
(1511, 839) 0
(1503, 839) 0
(1505, 833) 0
(1502, 834) 0
(1500, 834) 222
(1500, 832) 0
(1502, 832) 867
(1501, 833) 1089
(1501, 829) 0
(1505, 829) 0
(1503, 831) 1089
(1511, 831) 0
(1507, 835) 1089
(1507, 819) 1972
(1523, 819) 0
(1515, 827) 3061
(1546, 827) 0
(1531, 843) 4793
(1546, 796) 942
(1515, 796) 0
(1515, 765) 220
(1546, 765) 0
(1531, 781) 1162
(1609, 796) 0
(1577, 796) 156
(1577, 765) 0
(1609, 765) 1538
(1593, 781) 1694
(1562, 812) 8951
(1718, 843) 0
(1656, 843) 1407
(1671, 796) 0
(1640, 796) 105
(1640, 765) 0
(1671, 765) 201
(1656, 781) 306
(1718, 781) 892
(1687, 812) 2605
(1625, 875) 24752
(1742, 742) 1562
(1726, 742) 1692
(1726, 726) 11
(1742, 726) 42
(1734, 734) 3307
(1702, 734) 1584
(1702, 702) 0
(1734, 702) 833
(1718, 718) 5724
(1671, 734) 853
(1640, 734) 0
(1648, 710) 0
(1632, 710) 364
(1632, 694) 965
(1648, 694) 0
(1640, 702) 1329
(1671, 702) 888
(1656, 718) 3070
(1656, 656) 1477
(1734, 671) 1237
(1702, 671) 0
(1710, 648) 0
(1694, 648) 907
(1698, 636) 170
(1690, 636) 0
(1690, 628) 1490
(1698, 628) 0
(1694, 632) 1660
(1714, 636) 0
(1708, 638) 164
(1704, 638) 0
(1704, 634) 0
(1708, 634) 295
(1706, 636) 459
(1706, 628) 0
(1714, 628) 0
(1710, 632) 459
(1702, 640) 3026
(1734, 640) 0
(1718, 656) 4263
(1687, 687) 14534
(1609, 734) 1564
(1577, 734) 1756
(1577, 702) 39
(1609, 702) 0
(1593, 718) 3359
(1546, 734) 0
(1523, 742) 715
(1507, 742) 0
(1507, 726) 684
(1523, 726) 0
(1515, 734) 1399
(1515, 702) 898
(1546, 702) 0
(1531, 718) 2297
(1546, 671) 1917
(1523, 679) 1425
(1507, 679) 0
(1507, 663) 0
(1523, 663) 303
(1515, 671) 1728
(1515, 640) 0
(1546, 640) 967
(1531, 656) 4612
(1593, 656) 788
(1562, 687) 11056
(1593, 593) 0
(1546, 609) 231
(1515, 609) 0
(1515, 577) 497
(1546, 577) 0
(1531, 593) 728
(1546, 546) 0
(1523, 554) 0
(1511, 558) 1534
(1503, 558) 1540
(1503, 550) 0
(1511, 550) 0
(1507, 554) 3074
(1507, 538) 0
(1523, 538) 0
(1515, 546) 3074
(1515, 515) 0
(1546, 515) 319
(1531, 531) 3393
(1593, 531) 1459
(1562, 562) 5580
(1734, 609) 0
(1710, 617) 178
(1694, 617) 0
(1694, 601) 0
(1710, 601) 896
(1702, 609) 1074
(1702, 577) 0
(1742, 585) 727
(1730, 589) 1985
(1722, 589) 0
(1722, 581) 521
(1730, 581) 0
(1726, 585) 2506
(1726, 569) 252
(1742, 569) 0
(1734, 577) 3485
(1718, 593) 4559
(1656, 593) 99
(1671, 546) 0
(1640, 546) 1504
(1640, 515) 0
(1671, 515) 44
(1656, 531) 1548
(1734, 546) 1892
(1702, 546) 0
(1702, 515) 0
(1742, 523) 0
(1730, 527) 0
(1722, 527) 0
(1724, 521) 0
(1721, 522) 979
(1719, 522) 0
(1719, 520) 639
(1721, 520) 0
(1720, 521) 1618
(1720, 517) 0
(1724, 517) 0
(1722, 519) 1618
(1730, 519) 0
(1726, 523) 1618
(1726, 507) 0
(1742, 507) 0
(1734, 515) 1618
(1718, 531) 3510
(1687, 562) 9716
(1625, 625) 40886
(1984, 734) 444
(1952, 734) 964
(1960, 710) 0
(1944, 710) 114
(1948, 698) 1187
(1940, 698) 1165
(1940, 690) 0
(1948, 690) 0
(1944, 694) 2352
(1960, 694) 0
(1952, 702) 2466
(1984, 702) 869
(1968, 718) 4743
(1906, 718) 0
(1906, 656) 1433
(1984, 671) 0
(1952, 671) 1540
(1952, 640) 1822
(1984, 640) 140
(1968, 656) 3502
(1937, 687) 9678
(1859, 734) 371
(1827, 734) 0
(1827, 702) 1025
(1859, 702) 0
(1843, 718) 1396
(1796, 734) 0
(1765, 734) 0
(1773, 710) 0
(1757, 710) 1373
(1757, 694) 0
(1773, 694) 1497
(1765, 702) 2870
(1796, 702) 195
(1781, 718) 3065
(1796, 671) 0
(1773, 679) 628
(1757, 679) 0
(1757, 663) 0
(1773, 663) 141
(1765, 671) 769
(1765, 640) 1382
(1796, 640) 1828
(1781, 656) 3979
(1859, 671) 294
(1835, 679) 395
(1819, 679) 0
(1819, 663) 1643
(1835, 663) 0
(1827, 671) 2038
(1827, 640) 921
(1859, 640) 563
(1843, 656) 3816
(1812, 687) 12256
(1843, 593) 389
(1781, 593) 972
(1796, 546) 0
(1765, 546) 0
(1765, 515) 443
(1796, 515) 534
(1781, 531) 977
(1859, 546) 0
(1827, 546) 615
(1827, 515) 335
(1859, 515) 0
(1843, 531) 950
(1812, 562) 3288
(1984, 609) 0
(1952, 609) 0
(1960, 585) 1382
(1944, 585) 885
(1944, 569) 0
(1960, 569) 0
(1952, 577) 2267
(1984, 577) 0
(1968, 593) 2267
(1921, 609) 1527
(1890, 609) 1601
(1890, 577) 0
(1921, 577) 0
(1906, 593) 3128
(1906, 531) 638
(1992, 554) 1079
(1976, 554) 0
(1976, 538) 0
(1992, 538) 603
(1984, 546) 1682
(1952, 546) 0
(1952, 515) 0
(1984, 515) 1426
(1968, 531) 3108
(1937, 562) 9141
(1875, 625) 34363
(1750, 750) 127723
(1468, 968) 1153
(1421, 984) 0
(1390, 984) 672
(1390, 952) 0
(1421, 952) 1544
(1406, 968) 2216
(1406, 906) 0
(1484, 921) 1024
(1452, 921) 0
(1452, 890) 623
(1484, 890) 0
(1468, 906) 1647
(1437, 937) 5016
(1359, 984) 0
(1327, 984) 0
(1335, 960) 1001
(1319, 960) 0
(1319, 944) 0
(1335, 944) 1097
(1327, 952) 2098
(1359, 952) 885
(1343, 968) 2983
(1281, 968) 696
(1296, 921) 0
(1265, 921) 1259
(1265, 890) 0
(1296, 890) 582
(1281, 906) 1841
(1343, 906) 1842
(1312, 937) 7362
(1359, 859) 279
(1327, 859) 0
(1327, 827) 0
(1359, 827) 1253
(1343, 843) 1532
(1281, 843) 0
(1281, 781) 1456
(1359, 796) 0
(1327, 796) 0
(1335, 773) 0
(1319, 773) 0
(1319, 757) 262
(1335, 757) 1682
(1327, 765) 1944
(1359, 765) 0
(1343, 781) 1944
(1312, 812) 4932
(1484, 859) 0
(1460, 867) 0
(1444, 867) 0
(1444, 851) 1284
(1460, 851) 1757
(1452, 859) 3041
(1452, 827) 0
(1484, 827) 0
(1468, 843) 3041
(1406, 843) 0
(1421, 796) 0
(1390, 796) 1596
(1390, 765) 0
(1421, 765) 1570
(1406, 781) 3166
(1484, 796) 1401
(1452, 796) 1086
(1464, 777) 0
(1456, 777) 0
(1458, 771) 1636
(1454, 771) 1883
(1454, 767) 0
(1458, 767) 0
(1456, 769) 3519
(1464, 769) 0
(1460, 773) 3519
(1444, 773) 0
(1444, 757) 0
(1460, 757) 0
(1452, 765) 3519
(1484, 765) 0
(1468, 781) 6006
(1437, 812) 12213
(1375, 875) 29523
(1234, 984) 0
(1202, 984) 0
(1202, 952) 984
(1242, 960) 0
(1226, 960) 157
(1226, 944) 0
(1242, 944) 555
(1234, 952) 712
(1218, 968) 1696
(1156, 968) 0
(1171, 921) 1836
(1140, 921) 1359
(1140, 890) 1317
(1171, 890) 0
(1156, 906) 4512
(1234, 921) 1655
(1202, 921) 1902
(1202, 890) 0
(1234, 890) 0
(1218, 906) 3557
(1187, 937) 9765
(1109, 984) 0
(1077, 984) 0
(1085, 960) 1829
(1069, 960) 1234
(1069, 944) 0
(1085, 944) 0
(1077, 952) 3063
(1109, 952) 967
(1093, 968) 4030
(1046, 984) 1228
(1015, 984) 0
(1015, 952) 0
(1046, 952) 1020
(1031, 968) 2248
(1031, 906) 1495
(1109, 921) 1780
(1077, 921) 233
(1077, 890) 0
(1109, 890) 0
(1093, 906) 2013
(1062, 937) 9786
(1109, 859) 910
(1077, 859) 1738
(1077, 827) 0
(1109, 827) 0
(1093, 843) 2648
(1054, 867) 1041
(1038, 867) 1918
(1038, 851) 89
(1054, 851) 0
(1046, 859) 3048
(1015, 859) 1389
(1015, 827) 938
(1046, 827) 103
(1031, 843) 5478
(1046, 796) 809
(1015, 796) 0
(1015, 765) 0
(1054, 773) 822
(1038, 773) 0
(1038, 757) 1777
(1054, 757) 0
(1046, 765) 2599
(1031, 781) 3408
(1117, 804) 0
(1101, 804) 1769
(1101, 788) 0
(1117, 788) 546
(1109, 796) 2315
(1077, 796) 0
(1077, 765) 0
(1109, 765) 1195
(1093, 781) 3510
(1062, 812) 15044
(1234, 859) 1050
(1210, 867) 1881
(1194, 867) 235
(1194, 851) 0
(1210, 851) 1280
(1202, 859) 3396
(1202, 827) 0
(1234, 827) 0
(1218, 843) 4446
(1179, 867) 250
(1163, 867) 1847
(1163, 851) 0
(1179, 851) 0
(1171, 859) 2097
(1140, 859) 1157
(1140, 827) 0
(1171, 827) 325
(1156, 843) 3579
(1171, 796) 290
(1140, 796) 0
(1140, 765) 0
(1171, 765) 618
(1156, 781) 908
(1218, 781) 0
(1187, 812) 8933
(1125, 875) 43528
(1218, 718) 1702
(1185, 748) 0
(1181, 748) 1484
(1181, 744) 0
(1185, 744) 1707
(1183, 746) 3191
(1175, 746) 0
(1175, 738) 0
(1183, 738) 0
(1179, 742) 3191
(1163, 742) 0
(1163, 726) 1913
(1179, 726) 0
(1171, 734) 5104
(1140, 734) 0
(1140, 702) 981
(1179, 710) 589
(1163, 710) 0
(1163, 694) 767
(1179, 694) 0
(1171, 702) 1356
(1156, 718) 7441
(1171, 671) 0
(1152, 683) 0
(1144, 683) 0
(1144, 675) 0
(1154, 677) 0
(1150, 677) 1844
(1150, 673) 1124
(1154, 673) 0
(1152, 675) 2968
(1148, 679) 2968
(1132, 679) 1665
(1132, 663) 0
(1148, 663) 0
(1140, 671) 4633
(1140, 640) 1951
(1171, 640) 0
(1156, 656) 6584
(1218, 656) 1037
(1187, 687) 16764
(1093, 718) 0
(1046, 734) 825
(1015, 734) 0
(1023, 710) 0
(1007, 710) 263
(1007, 694) 567
(1023, 694) 0
(1015, 702) 830
(1046, 702) 0
(1031, 718) 1655
(1031, 656) 0
(1093, 656) 1375
(1062, 687) 3030
(1109, 609) 1340
(1077, 609) 0
(1077, 577) 1160
(1109, 577) 1974
(1093, 593) 4474
(1031, 593) 0
(1031, 531) 0
(1109, 546) 1722
(1077, 546) 769
(1077, 515) 0
(1109, 515) 860
(1093, 531) 3351
(1062, 562) 7825
(1234, 609) 207
(1202, 609) 447
(1202, 577) 722
(1242, 585) 0
(1232, 591) 0
(1228, 591) 42
(1228, 587) 1099
(1232, 587) 0
(1230, 589) 1141
(1222, 589) 0
(1222, 581) 0
(1230, 581) 0
(1226, 585) 1141
(1226, 569) 572
(1242, 569) 1579
(1234, 577) 3292
(1218, 593) 4668
(1156, 593) 1998
(1156, 531) 0
(1218, 531) 1671
(1187, 562) 8337
(1125, 625) 35956
(1484, 734) 1322
(1452, 734) 0
(1452, 702) 1991
(1484, 702) 1034
(1468, 718) 4347
(1421, 734) 0
(1390, 734) 0
(1398, 710) 0
(1382, 710) 0
(1386, 698) 0
(1378, 698) 957
(1378, 690) 1063
(1386, 690) 0
(1382, 694) 2020
(1398, 694) 0
(1390, 702) 2020
(1421, 702) 0
(1406, 718) 2020
(1421, 671) 427
(1390, 671) 0
(1390, 640) 0
(1421, 640) 1119
(1406, 656) 1546
(1484, 671) 0
(1452, 671) 0
(1452, 640) 792
(1484, 640) 422
(1468, 656) 1214
(1437, 687) 9127
(1359, 734) 0
(1327, 734) 0
(1335, 710) 1865
(1319, 710) 0
(1319, 694) 0
(1335, 694) 849
(1327, 702) 2714
(1359, 702) 0
(1343, 718) 2714
(1296, 734) 0
(1265, 734) 0
(1265, 702) 0
(1304, 710) 0
(1288, 710) 0
(1288, 694) 968
(1308, 698) 0
(1300, 698) 0
(1300, 690) 372
(1308, 690) 1944
(1304, 694) 2316
(1296, 702) 3284
(1281, 718) 3284
(1296, 671) 757
(1265, 671) 1596
(1265, 640) 1991
(1296, 640) 0
(1281, 656) 4344
(1343, 656) 1060
(1312, 687) 11402
(1343, 593) 860
(1296, 609) 860
(1265, 609) 1494
(1265, 577) 0
(1296, 577) 0
(1281, 593) 2354
(1296, 546) 1889
(1265, 546) 471
(1265, 515) 0
(1296, 515) 0
(1281, 531) 2360
(1359, 546) 198
(1327, 546) 0
(1327, 515) 0
(1359, 515) 301
(1343, 531) 499
(1312, 562) 6073
(1484, 609) 0
(1460, 617) 0
(1444, 617) 160
(1444, 601) 239
(1460, 601) 0
(1452, 609) 399
(1452, 577) 0
(1484, 577) 1571
(1468, 593) 1970
(1406, 593) 0
(1421, 546) 1094
(1390, 546) 0
(1398, 523) 0
(1382, 523) 0
(1382, 507) 1609
(1398, 507) 291
(1390, 515) 1900
(1421, 515) 0
(1406, 531) 2994
(1484, 546) 347
(1452, 546) 490
(1452, 515) 898
(1484, 515) 1175
(1468, 531) 2910
(1437, 562) 7874
(1375, 625) 34476
(1250, 750) 143483
(1484, 484) 1258
(1452, 484) 329
(1452, 452) 0
(1484, 452) 0
(1468, 468) 1587
(1406, 468) 10
(1429, 429) 0
(1413, 429) 814
(1413, 413) 36
(1429, 413) 0
(1421, 421) 850
(1390, 421) 0
(1390, 390) 0
(1421, 390) 0
(1406, 406) 850
(1484, 421) 0
(1452, 421) 761
(1452, 390) 439
(1492, 398) 0
(1476, 398) 1940
(1476, 382) 0
(1492, 382) 1079
(1484, 390) 3019
(1468, 406) 4219
(1437, 437) 6666
(1343, 468) 509
(1296, 484) 0
(1273, 492) 0
(1257, 492) 1086
(1257, 476) 1185
(1273, 476) 0
(1265, 484) 2271
(1265, 452) 0
(1296, 452) 0
(1281, 468) 2271
(1281, 406) 0
(1343, 406) 107
(1312, 437) 2887
(1343, 343) 147
(1308, 371) 0
(1300, 371) 1274
(1300, 363) 260
(1308, 363) 0
(1304, 367) 1534
(1288, 367) 0
(1288, 351) 0
(1304, 351) 0
(1296, 359) 1534
(1265, 359) 0
(1277, 339) 1505
(1269, 339) 0
(1269, 331) 1110
(1277, 331) 0
(1273, 335) 2615
(1257, 335) 0
(1257, 319) 0
(1273, 319) 0
(1265, 327) 2615
(1308, 339) 0
(1300, 339) 0
(1300, 331) 0
(1310, 333) 511
(1306, 333) 0
(1306, 329) 0
(1310, 329) 358
(1308, 331) 869
(1304, 335) 869
(1288, 335) 0
(1288, 319) 0
(1304, 319) 0
(1296, 327) 869
(1281, 343) 5018
(1296, 296) 0
(1273, 304) 0
(1257, 304) 611
(1257, 288) 1855
(1273, 288) 0
(1265, 296) 2466
(1265, 265) 0
(1296, 265) 410
(1281, 281) 2876
(1359, 296) 0
(1327, 296) 1147
(1327, 265) 1198
(1359, 265) 0
(1343, 281) 2345
(1312, 312) 10386
(1468, 343) 1347
(1406, 343) 1021
(1421, 296) 1444
(1390, 296) 0
(1390, 265) 1484
(1421, 265) 0
(1406, 281) 2928
(1484, 296) 0
(1452, 296) 0
(1452, 265) 1686
(1492, 273) 0
(1476, 273) 0
(1476, 257) 1360
(1496, 261) 1680
(1488, 261) 0
(1488, 253) 1
(1496, 253) 0
(1492, 257) 1681
(1484, 265) 3041
(1468, 281) 4727
(1437, 312) 10023
(1375, 375) 29962
(1218, 468) 1235
(1156, 468) 0
(1179, 429) 506
(1163, 429) 0
(1163, 413) 47
(1179, 413) 0
(1171, 421) 553
(1140, 421) 0
(1140, 390) 0
(1171, 390) 0
(1156, 406) 553
(1234, 421) 0
(1202, 421) 0
(1210, 398) 0
(1194, 398) 36
(1194, 382) 0
(1210, 382) 1178
(1202, 390) 1214
(1242, 398) 532
(1226, 398) 0
(1230, 386) 1857
(1222, 386) 0
(1222, 378) 0
(1230, 378) 62
(1226, 382) 1919
(1242, 382) 0
(1234, 390) 2451
(1218, 406) 3665
(1187, 437) 5453
(1109, 484) 0
(1077, 484) 8
(1077, 452) 0
(1109, 452) 1584
(1093, 468) 1592
(1046, 484) 1747
(1015, 484) 0
(1023, 460) 545
(1007, 460) 608
(1007, 444) 1681
(1023, 444) 1562
(1015, 452) 4396
(1046, 452) 229
(1031, 468) 6372
(1031, 406) 1123
(1117, 429) 0
(1101, 429) 0
(1101, 413) 0
(1121, 417) 0
(1115, 419) 0
(1111, 419) 0
(1112, 416) 0
(1110, 416) 0
(1110, 414) 823
(1112, 414) 271
(1111, 415) 1094
(1115, 415) 0
(1113, 417) 1094
(1113, 409) 0
(1121, 409) 0
(1117, 413) 1094
(1109, 421) 1094
(1077, 421) 0
(1077, 390) 194
(1109, 390) 0
(1093, 406) 1288
(1062, 437) 10375
(1109, 359) 1232
(1077, 359) 0
(1077, 327) 0
(1109, 327) 1789
(1093, 343) 3021
(1046, 359) 0
(1027, 371) 0
(1021, 373) 0
(1017, 373) 0
(1017, 369) 932
(1021, 369) 1911
(1019, 371) 2843
(1019, 363) 0
(1027, 363) 0
(1023, 367) 2843
(1007, 367) 0
(1007, 351) 0
(1023, 351) 0
(1015, 359) 2843
(1015, 327) 0
(1046, 327) 0
(1031, 343) 2843
(1031, 281) 1310
(1093, 281) 0
(1062, 312) 7174
(1218, 343) 1800
(1171, 359) 0
(1140, 359) 0
(1148, 335) 1088
(1132, 335) 1864
(1132, 319) 0
(1148, 319) 0
(1140, 327) 2952
(1171, 327) 759
(1156, 343) 3711
(1171, 296) 1002
(1140, 296) 729
(1140, 265) 0
(1171, 265) 0
(1156, 281) 1731
(1218, 281) 836
(1187, 312) 8078
(1125, 375) 31080
(1234, 234) 0
(1210, 242) 0
(1194, 242) 349
(1194, 226) 884
(1210, 226) 0
(1202, 234) 1233
(1210, 210) 258
(1194, 210) 0
(1194, 194) 0
(1210, 194) 1110
(1202, 202) 1368
(1234, 202) 0
(1218, 218) 2601
(1171, 234) 841
(1140, 234) 112
(1140, 202) 0
(1171, 202) 1330
(1156, 218) 2283
(1156, 156) 0
(1234, 171) 0
(1202, 171) 668
(1202, 140) 793
(1234, 140) 987
(1218, 156) 2448
(1187, 187) 7332
(1109, 234) 1362
(1077, 234) 0
(1077, 202) 0
(1109, 202) 904
(1093, 218) 2266
(1046, 234) 0
(1015, 234) 466
(1015, 202) 564
(1046, 202) 0
(1031, 218) 1030
(1031, 156) 775
(1109, 171) 0
(1077, 171) 0
(1077, 140) 0
(1117, 148) 0
(1101, 148) 0
(1101, 132) 405
(1117, 132) 445
(1109, 140) 850
(1093, 156) 850
(1062, 187) 4921
(1109, 109) 1223
(1077, 109) 339
(1077, 77) 0
(1109, 77) 0
(1093, 93) 1562
(1046, 109) 1441
(1015, 109) 0
(1015, 77) 0
(1054, 85) 568
(1038, 85) 0
(1038, 69) 1413
(1058, 73) 1593
(1050, 73) 0
(1050, 65) 0
(1058, 65) 93
(1054, 69) 1686
(1046, 77) 3667
(1031, 93) 5108
(1031, 31) 720
(1109, 46) 0
(1077, 46) 0
(1077, 15) 1917
(1109, 15) 371
(1093, 31) 2288
(1062, 62) 9678
(1242, 117) 0
(1226, 117) 942
(1226, 101) 391
(1242, 101) 788
(1234, 109) 2121
(1202, 109) 0
(1210, 85) 0
(1194, 85) 1047
(1194, 69) 0
(1210, 69) 892
(1202, 77) 1939
(1234, 77) 0
(1218, 93) 4060
(1171, 109) 1780
(1140, 109) 0
(1140, 77) 691
(1171, 77) 0
(1156, 93) 2471
(1171, 46) 0
(1140, 46) 469
(1148, 23) 0
(1132, 23) 0
(1132, 7) 1336
(1148, 7) 570
(1140, 15) 1906
(1171, 15) 453
(1156, 31) 2828
(1242, 54) 0
(1226, 54) 0
(1226, 38) 0
(1246, 42) 0
(1238, 42) 1548
(1238, 34) 1702
(1246, 34) 0
(1242, 38) 3250
(1234, 46) 3250
(1202, 46) 0
(1202, 15) 0
(1234, 15) 341
(1218, 31) 3591
(1187, 62) 12950
(1125, 125) 34881
(1484, 234) 0
(1452, 234) 0
(1452, 202) 6
(1484, 202) 1097
(1468, 218) 1103
(1421, 234) 253
(1390, 234) 1597
(1390, 202) 0
(1421, 202) 1999
(1406, 218) 3849
(1406, 156) 0
(1468, 156) 0
(1437, 187) 4952
(1359, 234) 0
(1327, 234) 541
(1327, 202) 0
(1367, 210) 84
(1351, 210) 0
(1351, 194) 62
(1367, 194) 0
(1359, 202) 146
(1343, 218) 687
(1296, 234) 1291
(1265, 234) 0
(1265, 202) 0
(1304, 210) 0
(1292, 214) 988
(1284, 214) 0
(1284, 206) 1692
(1292, 206) 0
(1288, 210) 2680
(1288, 194) 0
(1304, 194) 0
(1296, 202) 2680
(1281, 218) 3971
(1296, 171) 320
(1265, 171) 1546
(1265, 140) 0
(1296, 140) 1844
(1281, 156) 3710
(1343, 156) 0
(1312, 187) 8368
(1359, 109) 630
(1327, 109) 1102
(1327, 77) 843
(1359, 77) 476
(1343, 93) 3051
(1296, 109) 1185
(1273, 117) 1379
(1257, 117) 0
(1257, 101) 0
(1273, 101) 1023
(1265, 109) 2402
(1265, 77) 0
(1304, 85) 832
(1288, 85) 1719
(1288, 69) 1215
(1304, 69) 864
(1296, 77) 4630
(1281, 93) 8217
(1296, 46) 359
(1273, 54) 0
(1257, 54) 115
(1257, 38) 399
(1273, 38) 0
(1265, 46) 514
(1265, 15) 0
(1296, 15) 0
(1281, 31) 873
(1343, 31) 1369
(1312, 62) 13510
(1468, 93) 0
(1406, 93) 959
(1421, 46) 0
(1398, 54) 0
(1382, 54) 0
(1382, 38) 247
(1398, 38) 609
(1390, 46) 856
(1390, 15) 0
(1421, 15) 0
(1406, 31) 856
(1484, 46) 938
(1452, 46) 1552
(1460, 23) 0
(1444, 23) 0
(1448, 11) 0
(1440, 11) 0
(1440, 3) 0
(1450, 5) 1797
(1446, 5) 0
(1446, 1) 0
(1450, 1) 1766
(1448, 3) 3563
(1444, 7) 3563
(1460, 7) 0
(1452, 15) 3563
(1484, 15) 0
(1468, 31) 6053
(1437, 62) 7868
(1375, 125) 34698
(1250, 250) 130621
(1968, 468) 336
(1921, 484) 1786
(1890, 484) 140
(1890, 452) 0
(1921, 452) 0
(1906, 468) 1926
(1906, 406) 0
(1968, 406) 0
(1937, 437) 2262
(1859, 484) 0
(1827, 484) 0
(1827, 452) 1577
(1867, 460) 685
(1851, 460) 0
(1851, 444) 1942
(1867, 444) 0
(1859, 452) 2627
(1843, 468) 4204
(1781, 468) 578
(1804, 429) 0
(1788, 429) 1004
(1788, 413) 0
(1804, 413) 953
(1796, 421) 1957
(1765, 421) 0
(1765, 390) 923
(1796, 390) 0
(1781, 406) 2880
(1843, 406) 625
(1812, 437) 8287
(1843, 343) 1249
(1781, 343) 0
(1781, 281) 639
(1843, 281) 1503
(1812, 312) 3391
(1984, 359) 573
(1952, 359) 802
(1952, 327) 0
(1984, 327) 0
(1968, 343) 1375
(1906, 343) 1122
(1906, 281) 346
(1968, 281) 530
(1937, 312) 3373
(1875, 375) 17313
(1734, 484) 0
(1702, 484) 0
(1702, 452) 0
(1742, 460) 0
(1726, 460) 418
(1726, 444) 929
(1742, 444) 0
(1734, 452) 1347
(1718, 468) 1347
(1671, 484) 0
(1640, 484) 148
(1640, 452) 1003
(1671, 452) 0
(1656, 468) 1151
(1671, 421) 1239
(1640, 421) 0
(1640, 390) 57
(1671, 390) 0
(1656, 406) 1296
(1734, 421) 226
(1702, 421) 0
(1702, 390) 334
(1734, 390) 1799
(1718, 406) 2359
(1687, 437) 6153
(1593, 468) 1571
(1531, 468) 1304
(1531, 406) 0
(1593, 406) 212
(1562, 437) 3087
(1609, 359) 1240
(1577, 359) 0
(1577, 327) 883
(1609, 327) 0
(1593, 343) 2123
(1546, 359) 0
(1523, 367) 0
(1511, 371) 0
(1503, 371) 869
(1503, 363) 1894
(1511, 363) 0
(1507, 367) 2763
(1507, 351) 809
(1523, 351) 464
(1515, 359) 4036
(1515, 327) 0
(1546, 327) 0
(1531, 343) 4036
(1531, 281) 177
(1609, 296) 0
(1577, 296) 0
(1577, 265) 340
(1609, 265) 94
(1593, 281) 434
(1562, 312) 6770
(1734, 359) 1101
(1702, 359) 0
(1702, 327) 0
(1734, 327) 1820
(1718, 343) 2921
(1656, 343) 1174
(1671, 296) 493
(1640, 296) 1900
(1640, 265) 0
(1671, 265) 39
(1656, 281) 2432
(1718, 281) 1303
(1687, 312) 7830
(1625, 375) 23840
(1742, 242) 0
(1726, 242) 262
(1726, 226) 0
(1742, 226) 1089
(1734, 234) 1351
(1702, 234) 0
(1702, 202) 0
(1734, 202) 396
(1718, 218) 1747
(1671, 234) 0
(1648, 242) 390
(1632, 242) 810
(1632, 226) 0
(1648, 226) 0
(1640, 234) 1200
(1640, 202) 1833
(1679, 210) 0
(1663, 210) 1705
(1663, 194) 765
(1679, 194) 0
(1671, 202) 2470
(1656, 218) 5503
(1656, 156) 1487
(1718, 156) 1608
(1687, 187) 10345
(1593, 218) 981
(1558, 246) 0
(1550, 246) 0
(1550, 238) 0
(1560, 240) 1358
(1556, 240) 1183
(1556, 236) 0
(1560, 236) 0
(1558, 238) 2541
(1554, 242) 2541
(1538, 242) 0
(1538, 226) 0
(1554, 226) 0
(1546, 234) 2541
(1515, 234) 1407
(1515, 202) 1016
(1546, 202) 1571
(1531, 218) 6535
(1531, 156) 1155
(1609, 171) 1254
(1577, 171) 0
(1577, 140) 0
(1609, 140) 587
(1593, 156) 1841
(1562, 187) 10512
(1593, 93) 1573
(1546, 109) 0
(1523, 117) 0
(1507, 117) 0
(1507, 101) 977
(1523, 101) 697
(1515, 109) 1674
(1515, 77) 0
(1546, 77) 0
(1531, 93) 1674
(1546, 46) 0
(1523, 54) 0
(1507, 54) 0
(1507, 38) 1589
(1523, 38) 1227
(1515, 46) 2816
(1515, 15) 0
(1546, 15) 0
(1531, 31) 2816
(1609, 46) 0
(1577, 46) 1535
(1577, 15) 0
(1609, 15) 1230
(1593, 31) 2765
(1562, 62) 8828
(1742, 117) 0
(1726, 117) 0
(1726, 101) 1226
(1742, 101) 666
(1734, 109) 1892
(1702, 109) 0
(1710, 85) 1162
(1694, 85) 105
(1694, 69) 0
(1710, 69) 0
(1702, 77) 1267
(1734, 77) 139
(1718, 93) 3298
(1671, 109) 0
(1640, 109) 1387
(1648, 85) 0
(1632, 85) 0
(1632, 69) 29
(1648, 69) 1519
(1640, 77) 1548
(1671, 77) 0
(1656, 93) 2935
(1671, 46) 941
(1640, 46) 1787
(1640, 15) 0
(1671, 15) 0
(1656, 31) 2728
(1742, 54) 1838
(1726, 54) 480
(1726, 38) 0
(1742, 38) 0
(1734, 46) 2318
(1702, 46) 0
(1702, 15) 203
(1734, 15) 1791
(1718, 31) 4312
(1687, 62) 13273
(1625, 125) 42958
(1984, 234) 0
(1960, 242) 1559
(1944, 242) 0
(1944, 226) 22
(1960, 226) 0
(1952, 234) 1581
(1960, 210) 478
(1944, 210) 0
(1944, 194) 0
(1960, 194) 751
(1952, 202) 1229
(1992, 210) 521
(1976, 210) 0
(1976, 194) 0
(1992, 194) 1858
(1984, 202) 2379
(1968, 218) 5189
(1929, 242) 0
(1913, 242) 1484
(1913, 226) 1582
(1929, 226) 0
(1921, 234) 3066
(1890, 234) 0
(1890, 202) 0
(1921, 202) 0
(1906, 218) 3066
(1906, 156) 1461
(1984, 171) 1339
(1960, 179) 0
(1944, 179) 1259
(1944, 163) 1940
(1960, 163) 0
(1952, 171) 3199
(1952, 140) 0
(1984, 140) 0
(1968, 156) 4538
(1937, 187) 14254
(1843, 218) 0
(1796, 234) 381
(1773, 242) 410
(1757, 242) 0
(1757, 226) 0
(1773, 226) 1806
(1765, 234) 2216
(1765, 202) 0
(1796, 202) 0
(1781, 218) 2597
(1781, 156) 1640
(1843, 156) 0
(1812, 187) 4237
(1867, 117) 0
(1851, 117) 0
(1851, 101) 0
(1871, 105) 0
(1863, 105) 0
(1863, 97) 1899
(1871, 97) 427
(1867, 101) 2326
(1859, 109) 2326
(1827, 109) 0
(1827, 77) 0
(1859, 77) 660
(1843, 93) 2986
(1796, 109) 0
(1765, 109) 1720
(1765, 77) 0
(1796, 77) 514
(1781, 93) 2234
(1808, 58) 0
(1800, 58) 919
(1800, 50) 0
(1808, 50) 1479
(1804, 54) 2398
(1788, 54) 0
(1788, 38) 0
(1804, 38) 0
(1796, 46) 2398
(1765, 46) 1991
(1765, 15) 0
(1796, 15) 910
(1781, 31) 5299
(1859, 46) 0
(1827, 46) 345
(1827, 15) 1888
(1859, 15) 0
(1843, 31) 2233
(1812, 62) 12752
(1984, 109) 1820
(1952, 109) 0
(1952, 77) 315
(1984, 77) 1184
(1968, 93) 3319
(1906, 93) 2000
(1906, 31) 0
(1984, 46) 329
(1952, 46) 1139
(1952, 15) 0
(1984, 15) 456
(1968, 31) 1924
(1937, 62) 7243
(1875, 125) 38486
(1750, 250) 122597
(1500, 500) 524424
(1000, 1000) 1967687
