(5237, 5237) 621
(5071, 5237) 0
(5071, 5071) 180
(5237, 5071) 697
(5154, 5154) 1498
(4904, 5237) 0
(4738, 5237) 0
(4738, 5071) 898
(4904, 5071) 457
(4821, 5154) 1355
(4904, 4904) 0
(4779, 4946) 418
(4696, 4946) 0
(4717, 4883) 751
(4675, 4883) 324
(4675, 4841) 0
(4717, 4841) 0
(4696, 4862) 1075
(4779, 4862) 0
(4738, 4904) 1493
(4738, 4738) 915
(4904, 4738) 0
(4821, 4821) 2408
(5237, 4904) 0
(5071, 4904) 182
(5112, 4779) 288
(5029, 4779) 685
(5029, 4696) 0
(5112, 4696) 0
(5071, 4738) 973
(5279, 4779) 0
(5216, 4800) 0
(5174, 4800) 0
(5174, 4758) 0
(5226, 4768) 910
(5205, 4768) 0
(5205, 4748) 0
(5226, 4748) 244
(5216, 4758) 1154
(5195, 4779) 1154
(5195, 4696) 0
(5279, 4696) 746
(5237, 4738) 1900
(5154, 4821) 3055
(4988, 4988) 8316
(4571, 5237) 947
(4405, 5237) 0
(4405, 5071) 304
(4613, 5112) 0
(4529, 5112) 261
(4550, 5050) 763
(4508, 5050) 0
(4508, 5008) 0
(4550, 5008) 880
(4529, 5029) 1643
(4613, 5029) 0
(4571, 5071) 1904
(4488, 5154) 3155
(4239, 5237) 139
(4073, 5237) 256
(4114, 5112) 0
(4052, 5133) 425
(4010, 5133) 59
(4010, 5091) 0
(4052, 5091) 0
(4031, 5112) 484
(4031, 5029) 0
(4114, 5029) 0
(4073, 5071) 484
(4239, 5071) 0
(4156, 5154) 879
(4239, 4904) 953
(4073, 4904) 878
(4073, 4738) 0
(4280, 4779) 439
(4197, 4779) 0
(4197, 4696) 128
(4280, 4696) 0
(4239, 4738) 567
(4156, 4821) 2398
(4571, 4904) 319
(4405, 4904) 0
(4405, 4738) 123
(4571, 4738) 454
(4488, 4821) 896
(4322, 4988) 7328
(4571, 4571) 0
(4405, 4571) 741
(4467, 4467) 0
(4425, 4467) 838
(4425, 4425) 671
(4467, 4425) 0
(4446, 4446) 1509
(4363, 4446) 0
(4363, 4363) 0
(4446, 4363) 0
(4405, 4405) 1509
(4571, 4405) 199
(4488, 4488) 2449
(4239, 4571) 119
(4073, 4571) 0
(4135, 4467) 107
(4093, 4467) 214
(4093, 4425) 0
(4135, 4425) 0
(4114, 4446) 321
(4031, 4446) 0
(4031, 4363) 38
(4114, 4363) 0
(4073, 4405) 359
(4280, 4446) 302
(4197, 4446) 0
(4197, 4363) 861
(4280, 4363) 0
(4239, 4405) 1163
(4156, 4488) 1641
(4280, 4280) 0
(4197, 4280) 958
(4197, 4197) 530
(4280, 4197) 0
(4239, 4239) 1488
(4073, 4239) 634
(4073, 4073) 460
(4239, 4073) 0
(4156, 4156) 2582
(4613, 4280) 0
(4529, 4280) 854
(4529, 4197) 0
(4613, 4197) 680
(4571, 4239) 1534
(4446, 4280) 0
(4363, 4280) 287
(4363, 4197) 620
(4446, 4197) 0
(4405, 4239) 907
(4446, 4114) 708
(4363, 4114) 882
(4363, 4031) 0
(4446, 4031) 299
(4405, 4073) 1889
(4571, 4073) 0
(4488, 4156) 4330
(4322, 4322) 11002
(5237, 4571) 184
(5071, 4571) 0
(5071, 4405) 0
(5237, 4405) 988
(5154, 4488) 1172
(4946, 4613) 0
(4862, 4613) 0
(4862, 4529) 0
(4967, 4550) 384
(4925, 4550) 0
(4925, 4508) 357
(4967, 4508) 0
(4946, 4529) 741
(4904, 4571) 741
(4738, 4571) 699
(4779, 4446) 0
(4696, 4446) 0
(4696, 4363) 0
(4800, 4384) 0
(4758, 4384) 0
(4758, 4342) 481
(4800, 4342) 151
(4779, 4363) 632
(4738, 4405) 632
(4946, 4446) 0
(4883, 4467) 0
(4841, 4467) 0
(4851, 4435) 999
(4831, 4435) 0
(4831, 4415) 0
(4851, 4415) 565
(4841, 4425) 1564
(4883, 4425) 0
(4862, 4446) 1564
(4862, 4363) 0
(4946, 4363) 0
(4904, 4405) 1564
(4821, 4488) 3636
(4946, 4280) 890
(4862, 4280) 464
(4862, 4197) 0
(4946, 4197) 771
(4904, 4239) 2125
(4738, 4239) 938
(4738, 4073) 0
(4904, 4073) 0
(4821, 4156) 3063
(5237, 4239) 0
(5071, 4239) 702
(5112, 4114) 692
(5029, 4114) 0
(5050, 4052) 0
(5018, 4062) 0
(4998, 4062) 0
(4998, 4041) 719
(5018, 4041) 706
(5008, 4052) 1425
(5008, 4010) 0
(5050, 4010) 0
(5029, 4031) 1425
(5112, 4031) 267
(5071, 4073) 2384
(5237, 4073) 80
(5154, 4156) 3166
(4988, 4322) 11037
(4655, 4655) 37683
(3906, 5237) 426
(3781, 5279) 0
(3698, 5279) 568
(3698, 5195) 0
(3781, 5195) 404
(3740, 5237) 972
(3740, 5071) 479
(3906, 5071) 0
(3823, 5154) 1877
(3574, 5237) 119
(3408, 5237) 348
(3470, 5133) 489
(3428, 5133) 0
(3428, 5091) 789
(3470, 5091) 0
(3449, 5112) 1278
(3366, 5112) 0
(3366, 5029) 0
(3449, 5029) 0
(3408, 5071) 1278
(3615, 5112) 0
(3563, 5143) 0
(3547, 5148) 764
(3537, 5148) 0
(3537, 5138) 0
(3547, 5138) 285
(3542, 5143) 1049
(3542, 5122) 0
(3563, 5122) 0
(3553, 5133) 1049
(3511, 5133) 0
(3511, 5091) 0
(3553, 5091) 0
(3532, 5112) 1049
(3532, 5029) 0
(3615, 5029) 0
(3574, 5071) 1049
(3491, 5154) 2794
(3574, 4904) 0
(3408, 4904) 0
(3408, 4738) 499
(3615, 4779) 44
(3532, 4779) 0
(3532, 4696) 0
(3615, 4696) 603
(3574, 4738) 647
(3491, 4821) 1146
(3906, 4904) 628
(3781, 4946) 0
(3719, 4967) 766
(3677, 4967) 0
(3677, 4925) 136
(3719, 4925) 0
(3698, 4946) 902
(3698, 4862) 0
(3781, 4862) 0
(3740, 4904) 902
(3740, 4738) 453
(3948, 4779) 0
(3864, 4779) 0
(3864, 4696) 796
(3948, 4696) 21
(3906, 4738) 817
(3823, 4821) 2800
(3657, 4988) 8617
(3283, 5279) 0
(3199, 5279) 329
(3199, 5195) 0
(3304, 5216) 0
(3272, 5226) 0
(3251, 5226) 0
(3251, 5205) 168
(3272, 5205) 34
(3262, 5216) 202
(3262, 5174) 0
(3304, 5174) 0
(3283, 5195) 202
(3241, 5237) 531
(3075, 5237) 0
(3075, 5071) 243
(3283, 5112) 951
(3199, 5112) 678
(3199, 5029) 770
(3283, 5029) 0
(3241, 5071) 2399
(3158, 5154) 3173
(2909, 5237) 784
(2743, 5237) 0
(2805, 5133) 469
(2763, 5133) 726
(2763, 5091) 0
(2805, 5091) 0
(2784, 5112) 1195
(2701, 5112) 0
(2701, 5029) 0
(2784, 5029) 0
(2743, 5071) 1195
(2909, 5071) 294
(2826, 5154) 2273
(2909, 4904) 447
(2743, 4904) 465
(2784, 4779) 766
(2701, 4779) 0
(2701, 4696) 0
(2784, 4696) 216
(2743, 4738) 982
(2909, 4738) 124
(2826, 4821) 2018
(3241, 4904) 314
(3116, 4946) 0
(3033, 4946) 241
(3033, 4862) 0
(3116, 4862) 547
(3075, 4904) 788
(3075, 4738) 0
(3304, 4800) 965
(3262, 4800) 0
(3262, 4758) 0
(3314, 4768) 800
(3293, 4768) 0
(3293, 4748) 388
(3314, 4748) 0
(3304, 4758) 1188
(3283, 4779) 2153
(3199, 4779) 0
(3199, 4696) 0
(3283, 4696) 0
(3241, 4738) 2153
(3158, 4821) 3255
(2992, 4988) 10719
(3241, 4571) 0
(3116, 4613) 0
(3033, 4613) 0
(3033, 4529) 979
(3116, 4529) 143
(3075, 4571) 1122
(3116, 4446) 593
(3033, 4446) 186
(3033, 4363) 265
(3116, 4363) 608
(3075, 4405) 1652
(3283, 4446) 311
(3199, 4446) 0
(3220, 4384) 0
(3178, 4384) 362
(3178, 4342) 0
(3220, 4342) 73
(3199, 4363) 435
(3283, 4363) 0
(3241, 4405) 746
(3158, 4488) 3520
(2909, 4571) 730
(2743, 4571) 971
(2784, 4446) 0
(2701, 4446) 949
(2701, 4363) 0
(2784, 4363) 256
(2743, 4405) 1205
(2909, 4405) 92
(2826, 4488) 2998
(2826, 4156) 0
(3241, 4239) 95
(3147, 4311) 668
(3126, 4311) 114
(3126, 4290) 0
(3147, 4290) 0
(3137, 4301) 782
(3095, 4301) 0
(3095, 4259) 0
(3137, 4259) 0
(3116, 4280) 782
(3033, 4280) 0
(3033, 4197) 0
(3116, 4197) 0
(3075, 4239) 782
(3075, 4073) 0
(3241, 4073) 103
(3158, 4156) 980
(2992, 4322) 7498
(3948, 4613) 976
(3864, 4613) 865
(3864, 4529) 0
(3948, 4529) 0
(3906, 4571) 1841
(3740, 4571) 822
(3740, 4405) 727
(3906, 4405) 0
(3823, 4488) 3390
(3615, 4613) 0
(3532, 4613) 991
(3532, 4529) 0
(3615, 4529) 474
(3574, 4571) 1465
(3449, 4613) 119
(3366, 4613) 0
(3366, 4529) 864
(3449, 4529) 0
(3408, 4571) 983
(3408, 4405) 0
(3615, 4446) 0
(3532, 4446) 0
(3532, 4363) 0
(3636, 4384) 0
(3594, 4384) 392
(3594, 4342) 75
(3636, 4342) 577
(3615, 4363) 1044
(3574, 4405) 1044
(3491, 4488) 3492
(3574, 4239) 0
(3408, 4239) 0
(3408, 4073) 94
(3615, 4114) 0
(3532, 4114) 0
(3532, 4031) 0
(3636, 4052) 499
(3594, 4052) 430
(3594, 4010) 0
(3636, 4010) 0
(3615, 4031) 929
(3574, 4073) 929
(3491, 4156) 1023
(3906, 4239) 525
(3740, 4239) 518
(3740, 4073) 986
(3906, 4073) 692
(3823, 4156) 2721
(3657, 4322) 10626
(3325, 4655) 37460
(3906, 3906) 769
(3781, 3948) 0
(3698, 3948) 384
(3698, 3864) 0
(3781, 3864) 686
(3740, 3906) 1070
(3740, 3740) 0
(3906, 3740) 0
(3823, 3823) 1839
(3574, 3906) 626
(3408, 3906) 74
(3408, 3740) 221
(3574, 3740) 206
(3491, 3823) 1127
(3615, 3615) 0
(3532, 3615) 428
(3532, 3532) 0
(3615, 3532) 262
(3574, 3574) 690
(3408, 3574) 124
(3449, 3449) 778
(3366, 3449) 0
(3366, 3366) 741
(3449, 3366) 0
(3408, 3408) 1519
(3574, 3408) 632
(3491, 3491) 2965
(3906, 3574) 710
(3740, 3574) 0
(3740, 3408) 0
(3906, 3408) 811
(3823, 3491) 1521
(3657, 3657) 7452
(3241, 3906) 425
(3075, 3906) 894
(3075, 3740) 458
(3241, 3740) 781
(3158, 3823) 2558
(2909, 3906) 833
(2743, 3906) 0
(2743, 3740) 99
(2909, 3740) 789
(2826, 3823) 1721
(2826, 3491) 0
(3241, 3574) 0
(3075, 3574) 646
(3116, 3449) 0
(3033, 3449) 40
(3033, 3366) 192
(3116, 3366) 0
(3075, 3408) 232
(3241, 3408) 77
(3158, 3491) 955
(2992, 3657) 5234
(3158, 3158) 24
(2950, 3283) 0
(2867, 3283) 258
(2867, 3199) 961
(2950, 3199) 0
(2909, 3241) 1219
(2743, 3241) 702
(2743, 3075) 60
(2950, 3116) 0
(2888, 3137) 823
(2846, 3137) 0
(2846, 3095) 188
(2888, 3095) 0
(2867, 3116) 1011
(2867, 3033) 0
(2950, 3033) 0
(2909, 3075) 1011
(2826, 3158) 2992
(2950, 2950) 0
(2888, 2971) 0
(2846, 2971) 0
(2846, 2929) 216
(2888, 2929) 325
(2867, 2950) 541
(2867, 2867) 0
(2950, 2867) 0
(2909, 2909) 541
(2743, 2909) 0
(2743, 2743) 929
(2909, 2743) 245
(2826, 2826) 1715
(3241, 2909) 616
(3075, 2909) 280
(3116, 2784) 595
(3033, 2784) 0
(3033, 2701) 346
(3116, 2701) 0
(3075, 2743) 941
(3283, 2784) 134
(3199, 2784) 140
(3199, 2701) 0
(3283, 2701) 0
(3241, 2743) 274
(3158, 2826) 2111
(2992, 2992) 6842
(3948, 3283) 0
(3864, 3283) 482
(3864, 3199) 135
(3948, 3199) 0
(3906, 3241) 617
(3740, 3241) 306
(3740, 3075) 25
(3906, 3075) 0
(3823, 3158) 948
(3615, 3283) 368
(3532, 3283) 541
(3532, 3199) 0
(3615, 3199) 656
(3574, 3241) 1565
(3408, 3241) 999
(3449, 3116) 0
(3366, 3116) 684
(3366, 3033) 0
(3449, 3033) 590
(3408, 3075) 1274
(3615, 3116) 309
(3532, 3116) 187
(3532, 3033) 0
(3615, 3033) 0
(3574, 3075) 496
(3491, 3158) 4334
(3574, 2909) 0
(3408, 2909) 29
(3449, 2784) 0
(3366, 2784) 693
(3366, 2701) 953
(3449, 2701) 0
(3408, 2743) 1646
(3574, 2743) 0
(3491, 2826) 1675
(3969, 2971) 453
(3927, 2971) 0
(3927, 2929) 98
(3969, 2929) 660
(3948, 2950) 1211
(3864, 2950) 0
(3864, 2867) 0
(3948, 2867) 0
(3906, 2909) 1211
(3740, 2909) 0
(3781, 2784) 823
(3698, 2784) 0
(3698, 2701) 566
(3781, 2701) 0
(3740, 2743) 1389
(3948, 2784) 0
(3885, 2805) 0
(3843, 2805) 419
(3843, 2763) 0
(3885, 2763) 254
(3864, 2784) 673
(3864, 2701) 0
(3948, 2701) 0
(3906, 2743) 673
(3823, 2826) 3273
(3657, 2992) 10230
(3325, 3325) 29758
(5279, 3948) 271
(5216, 3969) 0
(5174, 3969) 823
(5174, 3927) 38
(5216, 3927) 0
(5195, 3948) 861
(5195, 3864) 320
(5279, 3864) 0
(5237, 3906) 1452
(5112, 3948) 985
(5029, 3948) 522
(5029, 3864) 810
(5112, 3864) 0
(5071, 3906) 2317
(5071, 3740) 0
(5237, 3740) 453
(5154, 3823) 4222
(4946, 3948) 0
(4883, 3969) 685
(4841, 3969) 0
(4841, 3927) 0
(4883, 3927) 701
(4862, 3948) 1386
(4862, 3864) 720
(4946, 3864) 417
(4904, 3906) 2523
(4738, 3906) 0
(4738, 3740) 372
(4946, 3781) 596
(4862, 3781) 448
(4862, 3698) 584
(4967, 3719) 90
(4925, 3719) 671
(4925, 3677) 0
(4967, 3677) 0
(4946, 3698) 761
(4904, 3740) 2389
(4821, 3823) 5284
(4904, 3574) 0
(4738, 3574) 499
(4779, 3449) 155
(4696, 3449) 0
(4696, 3366) 0
(4779, 3366) 381
(4738, 3408) 536
(4946, 3449) 0
(4862, 3449) 0
(4862, 3366) 0
(4967, 3387) 0
(4925, 3387) 237
(4925, 3345) 736
(4967, 3345) 0
(4946, 3366) 973
(4904, 3408) 973
(4821, 3491) 2008
(5154, 3491) 202
(4988, 3657) 11716
(4571, 3906) 517
(4446, 3948) 0
(4363, 3948) 0
(4363, 3864) 39
(4446, 3864) 728
(4405, 3906) 767
(4405, 3740) 0
(4571, 3740) 432
(4488, 3823) 1716
(4280, 3948) 823
(4197, 3948) 0
(4218, 3885) 890
(4176, 3885) 316
(4176, 3843) 0
(4218, 3843) 0
(4197, 3864) 1206
(4280, 3864) 183
(4239, 3906) 2212
(4073, 3906) 0
(4073, 3740) 0
(4239, 3740) 0
(4156, 3823) 2212
(4239, 3574) 25
(4114, 3615) 218
(4031, 3615) 649
(4031, 3532) 933
(4114, 3532) 964
(4073, 3574) 2764
(4073, 3408) 855
(4239, 3408) 0
(4156, 3491) 3644
(4571, 3574) 680
(4405, 3574) 0
(4405, 3408) 50
(4571, 3408) 0
(4488, 3491) 730
(4322, 3657) 8302
(4571, 3241) 747
(4405, 3241) 0
(4405, 3075) 726
(4571, 3075) 799
(4488, 3158) 2272
(4239, 3241) 769
(4073, 3241) 0
(4073, 3075) 0
(4280, 3116) 0
(4197, 3116) 0
(4197, 3033) 0
(4301, 3054) 0
(4259, 3054) 222
(4259, 3012) 893
(4301, 3012) 0
(4280, 3033) 1115
(4239, 3075) 1115
(4156, 3158) 1884
(4239, 2909) 75
(4073, 2909) 0
(4114, 2784) 0
(4031, 2784) 410
(4031, 2701) 600
(4114, 2701) 255
(4073, 2743) 1265
(4239, 2743) 0
(4156, 2826) 1340
(4571, 2909) 0
(4446, 2950) 468
(4363, 2950) 0
(4363, 2867) 719
(4446, 2867) 0
(4405, 2909) 1187
(4405, 2743) 0
(4571, 2743) 37
(4488, 2826) 1224
(4322, 2992) 6720
(5237, 3241) 0
(5112, 3283) 783
(5029, 3283) 122
(5029, 3199) 0
(5112, 3199) 0
(5071, 3241) 905
(5071, 3075) 769
(5237, 3075) 0
(5154, 3158) 1674
(4821, 3158) 0
(4904, 2909) 405
(4800, 2971) 0
(4758, 2971) 529
(4758, 2929) 958
(4800, 2929) 0
(4779, 2950) 1487
(4696, 2950) 0
(4696, 2867) 0
(4779, 2867) 0
(4738, 2909) 1487
(4738, 2743) 0
(4946, 2784) 0
(4883, 2805) 0
(4841, 2805) 215
(4841, 2763) 0
(4883, 2763) 496
(4862, 2784) 711
(4862, 2701) 0
(4946, 2701) 223
(4904, 2743) 934
(4821, 2826) 2826
(5279, 2950) 0
(5226, 2981) 0
(5205, 2981) 0
(5210, 2965) 0
(5200, 2965) 0
(5203, 2958) 0
(5201, 2959) 468
(5200, 2959) 0
(5200, 2957) 0
(5201, 2957) 259
(5201, 2958) 727
(5201, 2956) 0
(5203, 2956) 0
(5202, 2957) 727
(5197, 2957) 0
(5197, 2952) 0
(5202, 2952) 0
(5200, 2955) 727
(5210, 2955) 0
(5205, 2960) 727
(5226, 2960) 0
(5216, 2971) 727
(5174, 2971) 0
(5174, 2929) 0
(5216, 2929) 0
(5195, 2950) 727
(5195, 2867) 0
(5300, 2888) 342
(5258, 2888) 0
(5258, 2846) 279
(5300, 2846) 0
(5279, 2867) 621
(5237, 2909) 1348
(5071, 2909) 66
(5112, 2784) 0
(5029, 2784) 0
(5050, 2722) 0
(5018, 2732) 0
(4998, 2732) 0
(5003, 2716) 119
(4993, 2716) 0
(4993, 2706) 112
(5003, 2706) 0
(4998, 2711) 231
(5018, 2711) 0
(5008, 2722) 231
(5008, 2680) 0
(5050, 2680) 0
(5029, 2701) 231
(5112, 2701) 204
(5071, 2743) 435
(5279, 2784) 970
(5195, 2784) 355
(5195, 2701) 0
(5279, 2701) 647
(5237, 2743) 1972
(5154, 2826) 3821
(4988, 2992) 8321
(4655, 3325) 35059
(3990, 3990) 139960
(2576, 5237) 196
(2410, 5237) 0
(2410, 5071) 475
(2618, 5112) 0
(2534, 5112) 0
(2534, 5029) 287
(2618, 5029) 555
(2576, 5071) 842
(2493, 5154) 1513
(2244, 5237) 590
(2078, 5237) 949
(2078, 5071) 557
(2285, 5112) 735
(2202, 5112) 0
(2202, 5029) 500
(2285, 5029) 0
(2244, 5071) 1235
(2161, 5154) 3331
(2244, 4904) 966
(2119, 4946) 266
(2036, 4946) 274
(2036, 4862) 0
(2119, 4862) 0
(2078, 4904) 540
(2119, 4779) 439
(2036, 4779) 0
(2036, 4696) 0
(2119, 4696) 592
(2078, 4738) 1031
(2244, 4738) 789
(2161, 4821) 3326
(2576, 4904) 0
(2410, 4904) 0
(2410, 4738) 15
(2576, 4738) 287
(2493, 4821) 302
(2327, 4988) 8472
(1953, 5279) 0
(1900, 5310) 0
(1879, 5310) 0
(1884, 5294) 307
(1874, 5294) 826
(1874, 5284) 0
(1884, 5284) 0
(1879, 5289) 1133
(1900, 5289) 0
(1890, 5300) 1133
(1848, 5300) 0
(1848, 5258) 0
(1890, 5258) 0
(1869, 5279) 1133
(1869, 5195) 457
(1953, 5195) 646
(1911, 5237) 2236
(1786, 5279) 0
(1703, 5279) 0
(1703, 5195) 0
(1807, 5216) 716
(1765, 5216) 272
(1765, 5174) 0
(1807, 5174) 0
(1786, 5195) 988
(1745, 5237) 988
(1745, 5071) 508
(1911, 5071) 0
(1828, 5154) 3732
(1579, 5237) 483
(1413, 5237) 659
(1454, 5112) 0
(1371, 5112) 0
(1371, 5029) 812
(1475, 5050) 0
(1433, 5050) 0
(1443, 5018) 691
(1423, 5018) 0
(1423, 4998) 0
(1443, 4998) 141
(1433, 5008) 832
(1475, 5008) 0
(1454, 5029) 832
(1413, 5071) 1644
(1579, 5071) 909
(1496, 5154) 3695
(1579, 4904) 782
(1413, 4904) 679
(1413, 4738) 403
(1579, 4738) 665
(1496, 4821) 2529
(1953, 4946) 106
(1869, 4946) 0
(1869, 4862) 19
(1953, 4862) 0
(1911, 4904) 125
(1745, 4904) 328
(1786, 4779) 195
(1703, 4779) 0
(1703, 4696) 642
(1786, 4696) 0
(1745, 4738) 837
(1911, 4738) 762
(1828, 4821) 2052
(1662, 4988) 12008
(1911, 4571) 27
(1745, 4571) 579
(1786, 4446) 591
(1703, 4446) 877
(1703, 4363) 0
(1786, 4363) 0
(1745, 4405) 1468
(1953, 4446) 811
(1869, 4446) 0
(1869, 4363) 0
(1953, 4363) 612
(1911, 4405) 1423
(1828, 4488) 3497
(1579, 4571) 227
(1413, 4571) 0
(1413, 4405) 940
(1620, 4446) 0
(1537, 4446) 783
(1537, 4363) 0
(1620, 4363) 424
(1579, 4405) 1207
(1496, 4488) 2374
(1496, 4156) 0
(1911, 4239) 0
(1745, 4239) 27
(1807, 4135) 0
(1765, 4135) 0
(1775, 4103) 0
(1755, 4103) 0
(1755, 4083) 642
(1775, 4083) 869
(1765, 4093) 1511
(1807, 4093) 0
(1786, 4114) 1511
(1703, 4114) 0
(1703, 4031) 602
(1786, 4031) 0
(1745, 4073) 2113
(1911, 4073) 555
(1828, 4156) 2695
(1662, 4322) 8566
(2618, 4613) 0
(2534, 4613) 646
(2534, 4529) 413
(2618, 4529) 0
(2576, 4571) 1059
(2451, 4613) 0
(2389, 4634) 916
(2347, 4634) 359
(2347, 4592) 0
(2389, 4592) 0
(2368, 4613) 1275
(2368, 4529) 646
(2451, 4529) 0
(2410, 4571) 1921
(2410, 4405) 269
(2576, 4405) 389
(2493, 4488) 3638
(2306, 4634) 0
(2264, 4634) 835
(2264, 4592) 550
(2306, 4592) 0
(2285, 4613) 1385
(2202, 4613) 0
(2202, 4529) 0
(2285, 4529) 0
(2244, 4571) 1385
(2119, 4613) 0
(2036, 4613) 711
(2036, 4529) 211
(2119, 4529) 0
(2078, 4571) 922
(2119, 4446) 0
(2036, 4446) 24
(2036, 4363) 246
(2119, 4363) 0
(2078, 4405) 270
(2285, 4446) 765
(2202, 4446) 0
(2223, 4384) 942
(2181, 4384) 0
(2181, 4342) 0
(2223, 4342) 698
(2202, 4363) 1640
(2285, 4363) 315
(2244, 4405) 2720
(2161, 4488) 5297
(2244, 4239) 0
(2119, 4280) 558
(2036, 4280) 281
(2036, 4197) 0
(2119, 4197) 0
(2078, 4239) 839
(2078, 4073) 0
(2244, 4073) 53
(2161, 4156) 892
(2618, 4280) 0
(2534, 4280) 657
(2534, 4197) 765
(2618, 4197) 0
(2576, 4239) 1422
(2451, 4280) 0
(2389, 4301) 677
(2347, 4301) 0
(2347, 4259) 0
(2389, 4259) 693
(2368, 4280) 1370
(2368, 4197) 0
(2451, 4197) 0
(2410, 4239) 1370
(2451, 4114) 150
(2368, 4114) 0
(2368, 4031) 0
(2451, 4031) 624
(2410, 4073) 774
(2618, 4114) 0
(2534, 4114) 364
(2534, 4031) 672
(2618, 4031) 0
(2576, 4073) 1036
(2493, 4156) 4602
(2327, 4322) 14429
(1995, 4655) 43475
(1246, 5237) 0
(1080, 5237) 151
(1080, 5071) 14
(1246, 5071) 0
(1163, 5154) 165
(955, 5279) 0
(872, 5279) 827
(872, 5195) 0
(955, 5195) 384
(914, 5237) 1211
(748, 5237) 819
(789, 5112) 0
(706, 5112) 0
(706, 5029) 951
(789, 5029) 536
(748, 5071) 1487
(914, 5071) 0
(831, 5154) 3517
(914, 4904) 0
(789, 4946) 547
(706, 4946) 955
(706, 4862) 0
(789, 4862) 0
(748, 4904) 1502
(748, 4738) 0
(914, 4738) 0
(831, 4821) 1502
(1246, 4904) 899
(1121, 4946) 0
(1038, 4946) 941
(1038, 4862) 0
(1121, 4862) 520
(1080, 4904) 1461
(1142, 4800) 0
(1100, 4800) 0
(1110, 4768) 0
(1090, 4768) 160
(1090, 4748) 545
(1110, 4748) 0
(1100, 4758) 705
(1142, 4758) 0
(1121, 4779) 705
(1038, 4779) 0
(1038, 4696) 791
(1121, 4696) 0
(1080, 4738) 1496
(1288, 4779) 280
(1204, 4779) 848
(1204, 4696) 0
(1288, 4696) 0
(1246, 4738) 1128
(1163, 4821) 4984
(997, 4988) 10168
(581, 5237) 0
(415, 5237) 0
(477, 5133) 0
(435, 5133) 335
(435, 5091) 0
(477, 5091) 182
(456, 5112) 517
(394, 5133) 467
(352, 5133) 587
(352, 5091) 503
(394, 5091) 0
(373, 5112) 1557
(373, 5029) 0
(456, 5029) 0
(415, 5071) 2074
(623, 5112) 499
(539, 5112) 807
(539, 5029) 852
(623, 5029) 0
(581, 5071) 2158
(498, 5154) 4232
(290, 5279) 394
(228, 5300) 391
(186, 5300) 195
(186, 5258) 0
(228, 5258) 0
(207, 5279) 586
(207, 5195) 453
(290, 5195) 920
(249, 5237) 2353
(83, 5237) 808
(83, 5071) 495
(290, 5112) 0
(228, 5133) 303
(186, 5133) 780
(186, 5091) 0
(228, 5091) 0
(207, 5112) 1083
(207, 5029) 0
(290, 5029) 0
(249, 5071) 1083
(166, 5154) 4739
(290, 4946) 0
(207, 4946) 0
(207, 4862) 0
(311, 4883) 672
(269, 4883) 125
(269, 4841) 0
(311, 4841) 0
(290, 4862) 797
(249, 4904) 797
(124, 4946) 0
(41, 4946) 0
(41, 4862) 0
(145, 4883) 0
(103, 4883) 0
(103, 4841) 441
(145, 4841) 629
(124, 4862) 1070
(83, 4904) 1070
(83, 4738) 0
(249, 4738) 565
(166, 4821) 2432
(581, 4904) 0
(456, 4946) 945
(373, 4946) 0
(394, 4883) 0
(352, 4883) 180
(352, 4841) 318
(394, 4841) 0
(373, 4862) 498
(456, 4862) 989
(415, 4904) 2432
(415, 4738) 316
(581, 4738) 266
(498, 4821) 3014
(332, 4988) 14417
(581, 4571) 0
(415, 4571) 246
(415, 4405) 117
(623, 4446) 749
(539, 4446) 0
(539, 4363) 0
(644, 4384) 0
(602, 4384) 866
(617, 4357) 0
(610, 4361) 936
(608, 4361) 0
(608, 4358) 257
(610, 4358) 0
(609, 4360) 1193
(604, 4360) 0
(604, 4354) 0
(609, 4354) 0
(607, 4357) 1193
(607, 4347) 0
(617, 4347) 0
(612, 4352) 1193
(591, 4352) 0
(591, 4332) 0
(612, 4332) 0
(602, 4342) 1193
(644, 4342) 0
(623, 4363) 2059
(581, 4405) 2808
(498, 4488) 3171
(249, 4571) 0
(83, 4571) 263
(83, 4405) 72
(249, 4405) 0
(166, 4488) 335
(249, 4239) 0
(124, 4280) 0
(41, 4280) 0
(62, 4218) 228
(20, 4218) 694
(20, 4176) 0
(62, 4176) 0
(41, 4197) 922
(124, 4197) 917
(83, 4239) 1839
(124, 4114) 0
(41, 4114) 550
(41, 4031) 0
(124, 4031) 445
(83, 4073) 995
(249, 4073) 110
(166, 4156) 2944
(581, 4239) 677
(415, 4239) 307
(415, 4073) 970
(623, 4114) 141
(539, 4114) 0
(539, 4031) 0
(623, 4031) 464
(581, 4073) 605
(498, 4156) 2559
(332, 4322) 9009
(1246, 4571) 266
(1080, 4571) 427
(1080, 4405) 0
(1246, 4405) 0
(1163, 4488) 693
(914, 4571) 0
(810, 4634) 0
(768, 4634) 0
(768, 4592) 957
(810, 4592) 237
(789, 4613) 1194
(706, 4613) 0
(706, 4529) 0
(789, 4529) 0
(748, 4571) 1194
(789, 4446) 691
(706, 4446) 0
(706, 4363) 630
(789, 4363) 0
(748, 4405) 1321
(914, 4405) 483
(831, 4488) 2998
(976, 4301) 850
(934, 4301) 0
(934, 4259) 49
(976, 4259) 0
(955, 4280) 899
(872, 4280) 0
(872, 4197) 0
(955, 4197) 0
(914, 4239) 899
(789, 4280) 0
(706, 4280) 0
(706, 4197) 464
(789, 4197) 798
(748, 4239) 1262
(748, 4073) 0
(914, 4073) 0
(831, 4156) 2161
(1288, 4280) 201
(1204, 4280) 0
(1204, 4197) 76
(1288, 4197) 54
(1246, 4239) 331
(1080, 4239) 0
(1080, 4073) 320
(1309, 4135) 0
(1267, 4135) 282
(1267, 4093) 0
(1309, 4093) 690
(1288, 4114) 972
(1204, 4114) 622
(1204, 4031) 0
(1288, 4031) 0
(1246, 4073) 1594
(1163, 4156) 2245
(997, 4322) 8097
(665, 4655) 41691
(1288, 3948) 0
(1204, 3948) 940
(1204, 3864) 890
(1288, 3864) 63
(1246, 3906) 1893
(1152, 3979) 974
(1131, 3979) 680
(1131, 3958) 0
(1152, 3958) 0
(1142, 3969) 1654
(1100, 3969) 0
(1100, 3927) 0
(1142, 3927) 0
(1121, 3948) 1654
(1038, 3948) 0
(1038, 3864) 0
(1121, 3864) 0
(1080, 3906) 1654
(1142, 3802) 671
(1100, 3802) 734
(1100, 3760) 0
(1142, 3760) 0
(1121, 3781) 1405
(1038, 3781) 0
(1038, 3698) 0
(1121, 3698) 0
(1080, 3740) 1405
(1246, 3740) 747
(1163, 3823) 5699
(914, 3906) 920
(789, 3948) 0
(706, 3948) 0
(706, 3864) 54
(789, 3864) 11
(748, 3906) 65
(748, 3740) 0
(914, 3740) 0
(831, 3823) 985
(955, 3615) 181
(872, 3615) 171
(872, 3532) 0
(955, 3532) 516
(914, 3574) 868
(748, 3574) 0
(748, 3408) 994
(914, 3408) 959
(831, 3491) 2821
(1246, 3574) 844
(1080, 3574) 0
(1080, 3408) 339
(1246, 3408) 0
(1163, 3491) 1183
(997, 3657) 10688
(581, 3906) 0
(456, 3948) 144
(373, 3948) 0
(373, 3864) 0
(456, 3864) 879
(415, 3906) 1023
(477, 3802) 0
(435, 3802) 0
(435, 3760) 265
(477, 3760) 640
(456, 3781) 905
(373, 3781) 0
(373, 3698) 0
(456, 3698) 0
(415, 3740) 905
(623, 3781) 0
(539, 3781) 517
(539, 3698) 912
(623, 3698) 0
(581, 3740) 1429
(498, 3823) 3357
(290, 3948) 711
(207, 3948) 957
(207, 3864) 941
(290, 3864) 203
(249, 3906) 2812
(124, 3948) 47
(41, 3948) 0
(41, 3864) 0
(124, 3864) 970
(83, 3906) 1017
(124, 3781) 369
(41, 3781) 0
(41, 3698) 0
(124, 3698) 463
(83, 3740) 832
(249, 3740) 0
(166, 3823) 4661
(166, 3491) 603
(623, 3615) 0
(539, 3615) 0
(560, 3553) 647
(518, 3553) 0
(518, 3511) 620
(560, 3511) 0
(539, 3532) 1267
(623, 3532) 0
(581, 3574) 1267
(415, 3574) 0
(415, 3408) 0
(581, 3408) 157
(498, 3491) 1424
(332, 3657) 10045
(498, 3158) 0
(290, 3283) 0
(207, 3283) 0
(207, 3199) 417
(290, 3199) 438
(249, 3241) 855
(83, 3241) 777
(124, 3116) 90
(41, 3116) 0
(41, 3033) 816
(124, 3033) 597
(83, 3075) 1503
(249, 3075) 590
(166, 3158) 3725
(290, 2950) 730
(228, 2971) 246
(186, 2971) 0
(186, 2929) 0
(228, 2929) 687
(207, 2950) 933
(207, 2867) 0
(290, 2867) 569
(249, 2909) 2232
(124, 2950) 0
(41, 2950) 937
(41, 2867) 450
(124, 2867) 664
(83, 2909) 2051
(83, 2743) 199
(311, 2805) 782
(269, 2805) 0
(269, 2763) 0
(311, 2763) 7
(290, 2784) 789
(207, 2784) 0
(207, 2701) 0
(290, 2701) 0
(249, 2743) 789
(166, 2826) 5271
(623, 2950) 64
(539, 2950) 0
(539, 2867) 117
(623, 2867) 0
(581, 2909) 181
(415, 2909) 0
(415, 2743) 0
(581, 2743) 100
(498, 2826) 281
(332, 2992) 9277
(1246, 3241) 0
(1121, 3283) 0
(1038, 3283) 256
(1038, 3199) 0
(1121, 3199) 218
(1080, 3241) 474
(1080, 3075) 595
(1288, 3116) 0
(1204, 3116) 96
(1225, 3054) 686
(1183, 3054) 652
(1183, 3012) 115
(1225, 3012) 0
(1204, 3033) 1453
(1288, 3033) 0
(1246, 3075) 1549
(1163, 3158) 2618
(955, 3283) 643
(893, 3304) 0
(851, 3304) 0
(861, 3272) 0
(841, 3272) 655
(841, 3251) 0
(861, 3251) 778
(851, 3262) 1433
(903, 3272) 0
(882, 3272) 0
(887, 3256) 831
(877, 3256) 24
(877, 3246) 0
(887, 3246) 0
(882, 3251) 855
(903, 3251) 0
(893, 3262) 855
(872, 3283) 2288
(872, 3199) 0
(955, 3199) 917
(914, 3241) 3848
(789, 3283) 0
(706, 3283) 135
(706, 3199) 731
(789, 3199) 0
(748, 3241) 866
(748, 3075) 790
(914, 3075) 691
(831, 3158) 6195
(955, 2950) 0
(872, 2950) 440
(872, 2867) 0
(955, 2867) 387
(914, 2909) 827
(748, 2909) 111
(748, 2743) 967
(914, 2743) 0
(831, 2826) 1905
(1246, 2909) 824
(1080, 2909) 576
(1080, 2743) 0
(1246, 2743) 883
(1163, 2826) 2283
(997, 2992) 13001
(665, 3325) 43011
(2493, 3823) 864
(2285, 3948) 0
(2202, 3948) 0
(2202, 3864) 166
(2285, 3864) 288
(2244, 3906) 454
(2078, 3906) 0
(2078, 3740) 0
(2244, 3740) 42
(2161, 3823) 496
(2244, 3574) 50
(2078, 3574) 0
(2078, 3408) 684
(2244, 3408) 525
(2161, 3491) 1259
(2493, 3491) 408
(2327, 3657) 3027
(1911, 3906) 682
(1745, 3906) 0
(1745, 3740) 550
(1911, 3740) 0
(1828, 3823) 1232
(1579, 3906) 0
(1413, 3906) 178
(1413, 3740) 0
(1579, 3740) 348
(1496, 3823) 526
(1579, 3574) 0
(1454, 3615) 0
(1371, 3615) 0
(1402, 3563) 677
(1381, 3563) 69
(1381, 3542) 0
(1402, 3542) 0
(1392, 3553) 746
(1350, 3553) 0
(1350, 3511) 0
(1392, 3511) 0
(1371, 3532) 746
(1454, 3532) 0
(1413, 3574) 746
(1454, 3449) 349
(1371, 3449) 963
(1371, 3366) 0
(1454, 3366) 0
(1413, 3408) 1312
(1620, 3449) 0
(1537, 3449) 183
(1537, 3366) 364
(1620, 3366) 0
(1579, 3408) 547
(1496, 3491) 2605
(1911, 3574) 358
(1786, 3615) 0
(1703, 3615) 299
(1703, 3532) 260
(1786, 3532) 0
(1745, 3574) 559
(1745, 3408) 0
(1911, 3408) 426
(1828, 3491) 1343
(1662, 3657) 5706
(1911, 3241) 139
(1745, 3241) 320
(1745, 3075) 686
(1953, 3116) 0
(1869, 3116) 445
(1869, 3033) 37
(1953, 3033) 657
(1911, 3075) 1139
(1828, 3158) 2284
(1579, 3241) 0
(1454, 3283) 629
(1371, 3283) 222
(1371, 3199) 0
(1454, 3199) 0
(1413, 3241) 851
(1475, 3137) 124
(1433, 3137) 0
(1443, 3105) 387
(1423, 3105) 0
(1423, 3085) 331
(1443, 3085) 0
(1433, 3095) 718
(1475, 3095) 0
(1454, 3116) 842
(1371, 3116) 0
(1371, 3033) 0
(1454, 3033) 0
(1413, 3075) 842
(1579, 3075) 0
(1496, 3158) 1693
(1620, 2950) 0
(1537, 2950) 354
(1537, 2867) 0
(1620, 2867) 853
(1579, 2909) 1207
(1413, 2909) 392
(1413, 2743) 571
(1579, 2743) 0
(1496, 2826) 2170
(1911, 2909) 812
(1745, 2909) 626
(1786, 2784) 0
(1703, 2784) 0
(1703, 2701) 783
(1786, 2701) 863
(1745, 2743) 1646
(1911, 2743) 651
(1828, 2826) 3735
(1662, 2992) 9882
(2639, 3304) 0
(2597, 3304) 0
(2597, 3262) 546
(2639, 3262) 400
(2618, 3283) 946
(2534, 3283) 510
(2534, 3199) 0
(2618, 3199) 0
(2576, 3241) 1456
(2410, 3241) 0
(2410, 3075) 276
(2576, 3075) 0
(2493, 3158) 1732
(2244, 3241) 850
(2119, 3283) 583
(2036, 3283) 0
(2036, 3199) 0
(2119, 3199) 614
(2078, 3241) 1197
(2078, 3075) 0
(2244, 3075) 0
(2161, 3158) 2047
(2285, 2950) 0
(2202, 2950) 392
(2202, 2867) 945
(2285, 2867) 0
(2244, 2909) 1337
(2078, 2909) 0
(2119, 2784) 0
(2036, 2784) 237
(2036, 2701) 988
(2119, 2701) 0
(2078, 2743) 1225
(2244, 2743) 0
(2161, 2826) 2562
(2576, 2909) 984
(2410, 2909) 160
(2410, 2743) 91
(2576, 2743) 0
(2493, 2826) 1235
(2327, 2992) 7576
(1995, 3325) 26191
(1330, 3990) 154368
(2618, 2618) 842
(2555, 2639) 762
(2513, 2639) 0
(2513, 2597) 0
(2555, 2597) 754
(2534, 2618) 1516
(2534, 2534) 0
(2618, 2534) 0
(2576, 2576) 2358
(2410, 2576) 0
(2410, 2410) 373
(2618, 2451) 656
(2534, 2451) 0
(2534, 2368) 0
(2618, 2368) 579
(2576, 2410) 1235
(2493, 2493) 3966
(2244, 2576) 0
(2119, 2618) 608
(2036, 2618) 0
(2036, 2534) 88
(2119, 2534) 105
(2078, 2576) 801
(2078, 2410) 0
(2244, 2410) 963
(2161, 2493) 1764
(2285, 2285) 0
(2202, 2285) 0
(2202, 2202) 69
(2285, 2202) 731
(2244, 2244) 800
(2078, 2244) 0
(2078, 2078) 0
(2244, 2078) 0
(2161, 2161) 800
(2576, 2244) 0
(2410, 2244) 26
(2410, 2078) 29
(2576, 2078) 0
(2493, 2161) 55
(2327, 2327) 6585
(1911, 2576) 442
(1745, 2576) 111
(1745, 2410) 0
(1911, 2410) 258
(1828, 2493) 811
(1579, 2576) 858
(1454, 2618) 38
(1371, 2618) 53
(1371, 2534) 0
(1454, 2534) 0
(1413, 2576) 91
(1413, 2410) 0
(1579, 2410) 394
(1496, 2493) 1343
(1579, 2244) 870
(1413, 2244) 0
(1413, 2078) 119
(1579, 2078) 918
(1496, 2161) 1907
(1911, 2244) 0
(1786, 2285) 0
(1703, 2285) 972
(1703, 2202) 767
(1786, 2202) 0
(1745, 2244) 1739
(1745, 2078) 0
(1974, 2140) 846
(1932, 2140) 0
(1932, 2098) 681
(1974, 2098) 0
(1953, 2119) 1527
(1869, 2119) 0
(1869, 2036) 0
(1953, 2036) 0
(1911, 2078) 1527
(1828, 2161) 3266
(1662, 2327) 7327
(1911, 1911) 855
(1786, 1953) 920
(1703, 1953) 0
(1703, 1869) 283
(1786, 1869) 0
(1745, 1911) 1203
(1745, 1745) 47
(1911, 1745) 0
(1828, 1828) 2105
(1579, 1911) 0
(1413, 1911) 184
(1413, 1745) 399
(1620, 1786) 624
(1537, 1786) 0
(1537, 1703) 297
(1620, 1703) 0
(1579, 1745) 921
(1496, 1828) 1504
(1496, 1496) 894
(1953, 1620) 0
(1869, 1620) 992
(1869, 1537) 0
(1974, 1558) 294
(1932, 1558) 0
(1932, 1516) 0
(1984, 1526) 0
(1963, 1526) 278
(1963, 1506) 0
(1984, 1506) 475
(1974, 1516) 753
(1953, 1537) 1047
(1911, 1579) 2039
(1786, 1620) 0
(1724, 1641) 655
(1682, 1641) 0
(1682, 1599) 559
(1724, 1599) 0
(1703, 1620) 1214
(1703, 1537) 0
(1786, 1537) 595
(1745, 1579) 1809
(1745, 1413) 0
(1953, 1454) 0
(1869, 1454) 158
(1869, 1371) 531
(1953, 1371) 0
(1911, 1413) 689
(1828, 1496) 4537
(1662, 1662) 9040
(2576, 1911) 420
(2451, 1953) 0
(2368, 1953) 0
(2389, 1890) 373
(2347, 1890) 0
(2347, 1848) 0
(2389, 1848) 760
(2368, 1869) 1133
(2451, 1869) 0
(2410, 1911) 1133
(2451, 1786) 588
(2368, 1786) 0
(2368, 1703) 753
(2451, 1703) 0
(2410, 1745) 1341
(2576, 1745) 0
(2493, 1828) 2894
(2244, 1911) 120
(2078, 1911) 0
(2078, 1745) 585
(2285, 1786) 219
(2202, 1786) 0
(2202, 1703) 0
(2285, 1703) 537
(2244, 1745) 756
(2161, 1828) 1461
(2244, 1579) 289
(2078, 1579) 197
(2119, 1454) 0
(2036, 1454) 123
(2036, 1371) 626
(2119, 1371) 0
(2078, 1413) 749
(2285, 1454) 0
(2202, 1454) 0
(2202, 1371) 781
(2285, 1371) 11
(2244, 1413) 792
(2161, 1496) 2027
(2618, 1620) 37
(2534, 1620) 0
(2534, 1537) 0
(2618, 1537) 953
(2576, 1579) 990
(2410, 1579) 692
(2410, 1413) 173
(2576, 1413) 450
(2493, 1496) 2305
(2327, 1662) 8687
(1995, 1995) 31639
(1246, 2576) 0
(1121, 2618) 761
(1038, 2618) 643
(1038, 2534) 0
(1121, 2534) 0
(1080, 2576) 1404
(1121, 2451) 0
(1038, 2451) 0
(1059, 2389) 0
(1017, 2389) 311
(1017, 2347) 186
(1059, 2347) 0
(1038, 2368) 497
(1121, 2368) 0
(1080, 2410) 497
(1246, 2410) 648
(1163, 2493) 2549
(914, 2576) 137
(748, 2576) 972
(748, 2410) 0
(914, 2410) 716
(831, 2493) 1825
(831, 2161) 231
(1246, 2244) 744
(1080, 2244) 287
(1080, 2078) 0
(1288, 2119) 274
(1204, 2119) 0
(1204, 2036) 487
(1288, 2036) 0
(1246, 2078) 761
(1163, 2161) 1792
(997, 2327) 6397
(581, 2576) 0
(456, 2618) 667
(373, 2618) 0
(373, 2534) 954
(456, 2534) 197
(415, 2576) 1818
(415, 2410) 37
(623, 2451) 0
(539, 2451) 0
(560, 2389) 0
(528, 2399) 769
(508, 2399) 581
(508, 2378) 0
(528, 2378) 0
(518, 2389) 1350
(518, 2347) 0
(560, 2347) 0
(539, 2368) 1350
(623, 2368) 702
(581, 2410) 2052
(498, 2493) 3907
(249, 2576) 760
(83, 2576) 482
(83, 2410) 747
(249, 2410) 192
(166, 2493) 2181
(249, 2244) 862
(83, 2244) 826
(124, 2119) 0
(41, 2119) 606
(41, 2036) 158
(124, 2036) 0
(83, 2078) 764
(290, 2119) 0
(207, 2119) 0
(207, 2036) 728
(290, 2036) 631
(249, 2078) 1359
(166, 2161) 3811
(581, 2244) 281
(415, 2244) 215
(456, 2119) 150
(394, 2140) 355
(352, 2140) 0
(352, 2098) 449
(394, 2098) 0
(373, 2119) 804
(373, 2036) 0
(456, 2036) 0
(415, 2078) 954
(623, 2119) 221
(539, 2119) 805
(539, 2036) 0
(623, 2036) 0
(581, 2078) 1026
(498, 2161) 2476
(332, 2327) 12375
(581, 1911) 0
(456, 1953) 0
(373, 1953) 907
(373, 1869) 0
(456, 1869) 101
(415, 1911) 1008
(415, 1745) 0
(581, 1745) 163
(498, 1828) 1171
(249, 1911) 0
(124, 1953) 0
(62, 1974) 0
(20, 1974) 0
(30, 1942) 0
(15, 1947) 0
(5, 1947) 939
(5, 1937) 93
(15, 1937) 0
(10, 1942) 1032
(10, 1921) 0
(30, 1921) 0
(20, 1932) 1032
(62, 1932) 0
(41, 1953) 1032
(41, 1869) 0
(124, 1869) 0
(83, 1911) 1032
(83, 1745) 839
(290, 1786) 0
(207, 1786) 799
(207, 1703) 734
(290, 1703) 0
(249, 1745) 1533
(166, 1828) 3404
(249, 1579) 180
(83, 1579) 0
(83, 1413) 920
(290, 1454) 0
(207, 1454) 778
(207, 1371) 0
(290, 1371) 59
(249, 1413) 837
(166, 1496) 1937
(623, 1620) 416
(539, 1620) 568
(539, 1537) 409
(623, 1537) 913
(581, 1579) 2306
(456, 1620) 152
(373, 1620) 415
(373, 1537) 0
(456, 1537) 0
(415, 1579) 567
(477, 1475) 0
(435, 1475) 0
(445, 1443) 882
(425, 1443) 0
(425, 1423) 232
(445, 1423) 0
(435, 1433) 1114
(477, 1433) 0
(456, 1454) 1114
(373, 1454) 0
(373, 1371) 177
(456, 1371) 0
(415, 1413) 1291
(623, 1454) 0
(560, 1475) 0
(518, 1475) 0
(518, 1433) 0
(570, 1443) 792
(549, 1443) 0
(549, 1423) 0
(570, 1423) 541
(560, 1433) 1333
(539, 1454) 1333
(539, 1371) 0
(623, 1371) 0
(581, 1413) 1333
(498, 1496) 5497
(332, 1662) 12009
(1309, 1974) 312
(1267, 1974) 0
(1267, 1932) 0
(1309, 1932) 293
(1288, 1953) 605
(1204, 1953) 0
(1204, 1869) 0
(1288, 1869) 0
(1246, 1911) 605
(1080, 1911) 0
(1080, 1745) 0
(1288, 1786) 810
(1204, 1786) 0
(1204, 1703) 662
(1288, 1703) 0
(1246, 1745) 1472
(1163, 1828) 2077
(914, 1911) 55
(748, 1911) 987
(748, 1745) 0
(914, 1745) 411
(831, 1828) 1453
(914, 1579) 0
(748, 1579) 347
(748, 1413) 611
(914, 1413) 0
(831, 1496) 958
(1246, 1579) 0
(1080, 1579) 222
(1121, 1454) 737
(1038, 1454) 0
(1038, 1371) 0
(1121, 1371) 91
(1080, 1413) 828
(1246, 1413) 786
(1163, 1496) 1836
(997, 1662) 6324
(665, 1995) 37105
(1246, 1246) 149
(1142, 1309) 827
(1100, 1309) 985
(1100, 1267) 0
(1142, 1267) 0
(1121, 1288) 1812
(1038, 1288) 0
(1059, 1225) 0
(1017, 1225) 790
(1017, 1183) 0
(1059, 1183) 7
(1038, 1204) 797
(1121, 1204) 0
(1080, 1246) 2609
(1080, 1080) 0
(1246, 1080) 0
(1163, 1163) 2758
(955, 1288) 185
(872, 1288) 0
(872, 1204) 437
(955, 1204) 0
(914, 1246) 622
(748, 1246) 80
(748, 1080) 300
(914, 1080) 0
(831, 1163) 1002
(914, 914) 642
(789, 955) 0
(706, 955) 673
(706, 872) 0
(789, 872) 152
(748, 914) 825
(748, 748) 0
(955, 789) 0
(872, 789) 0
(872, 706) 232
(976, 727) 0
(934, 727) 0
(934, 685) 350
(976, 685) 643
(955, 706) 993
(914, 748) 1225
(831, 831) 2692
(1246, 914) 0
(1080, 914) 0
(1080, 748) 221
(1246, 748) 106
(1163, 831) 327
(997, 997) 6779
(623, 1288) 0
(539, 1288) 0
(539, 1204) 430
(623, 1204) 787
(581, 1246) 1217
(415, 1246) 117
(456, 1121) 0
(373, 1121) 80
(373, 1038) 0
(477, 1059) 774
(435, 1059) 254
(435, 1017) 0
(477, 1017) 0
(456, 1038) 1028
(415, 1080) 1108
(623, 1121) 0
(539, 1121) 295
(539, 1038) 0
(623, 1038) 314
(581, 1080) 609
(498, 1163) 3051
(290, 1288) 0
(207, 1288) 0
(207, 1204) 0
(311, 1225) 309
(269, 1225) 750
(269, 1183) 0
(311, 1183) 0
(290, 1204) 1059
(249, 1246) 1059
(83, 1246) 879
(124, 1121) 0
(62, 1142) 0
(20, 1142) 447
(20, 1100) 0
(62, 1100) 36
(41, 1121) 483
(41, 1038) 0
(124, 1038) 0
(83, 1080) 483
(249, 1080) 0
(166, 1163) 2421
(249, 914) 632
(145, 976) 0
(113, 986) 0
(93, 986) 0
(93, 965) 573
(113, 965) 296
(103, 976) 869
(103, 934) 0
(145, 934) 0
(124, 955) 869
(41, 955) 0
(41, 872) 0
(124, 872) 0
(83, 914) 869
(83, 748) 956
(249, 748) 0
(166, 831) 2457
(623, 955) 475
(539, 955) 922
(539, 872) 0
(623, 872) 0
(581, 914) 1397
(415, 914) 862
(415, 748) 0
(581, 748) 0
(498, 831) 2259
(332, 997) 10188
(581, 581) 0
(456, 623) 629
(373, 623) 690
(373, 539) 0
(456, 539) 0
(415, 581) 1319
(415, 415) 0
(644, 477) 0
(602, 477) 973
(602, 435) 128
(644, 435) 0
(623, 456) 1101
(539, 456) 0
(539, 373) 964
(623, 373) 0
(581, 415) 2065
(498, 498) 3384
(290, 623) 354
(207, 623) 0
(207, 539) 0
(290, 539) 977
(249, 581) 1331
(83, 581) 0
(83, 415) 0
(249, 415) 0
(166, 498) 1331
(290, 290) 0
(228, 311) 0
(186, 311) 0
(186, 269) 324
(228, 269) 239
(207, 290) 563
(207, 207) 0
(290, 207) 0
(249, 249) 563
(124, 290) 624
(41, 290) 144
(41, 207) 81
(124, 207) 0
(83, 249) 849
(83, 83) 642
(249, 83) 0
(166, 166) 2054
(581, 249) 0
(415, 249) 99
(415, 83) 0
(644, 145) 0
(602, 145) 0
(602, 103) 73
(644, 103) 366
(623, 124) 439
(539, 124) 965
(539, 41) 676
(623, 41) 0
(581, 83) 2080
(498, 166) 2179
(332, 332) 8948
(1246, 581) 920
(1080, 581) 628
(1142, 477) 0
(1100, 477) 0
(1100, 435) 0
(1152, 445) 419
(1131, 445) 0
(1131, 425) 0
(1152, 425) 944
(1142, 435) 1363
(1121, 456) 1363
(1038, 456) 0
(1038, 373) 648
(1121, 373) 0
(1080, 415) 2011
(1246, 415) 348
(1163, 498) 3907
(955, 623) 0
(872, 623) 838
(872, 539) 0
(955, 539) 917
(914, 581) 1755
(789, 623) 0
(706, 623) 0
(727, 560) 0
(685, 560) 0
(685, 518) 0
(737, 528) 355
(716, 528) 0
(716, 508) 0
(737, 508) 301
(727, 518) 656
(706, 539) 656
(789, 539) 0
(748, 581) 656
(748, 415) 917
(914, 415) 0
(831, 498) 3328
(914, 249) 952
(748, 249) 896
(810, 145) 0
(768, 145) 0
(778, 113) 658
(758, 113) 0
(758, 93) 0
(778, 93) 289
(768, 103) 947
(810, 103) 0
(789, 124) 947
(706, 124) 0
(706, 41) 328
(789, 41) 502
(748, 83) 1777
(914, 83) 0
(831, 166) 3625
(1246, 249) 405
(1080, 249) 13
(1121, 124) 715
(1038, 124) 0
(1038, 41) 646
(1121, 41) 0
(1080, 83) 1361
(1246, 83) 44
(1163, 166) 1823
(997, 332) 12683
(665, 665) 38598
(2576, 1246) 917
(2410, 1246) 968
(2410, 1080) 880
(2576, 1080) 142
(2493, 1163) 2907
(2244, 1246) 0
(2078, 1246) 0
(2078, 1080) 742
(2244, 1080) 107
(2161, 1163) 849
(2244, 914) 204
(2078, 914) 282
(2078, 748) 0
(2285, 789) 102
(2202, 789) 0
(2202, 706) 0
(2285, 706) 22
(2244, 748) 124
(2161, 831) 610
(2576, 914) 366
(2410, 914) 341
(2410, 748) 202
(2618, 789) 883
(2534, 789) 914
(2534, 706) 0
(2618, 706) 0
(2576, 748) 1797
(2493, 831) 2706
(2327, 997) 7072
(1911, 1246) 0
(1745, 1246) 0
(1786, 1121) 669
(1703, 1121) 0
(1703, 1038) 0
(1807, 1059) 576
(1765, 1059) 0
(1765, 1017) 465
(1807, 1017) 0
(1786, 1038) 1041
(1745, 1080) 1710
(1953, 1121) 0
(1890, 1142) 0
(1848, 1142) 0
(1848, 1100) 932
(1890, 1100) 420
(1869, 1121) 1352
(1869, 1038) 0
(1953, 1038) 0
(1911, 1080) 1352
(1828, 1163) 3062
(1579, 1246) 0
(1454, 1288) 0
(1392, 1309) 53
(1350, 1309) 0
(1350, 1267) 779
(1392, 1267) 0
(1371, 1288) 832
(1371, 1204) 0
(1454, 1204) 145
(1413, 1246) 977
(1413, 1080) 711
(1579, 1080) 0
(1496, 1163) 1688
(1620, 955) 0
(1537, 955) 947
(1537, 872) 362
(1620, 872) 0
(1579, 914) 1309
(1413, 914) 518
(1413, 748) 0
(1579, 748) 921
(1496, 831) 2748
(1911, 914) 558
(1807, 976) 13
(1765, 976) 317
(1765, 934) 0
(1807, 934) 0
(1786, 955) 330
(1703, 955) 0
(1703, 872) 43
(1786, 872) 0
(1745, 914) 373
(1745, 748) 0
(1911, 748) 18
(1828, 831) 949
(1662, 997) 8447
(1911, 581) 915
(1745, 581) 0
(1745, 415) 0
(1911, 415) 766
(1828, 498) 1681
(1579, 581) 722
(1413, 581) 0
(1454, 456) 0
(1371, 456) 381
(1371, 373) 0
(1454, 373) 603
(1413, 415) 984
(1579, 415) 790
(1496, 498) 2496
(1496, 166) 344
(1911, 249) 358
(1745, 249) 598
(1745, 83) 439
(1911, 83) 0
(1828, 166) 1395
(1662, 332) 5916
(2576, 581) 947
(2410, 581) 942
(2410, 415) 94
(2576, 415) 0
(2493, 498) 1983
(2285, 623) 0
(2202, 623) 716
(2202, 539) 456
(2285, 539) 0
(2244, 581) 1172
(2078, 581) 0
(2119, 456) 0
(2036, 456) 0
(2057, 394) 0
(2015, 394) 0
(2015, 352) 0
(2067, 362) 708
(2046, 362) 314
(2046, 342) 0
(2067, 342) 0
(2057, 352) 1022
(2036, 373) 1022
(2119, 373) 0
(2078, 415) 1022
(2244, 415) 0
(2161, 498) 2194
(2244, 249) 319
(2078, 249) 0
(2078, 83) 0
(2285, 124) 93
(2202, 124) 950
(2202, 41) 933
(2285, 41) 0
(2244, 83) 1976
(2161, 166) 2295
(2576, 249) 7
(2410, 249) 0
(2410, 83) 538
(2576, 83) 0
(2493, 166) 545
(2327, 332) 7017
(1995, 665) 28452
(1330, 1330) 135794
(5237, 2576) 0
(5071, 2576) 559
(5071, 2410) 3
(5237, 2410) 0
(5154, 2493) 562
(4904, 2576) 0
(4738, 2576) 0
(4738, 2410) 691
(4904, 2410) 563
(4821, 2493) 1254
(4904, 2244) 269
(4800, 2306) 539
(4758, 2306) 232
(4758, 2264) 96
(4800, 2264) 0
(4779, 2285) 867
(4696, 2285) 0
(4696, 2202) 745
(4779, 2202) 430
(4738, 2244) 2042
(4738, 2078) 515
(4946, 2119) 400
(4862, 2119) 0
(4862, 2036) 0
(4946, 2036) 818
(4904, 2078) 1218
(4821, 2161) 4044
(5279, 2285) 160
(5216, 2306) 0
(5174, 2306) 0
(5184, 2274) 750
(5164, 2274) 0
(5164, 2254) 398
(5184, 2254) 0
(5174, 2264) 1148
(5216, 2264) 0
(5195, 2285) 1148
(5195, 2202) 778
(5279, 2202) 0
(5237, 2244) 2086
(5112, 2285) 0
(5029, 2285) 0
(5029, 2202) 0
(5133, 2223) 0
(5091, 2223) 0
(5091, 2181) 103
(5133, 2181) 791
(5112, 2202) 894
(5071, 2244) 894
(5071, 2078) 89
(5237, 2078) 0
(5154, 2161) 3069
(4988, 2327) 8929
(4613, 2618) 0
(4529, 2618) 0
(4529, 2534) 929
(4613, 2534) 237
(4571, 2576) 1166
(4405, 2576) 85
(4405, 2410) 0
(4634, 2472) 0
(4592, 2472) 370
(4592, 2430) 0
(4634, 2430) 1000
(4613, 2451) 1370
(4529, 2451) 0
(4529, 2368) 0
(4613, 2368) 0
(4571, 2410) 1370
(4488, 2493) 2621
(4239, 2576) 550
(4073, 2576) 830
(4073, 2410) 0
(4280, 2451) 0
(4197, 2451) 0
(4197, 2368) 0
(4301, 2389) 0
(4259, 2389) 606
(4259, 2347) 971
(4301, 2347) 0
(4280, 2368) 1577
(4239, 2410) 1577
(4156, 2493) 2957
(4239, 2244) 629
(4073, 2244) 313
(4073, 2078) 762
(4239, 2078) 0
(4156, 2161) 1704
(4634, 2306) 0
(4592, 2306) 593
(4592, 2264) 991
(4634, 2264) 0
(4613, 2285) 1584
(4529, 2285) 683
(4529, 2202) 0
(4613, 2202) 0
(4571, 2244) 2267
(4405, 2244) 0
(4405, 2078) 0
(4571, 2078) 0
(4488, 2161) 2267
(4322, 2327) 9549
(4613, 1953) 695
(4529, 1953) 177
(4529, 1869) 0
(4613, 1869) 0
(4571, 1911) 872
(4446, 1953) 962
(4363, 1953) 0
(4363, 1869) 970
(4446, 1869) 0
(4405, 1911) 1932
(4405, 1745) 272
(4613, 1786) 0
(4529, 1786) 998
(4529, 1703) 0
(4613, 1703) 603
(4571, 1745) 1601
(4488, 1828) 4677
(4239, 1911) 0
(4114, 1953) 72
(4031, 1953) 140
(4031, 1869) 0
(4114, 1869) 0
(4073, 1911) 212
(4135, 1807) 836
(4103, 1817) 793
(4083, 1817) 86
(4083, 1796) 0
(4103, 1796) 0
(4093, 1807) 879
(4093, 1765) 0
(4135, 1765) 0
(4114, 1786) 1715
(4031, 1786) 0
(4031, 1703) 0
(4114, 1703) 0
(4073, 1745) 1715
(4239, 1745) 481
(4156, 1828) 2408
(4239, 1579) 914
(4073, 1579) 967
(4073, 1413) 914
(4239, 1413) 0
(4156, 1496) 2795
(4571, 1579) 701
(4405, 1579) 679
(4405, 1413) 596
(4571, 1413) 855
(4488, 1496) 2831
(4322, 1662) 12711
(5237, 1911) 0
(5133, 1974) 0
(5091, 1974) 349
(5091, 1932) 146
(5133, 1932) 0
(5112, 1953) 495
(5029, 1953) 0
(5029, 1869) 0
(5112, 1869) 645
(5071, 1911) 1140
(5071, 1745) 870
(5237, 1745) 972
(5154, 1828) 2982
(4904, 1911) 0
(4779, 1953) 0
(4696, 1953) 0
(4696, 1869) 0
(4800, 1890) 0
(4758, 1890) 79
(4758, 1848) 670
(4800, 1848) 0
(4779, 1869) 749
(4738, 1911) 749
(4738, 1745) 0
(4946, 1786) 0
(4862, 1786) 188
(4862, 1703) 0
(4946, 1703) 604
(4904, 1745) 792
(4821, 1828) 1541
(4821, 1496) 182
(5237, 1579) 148
(5133, 1641) 654
(5091, 1641) 734
(5091, 1599) 0
(5133, 1599) 0
(5112, 1620) 1388
(5029, 1620) 0
(5029, 1537) 0
(5112, 1537) 0
(5071, 1579) 1388
(5071, 1413) 0
(5237, 1413) 691
(5154, 1496) 2227
(4988, 1662) 6932
(4655, 1995) 38121
(3948, 2618) 656
(3885, 2639) 0
(3853, 2649) 0
(3838, 2654) 923
(3828, 2654) 167
(3828, 2644) 0
(3838, 2644) 0
(3833, 2649) 1090
(3833, 2628) 0
(3853, 2628) 0
(3843, 2639) 1090
(3843, 2597) 0
(3885, 2597) 0
(3864, 2618) 1090
(3885, 2555) 0
(3843, 2555) 0
(3843, 2513) 980
(3885, 2513) 497
(3864, 2534) 1477
(3948, 2534) 0
(3906, 2576) 3223
(3781, 2618) 0
(3698, 2618) 490
(3698, 2534) 815
(3781, 2534) 0
(3740, 2576) 1305
(3781, 2451) 0
(3698, 2451) 417
(3698, 2368) 889
(3781, 2368) 489
(3740, 2410) 1795
(3906, 2410) 920
(3823, 2493) 7243
(3574, 2576) 468
(3408, 2576) 0
(3408, 2410) 0
(3615, 2451) 0
(3532, 2451) 0
(3532, 2368) 0
(3636, 2389) 0
(3594, 2389) 0
(3594, 2347) 94
(3636, 2347) 131
(3615, 2368) 225
(3574, 2410) 225
(3491, 2493) 693
(3574, 2244) 861
(3449, 2285) 0
(3366, 2285) 0
(3366, 2202) 77
(3449, 2202) 438
(3408, 2244) 515
(3408, 2078) 0
(3574, 2078) 241
(3491, 2161) 1617
(3948, 2285) 958
(3864, 2285) 0
(3864, 2202) 0
(3948, 2202) 175
(3906, 2244) 1133
(3740, 2244) 586
(3740, 2078) 0
(3948, 2119) 609
(3864, 2119) 0
(3864, 2036) 430
(3948, 2036) 0
(3906, 2078) 1039
(3823, 2161) 2758
(3657, 2327) 12311
(3241, 2576) 199
(3075, 2576) 805
(3075, 2410) 825
(3241, 2410) 825
(3158, 2493) 2654
(2909, 2576) 461
(2743, 2576) 246
(2743, 2410) 0
(2950, 2451) 286
(2867, 2451) 0
(2867, 2368) 0
(2950, 2368) 443
(2909, 2410) 729
(2826, 2493) 1436
(2909, 2244) 876
(2784, 2285) 0
(2701, 2285) 834
(2701, 2202) 79
(2784, 2202) 0
(2743, 2244) 913
(2743, 2078) 333
(2950, 2119) 565
(2867, 2119) 960
(2867, 2036) 0
(2950, 2036) 0
(2909, 2078) 1525
(2826, 2161) 3647
(3241, 2244) 221
(3075, 2244) 384
(3116, 2119) 0
(3033, 2119) 690
(3033, 2036) 410
(3116, 2036) 0
(3075, 2078) 1100
(3241, 2078) 0
(3158, 2161) 1705
(2992, 2327) 9442
(3241, 1911) 0
(3116, 1953) 104
(3033, 1953) 523
(3033, 1869) 89
(3116, 1869) 0
(3075, 1911) 716
(3075, 1745) 0
(3241, 1745) 113
(3158, 1828) 829
(2909, 1911) 247
(2743, 1911) 437
(2743, 1745) 0
(2950, 1786) 0
(2888, 1807) 179
(2846, 1807) 179
(2846, 1765) 0
(2888, 1765) 0
(2867, 1786) 358
(2867, 1703) 0
(2950, 1703) 0
(2909, 1745) 358
(2826, 1828) 1042
(2909, 1579) 0
(2743, 1579) 0
(2784, 1454) 980
(2701, 1454) 0
(2701, 1371) 0
(2784, 1371) 876
(2743, 1413) 1856
(2950, 1454) 709
(2867, 1454) 0
(2867, 1371) 958
(2950, 1371) 568
(2909, 1413) 2235
(2826, 1496) 4091
(3241, 1579) 0
(3075, 1579) 87
(3075, 1413) 848
(3241, 1413) 0
(3158, 1496) 935
(2992, 1662) 6897
(3906, 1911) 463
(3781, 1953) 675
(3698, 1953) 0
(3698, 1869) 948
(3781, 1869) 0
(3740, 1911) 1623
(3740, 1745) 0
(3948, 1786) 0
(3885, 1807) 217
(3843, 1807) 0
(3843, 1765) 0
(3885, 1765) 990
(3864, 1786) 1207
(3864, 1703) 0
(3948, 1703) 585
(3906, 1745) 1792
(3823, 1828) 3878
(3574, 1911) 600
(3449, 1953) 0
(3366, 1953) 400
(3366, 1869) 514
(3449, 1869) 0
(3408, 1911) 914
(3408, 1745) 0
(3574, 1745) 0
(3491, 1828) 1514
(3574, 1579) 0
(3449, 1620) 0
(3366, 1620) 400
(3387, 1558) 0
(3345, 1558) 0
(3345, 1516) 752
(3387, 1516) 583
(3366, 1537) 1335
(3449, 1537) 850
(3408, 1579) 2585
(3449, 1454) 412
(3366, 1454) 320
(3366, 1371) 23
(3449, 1371) 0
(3408, 1413) 755
(3615, 1454) 0
(3532, 1454) 0
(3532, 1371) 864
(3636, 1392) 552
(3594, 1392) 0
(3594, 1350) 612
(3636, 1350) 0
(3615, 1371) 1164
(3574, 1413) 2028
(3491, 1496) 5368
(3948, 1620) 384
(3864, 1620) 786
(3864, 1537) 0
(3948, 1537) 0
(3906, 1579) 1170
(3781, 1620) 0
(3719, 1641) 410
(3677, 1641) 0
(3677, 1599) 0
(3719, 1599) 61
(3698, 1620) 471
(3698, 1537) 0
(3781, 1537) 0
(3740, 1579) 471
(3781, 1454) 0
(3698, 1454) 0
(3698, 1371) 879
(3781, 1371) 19
(3740, 1413) 898
(3969, 1475) 658
(3927, 1475) 0
(3927, 1433) 0
(3969, 1433) 106
(3948, 1454) 764
(3864, 1454) 165
(3864, 1371) 412
(3948, 1371) 0
(3906, 1413) 1341
(3823, 1496) 3880
(3657, 1662) 14640
(3325, 1995) 43290
(3906, 1246) 607
(3740, 1246) 858
(3740, 1080) 0
(3906, 1080) 0
(3823, 1163) 1465
(3574, 1246) 197
(3408, 1246) 0
(3449, 1121) 370
(3366, 1121) 326
(3366, 1038) 0
(3449, 1038) 0
(3408, 1080) 696
(3574, 1080) 0
(3491, 1163) 893
(3491, 831) 850
(3906, 914) 0
(3740, 914) 731
(3740, 748) 27
(3906, 748) 978
(3823, 831) 1736
(3657, 997) 4944
(3241, 1246) 0
(3075, 1246) 58
(3116, 1121) 0
(3033, 1121) 0
(3033, 1038) 630
(3137, 1059) 0
(3095, 1059) 644
(3095, 1017) 358
(3137, 1017) 557
(3116, 1038) 1559
(3075, 1080) 2189
(3241, 1080) 0
(3158, 1163) 2247
(2826, 1163) 643
(2909, 914) 193
(2743, 914) 624
(2784, 789) 0
(2701, 789) 879
(2701, 706) 770
(2784, 706) 0
(2743, 748) 1649
(2909, 748) 0
(2826, 831) 2466
(3283, 955) 336
(3199, 955) 0
(3199, 872) 463
(3283, 872) 632
(3241, 914) 1431
(3116, 955) 0
(3033, 955) 0
(3054, 893) 0
(3012, 893) 0
(3012, 851) 0
(3064, 861) 0
(3043, 861) 0
(3048, 846) 0
(3038, 846) 215
(3038, 836) 33
(3048, 836) 0
(3043, 841) 248
(3064, 841) 0
(3054, 851) 248
(3033, 872) 248
(3116, 872) 0
(3075, 914) 248
(3075, 748) 0
(3241, 748) 393
(3158, 831) 2072
(2992, 997) 7428
(3283, 623) 234
(3199, 623) 249
(3220, 560) 548
(3178, 560) 606
(3178, 518) 0
(3220, 518) 0
(3199, 539) 1154
(3283, 539) 0
(3241, 581) 1637
(3075, 581) 0
(3075, 415) 448
(3283, 456) 731
(3199, 456) 0
(3199, 373) 361
(3283, 373) 131
(3241, 415) 1223
(3158, 498) 3308
(2909, 581) 395
(2743, 581) 0
(2784, 456) 0
(2701, 456) 303
(2701, 373) 0
(2784, 373) 241
(2743, 415) 544
(2950, 456) 0
(2867, 456) 146
(2888, 394) 0
(2846, 394) 0
(2846, 352) 357
(2888, 352) 352
(2867, 373) 709
(2981, 404) 836
(2960, 404) 0
(2960, 383) 0
(2981, 383) 972
(2971, 394) 1808
(2929, 394) 0
(2929, 352) 0
(2971, 352) 0
(2950, 373) 1808
(2909, 415) 2663
(2826, 498) 3602
(2909, 249) 593
(2743, 249) 895
(2784, 124) 0
(2701, 124) 386
(2701, 41) 969
(2784, 41) 0
(2743, 83) 1355
(2909, 83) 0
(2826, 166) 2843
(3158, 166) 364
(2992, 332) 10117
(3906, 581) 215
(3740, 581) 739
(3740, 415) 0
(3906, 415) 188
(3823, 498) 1142
(3574, 581) 186
(3408, 581) 150
(3449, 456) 0
(3366, 456) 693
(3366, 373) 0
(3449, 373) 991
(3408, 415) 1684
(3574, 415) 0
(3491, 498) 2020
(3574, 249) 0
(3408, 249) 432
(3408, 83) 479
(3574, 83) 0
(3491, 166) 911
(3948, 290) 0
(3864, 290) 211
(3864, 207) 604
(3948, 207) 0
(3906, 249) 815
(3740, 249) 404
(3740, 83) 0
(3906, 83) 0
(3823, 166) 1219
(3657, 332) 5292
(3325, 665) 27781
(5279, 1288) 664
(5195, 1288) 539
(5195, 1204) 0
(5279, 1204) 0
(5237, 1246) 1203
(5071, 1246) 0
(5133, 1142) 0
(5101, 1152) 787
(5081, 1152) 47
(5081, 1131) 0
(5101, 1131) 0
(5091, 1142) 834
(5091, 1100) 0
(5133, 1100) 0
(5112, 1121) 834
(5029, 1121) 0
(5029, 1038) 0
(5112, 1038) 247
(5071, 1080) 1081
(5279, 1121) 0
(5195, 1121) 0
(5216, 1059) 80
(5174, 1059) 0
(5174, 1017) 0
(5216, 1017) 428
(5195, 1038) 508
(5279, 1038) 0
(5237, 1080) 508
(5154, 1163) 2792
(4904, 1246) 0
(4779, 1288) 0
(4696, 1288) 389
(4696, 1204) 0
(4779, 1204) 297
(4738, 1246) 686
(4738, 1080) 655
(4904, 1080) 738
(4821, 1163) 2079
(4904, 914) 0
(4779, 955) 0
(4717, 976) 0
(4675, 976) 51
(4675, 934) 0
(4717, 934) 707
(4696, 955) 758
(4696, 872) 988
(4779, 872) 867
(4738, 914) 2613
(4738, 748) 0
(4904, 748) 0
(4821, 831) 2613
(5237, 914) 772
(5071, 914) 6
(5071, 748) 0
(5237, 748) 703
(5154, 831) 1481
(4988, 997) 8965
(4571, 1246) 720
(4405, 1246) 604
(4405, 1080) 859
(4571, 1080) 0
(4488, 1163) 2183
(4239, 1246) 446
(4073, 1246) 634
(4073, 1080) 0
(4280, 1121) 0
(4218, 1142) 0
(4176, 1142) 980
(4176, 1100) 0
(4218, 1100) 639
(4197, 1121) 1619
(4197, 1038) 0
(4280, 1038) 0
(4239, 1080) 1619
(4156, 1163) 2699
(4239, 914) 0
(4073, 914) 0
(4114, 789) 956
(4031, 789) 534
(4031, 706) 0
(4114, 706) 0
(4073, 748) 1490
(4239, 748) 0
(4156, 831) 1490
(4571, 914) 658
(4405, 914) 323
(4446, 789) 0
(4384, 810) 272
(4342, 810) 0
(4342, 768) 950
(4384, 768) 0
(4363, 789) 1222
(4363, 706) 0
(4446, 706) 0
(4405, 748) 1222
(4571, 748) 0
(4488, 831) 2203
(4322, 997) 8575
(4571, 581) 0
(4446, 623) 734
(4384, 644) 0
(4352, 654) 0
(4332, 654) 691
(4332, 633) 696
(4352, 633) 0
(4342, 644) 1387
(4342, 602) 0
(4384, 602) 0
(4363, 623) 1387
(4363, 539) 851
(4446, 539) 0
(4405, 581) 2972
(4405, 415) 0
(4571, 415) 0
(4488, 498) 2972
(4280, 623) 0
(4197, 623) 0
(4218, 560) 279
(4176, 560) 212
(4176, 518) 0
(4218, 518) 0
(4197, 539) 491
(4280, 539) 859
(4239, 581) 1350
(4073, 581) 865
(4073, 415) 15
(4239, 415) 309
(4156, 498) 2539
(4239, 249) 0
(4114, 290) 0
(4031, 290) 0
(4031, 207) 0
(4135, 228) 0
(4093, 228) 532
(4093, 186) 0
(4135, 186) 441
(4114, 207) 973
(4073, 249) 973
(4073, 83) 0
(4280, 124) 644
(4197, 124) 913
(4197, 41) 599
(4280, 41) 0
(4239, 83) 2156
(4156, 166) 3129
(4571, 249) 936
(4405, 249) 138
(4405, 83) 209
(4571, 83) 0
(4488, 166) 1283
(4322, 332) 9923
(5237, 581) 172
(5112, 623) 749
(5029, 623) 283
(5029, 539) 0
(5112, 539) 0
(5071, 581) 1032
(5071, 415) 0
(5237, 415) 0
(5154, 498) 1204
(4946, 623) 0
(4883, 644) 0
(4841, 644) 240
(4841, 602) 203
(4883, 602) 0
(4862, 623) 443
(4862, 539) 0
(4946, 539) 17
(4904, 581) 460
(4738, 581) 398
(4738, 415) 0
(4904, 415) 295
(4821, 498) 1153
(4904, 249) 0
(4738, 249) 296
(4738, 83) 684
(4946, 124) 0
(4862, 124) 0
(4862, 41) 0
(4967, 62) 0
(4925, 62) 397
(4925, 20) 198
(4967, 20) 0
(4946, 41) 595
(4904, 83) 595
(4821, 166) 1575
(5237, 249) 30
(5071, 249) 932
(5071, 83) 0
(5237, 83) 0
(5154, 166) 962
(4988, 332) 4894
(4655, 665) 32357
(3990, 1330) 141549
(2660, 2660) 571671
